#-----------------------------------------------------------
# xsim v2020.2 (64-bit)
# SW Build 3064766 on Wed Nov 18 09:12:47 MST 2020
# IP Build 3064653 on Wed Nov 18 14:17:31 MST 2020
# Start of session at: Fri May  9 01:01:29 2025
# Process ID: 1093075
# Current directory: /home/tomster12/files/EMBS/vitis_hls/assessment/solution1/sim/verilog
# Command line: xsim -mode tcl -source {xsim.dir/toplevel/xsim_script.tcl}
# Log file: /home/tomster12/files/EMBS/vitis_hls/assessment/solution1/sim/verilog/xsim.log
# Journal file: /home/tomster12/files/EMBS/vitis_hls/assessment/solution1/sim/verilog/xsim.jou
#-----------------------------------------------------------
source xsim.dir/toplevel/xsim_script.tcl
# xsim {toplevel} -autoloadwcfg -tclbatch {toplevel.tcl}
Vivado Simulator 2020.2
Time resolution is 1 ps
source toplevel.tcl
## run all
////////////////////////////////////////////////////////////////////////////////////
// Inter-Transaction Progress: Completed Transaction / Total Transaction
// Intra-Transaction Progress: Measured Latency / Latency Estimation * 100%
//
// RTL Simulation : "Inter-Transaction Progress" ["Intra-Transaction Progress"] @ "Simulation Time"
////////////////////////////////////////////////////////////////////////////////////
// RTL Simulation : 0 / 1 [n/a] @ "125000"
// RTL Simulation : 1 / 1 [n/a] @ "683535000"
////////////////////////////////////////////////////////////////////////////////////
$finish called at time : 683575 ns : File "/home/tomster12/files/EMBS/vitis_hls/assessment/solution1/sim/verilog/toplevel.autotb.v" Line 491
## quit
INFO: [Common 17-206] Exiting xsim at Fri May  9 01:01:39 2025...
