
*** Running vivado
    with args -log zybo_design_toplevel_0_1.vds -m64 -product Vivado -mode batch -messageDb vivado.pb -notrace -source zybo_design_toplevel_0_1.tcl


****** Vivado v2020.2 (64-bit)
  **** SW Build 3064766 on Wed Nov 18 09:12:47 MST 2020
  **** IP Build 3064653 on Wed Nov 18 14:17:31 MST 2020
    ** Copyright 1986-2020 Xilinx, Inc. All Rights Reserved.

source zybo_design_toplevel_0_1.tcl -notrace
INFO: [IP_Flow 19-234] Refreshing IP repositories
INFO: [IP_Flow 19-1700] Loaded user IP repository '/home/tomster12/files/EMBS/zybo-z7-hdmi/hardware/zybo_z7_hdmi_repo'.
INFO: [IP_Flow 19-1700] Loaded user IP repository '/home/tomster12/files/EMBS/vitis_hls/assessment'.
INFO: [IP_Flow 19-2313] Loaded Vivado IP repository '/opt/Xilinx/Vivado/2020.2/data/ip'.
Command: synth_design -top zybo_design_toplevel_0_1 -part xc7z010clg400-1 -mode out_of_context
Starting synth_design
Attempting to get a license for feature 'Synthesis' and/or device 'xc7z010'
INFO: [Common 17-349] Got license for feature 'Synthesis' and/or device 'xc7z010'
INFO: [Device 21-403] Loading part xc7z010clg400-1
INFO: [Synth 8-7079] Multithreading enabled for synth_design using a maximum of 4 processes.
INFO: [Synth 8-7078] Launching helper process for spawning children vivado processes
INFO: [Synth 8-7075] Helper process launched with PID 878278
---------------------------------------------------------------------------------
Starting RTL Elaboration : Time (s): cpu = 00:00:02 ; elapsed = 00:00:02 . Memory (MB): peak = 2295.109 ; gain = 0.000 ; free physical = 453 ; free virtual = 5340
---------------------------------------------------------------------------------
INFO: [Synth 8-6157] synthesizing module 'zybo_design_toplevel_0_1' [/home/tomster12/files/EMBS/vivado/vivado.gen/sources_1/bd/zybo_design/ip/zybo_design_toplevel_0_1/synth/zybo_design_toplevel_0_1.v:59]
INFO: [Synth 8-6157] synthesizing module 'toplevel' [/home/tomster12/files/EMBS/vivado/vivado.gen/sources_1/bd/zybo_design/ipshared/d374/hdl/verilog/toplevel.v:12]
	Parameter ap_ST_fsm_state1 bound to: 34'b0000000000000000000000000000000001 
	Parameter ap_ST_fsm_state2 bound to: 34'b0000000000000000000000000000000010 
	Parameter ap_ST_fsm_state3 bound to: 34'b0000000000000000000000000000000100 
	Parameter ap_ST_fsm_state4 bound to: 34'b0000000000000000000000000000001000 
	Parameter ap_ST_fsm_state5 bound to: 34'b0000000000000000000000000000010000 
	Parameter ap_ST_fsm_state6 bound to: 34'b0000000000000000000000000000100000 
	Parameter ap_ST_fsm_state7 bound to: 34'b0000000000000000000000000001000000 
	Parameter ap_ST_fsm_state8 bound to: 34'b0000000000000000000000000010000000 
	Parameter ap_ST_fsm_pp0_stage0 bound to: 34'b0000000000000000000000000100000000 
	Parameter ap_ST_fsm_state12 bound to: 34'b0000000000000000000000001000000000 
	Parameter ap_ST_fsm_state13 bound to: 34'b0000000000000000000000010000000000 
	Parameter ap_ST_fsm_state14 bound to: 34'b0000000000000000000000100000000000 
	Parameter ap_ST_fsm_pp1_stage0 bound to: 34'b0000000000000000000001000000000000 
	Parameter ap_ST_fsm_state17 bound to: 34'b0000000000000000000010000000000000 
	Parameter ap_ST_fsm_state18 bound to: 34'b0000000000000000000100000000000000 
	Parameter ap_ST_fsm_state19 bound to: 34'b0000000000000000001000000000000000 
	Parameter ap_ST_fsm_state20 bound to: 34'b0000000000000000010000000000000000 
	Parameter ap_ST_fsm_state21 bound to: 34'b0000000000000000100000000000000000 
	Parameter ap_ST_fsm_state22 bound to: 34'b0000000000000001000000000000000000 
	Parameter ap_ST_fsm_state23 bound to: 34'b0000000000000010000000000000000000 
	Parameter ap_ST_fsm_state24 bound to: 34'b0000000000000100000000000000000000 
	Parameter ap_ST_fsm_state25 bound to: 34'b0000000000001000000000000000000000 
	Parameter ap_ST_fsm_state26 bound to: 34'b0000000000010000000000000000000000 
	Parameter ap_ST_fsm_state27 bound to: 34'b0000000000100000000000000000000000 
	Parameter ap_ST_fsm_state28 bound to: 34'b0000000001000000000000000000000000 
	Parameter ap_ST_fsm_state29 bound to: 34'b0000000010000000000000000000000000 
	Parameter ap_ST_fsm_state30 bound to: 34'b0000000100000000000000000000000000 
	Parameter ap_ST_fsm_state31 bound to: 34'b0000001000000000000000000000000000 
	Parameter ap_ST_fsm_state32 bound to: 34'b0000010000000000000000000000000000 
	Parameter ap_ST_fsm_state33 bound to: 34'b0000100000000000000000000000000000 
	Parameter ap_ST_fsm_state34 bound to: 34'b0001000000000000000000000000000000 
	Parameter ap_ST_fsm_state35 bound to: 34'b0010000000000000000000000000000000 
	Parameter ap_ST_fsm_state36 bound to: 34'b0100000000000000000000000000000000 
	Parameter ap_ST_fsm_state37 bound to: 34'b1000000000000000000000000000000000 
	Parameter C_S_AXI_AXILITES_DATA_WIDTH bound to: 32 - type: integer 
	Parameter C_S_AXI_AXILITES_ADDR_WIDTH bound to: 5 - type: integer 
	Parameter C_S_AXI_DATA_WIDTH bound to: 32 - type: integer 
	Parameter C_S_AXI_CONTROL_DATA_WIDTH bound to: 32 - type: integer 
	Parameter C_S_AXI_CONTROL_ADDR_WIDTH bound to: 5 - type: integer 
	Parameter C_M_AXI_MAXI_ID_WIDTH bound to: 1 - type: integer 
	Parameter C_M_AXI_MAXI_ADDR_WIDTH bound to: 64 - type: integer 
	Parameter C_M_AXI_MAXI_DATA_WIDTH bound to: 32 - type: integer 
	Parameter C_M_AXI_MAXI_AWUSER_WIDTH bound to: 1 - type: integer 
	Parameter C_M_AXI_MAXI_ARUSER_WIDTH bound to: 1 - type: integer 
	Parameter C_M_AXI_MAXI_WUSER_WIDTH bound to: 1 - type: integer 
	Parameter C_M_AXI_MAXI_RUSER_WIDTH bound to: 1 - type: integer 
	Parameter C_M_AXI_MAXI_BUSER_WIDTH bound to: 1 - type: integer 
	Parameter C_M_AXI_MAXI_USER_VALUE bound to: 0 - type: integer 
	Parameter C_M_AXI_MAXI_PROT_VALUE bound to: 3'b000 
	Parameter C_M_AXI_MAXI_CACHE_VALUE bound to: 4'b0011 
	Parameter C_M_AXI_DATA_WIDTH bound to: 32 - type: integer 
	Parameter C_S_AXI_AXILITES_WSTRB_WIDTH bound to: 4 - type: integer 
	Parameter C_S_AXI_WSTRB_WIDTH bound to: 4 - type: integer 
	Parameter C_S_AXI_CONTROL_WSTRB_WIDTH bound to: 4 - type: integer 
	Parameter C_M_AXI_MAXI_WSTRB_WIDTH bound to: 4 - type: integer 
	Parameter C_M_AXI_WSTRB_WIDTH bound to: 4 - type: integer 
INFO: [Synth 8-6157] synthesizing module 'toplevel_local_ram' [/home/tomster12/files/EMBS/vivado/vivado.gen/sources_1/bd/zybo_design/ipshared/d374/hdl/verilog/toplevel_local_ram.v:51]
	Parameter DataWidth bound to: 32 - type: integer 
	Parameter AddressRange bound to: 7827 - type: integer 
	Parameter AddressWidth bound to: 13 - type: integer 
INFO: [Synth 8-6157] synthesizing module 'toplevel_local_ram_ram' [/home/tomster12/files/EMBS/vivado/vivado.gen/sources_1/bd/zybo_design/ipshared/d374/hdl/verilog/toplevel_local_ram.v:6]
	Parameter DWIDTH bound to: 32 - type: integer 
	Parameter AWIDTH bound to: 13 - type: integer 
	Parameter MEM_SIZE bound to: 7827 - type: integer 
INFO: [Synth 8-3876] $readmem data file './toplevel_local_ram_ram.dat' is read successfully [/home/tomster12/files/EMBS/vivado/vivado.gen/sources_1/bd/zybo_design/ipshared/d374/hdl/verilog/toplevel_local_ram.v:25]
INFO: [Synth 8-6155] done synthesizing module 'toplevel_local_ram_ram' (1#1) [/home/tomster12/files/EMBS/vivado/vivado.gen/sources_1/bd/zybo_design/ipshared/d374/hdl/verilog/toplevel_local_ram.v:6]
INFO: [Synth 8-6155] done synthesizing module 'toplevel_local_ram' (2#1) [/home/tomster12/files/EMBS/vivado/vivado.gen/sources_1/bd/zybo_design/ipshared/d374/hdl/verilog/toplevel_local_ram.v:51]
INFO: [Synth 8-6157] synthesizing module 'toplevel_AXILiteS_s_axi' [/home/tomster12/files/EMBS/vivado/vivado.gen/sources_1/bd/zybo_design/ipshared/d374/hdl/verilog/toplevel_AXILiteS_s_axi.v:6]
	Parameter C_S_AXI_ADDR_WIDTH bound to: 5 - type: integer 
	Parameter C_S_AXI_DATA_WIDTH bound to: 32 - type: integer 
	Parameter ADDR_AP_CTRL bound to: 5'b00000 
	Parameter ADDR_GIE bound to: 5'b00100 
	Parameter ADDR_IER bound to: 5'b01000 
	Parameter ADDR_ISR bound to: 5'b01100 
	Parameter ADDR_CODE_DATA_0 bound to: 5'b10000 
	Parameter ADDR_CODE_CTRL bound to: 5'b10100 
	Parameter WRIDLE bound to: 2'b00 
	Parameter WRDATA bound to: 2'b01 
	Parameter WRRESP bound to: 2'b10 
	Parameter WRRESET bound to: 2'b11 
	Parameter RDIDLE bound to: 2'b00 
	Parameter RDDATA bound to: 2'b01 
	Parameter RDRESET bound to: 2'b10 
	Parameter ADDR_BITS bound to: 5 - type: integer 
INFO: [Synth 8-155] case statement is not full and has no default [/home/tomster12/files/EMBS/vivado/vivado.gen/sources_1/bd/zybo_design/ipshared/d374/hdl/verilog/toplevel_AXILiteS_s_axi.v:196]
INFO: [Synth 8-6155] done synthesizing module 'toplevel_AXILiteS_s_axi' (3#1) [/home/tomster12/files/EMBS/vivado/vivado.gen/sources_1/bd/zybo_design/ipshared/d374/hdl/verilog/toplevel_AXILiteS_s_axi.v:6]
INFO: [Synth 8-6157] synthesizing module 'toplevel_control_s_axi' [/home/tomster12/files/EMBS/vivado/vivado.gen/sources_1/bd/zybo_design/ipshared/d374/hdl/verilog/toplevel_control_s_axi.v:6]
	Parameter C_S_AXI_ADDR_WIDTH bound to: 5 - type: integer 
	Parameter C_S_AXI_DATA_WIDTH bound to: 32 - type: integer 
	Parameter ADDR_RAM_DATA_0 bound to: 5'b10000 
	Parameter ADDR_RAM_DATA_1 bound to: 5'b10100 
	Parameter ADDR_RAM_CTRL bound to: 5'b11000 
	Parameter WRIDLE bound to: 2'b00 
	Parameter WRDATA bound to: 2'b01 
	Parameter WRRESP bound to: 2'b10 
	Parameter WRRESET bound to: 2'b11 
	Parameter RDIDLE bound to: 2'b00 
	Parameter RDDATA bound to: 2'b01 
	Parameter RDRESET bound to: 2'b10 
	Parameter ADDR_BITS bound to: 5 - type: integer 
INFO: [Synth 8-155] case statement is not full and has no default [/home/tomster12/files/EMBS/vivado/vivado.gen/sources_1/bd/zybo_design/ipshared/d374/hdl/verilog/toplevel_control_s_axi.v:164]
INFO: [Synth 8-6155] done synthesizing module 'toplevel_control_s_axi' (4#1) [/home/tomster12/files/EMBS/vivado/vivado.gen/sources_1/bd/zybo_design/ipshared/d374/hdl/verilog/toplevel_control_s_axi.v:6]
INFO: [Synth 8-6157] synthesizing module 'toplevel_MAXI_m_axi' [/home/tomster12/files/EMBS/vivado/vivado.gen/sources_1/bd/zybo_design/ipshared/d374/hdl/verilog/toplevel_MAXI_m_axi.v:8]
	Parameter CONSERVATIVE bound to: 0 - type: integer 
	Parameter NUM_READ_OUTSTANDING bound to: 16 - type: integer 
	Parameter NUM_WRITE_OUTSTANDING bound to: 16 - type: integer 
	Parameter MAX_READ_BURST_LENGTH bound to: 16 - type: integer 
	Parameter MAX_WRITE_BURST_LENGTH bound to: 16 - type: integer 
	Parameter C_M_AXI_ID_WIDTH bound to: 1 - type: integer 
	Parameter C_M_AXI_ADDR_WIDTH bound to: 64 - type: integer 
	Parameter C_TARGET_ADDR bound to: 0 - type: integer 
	Parameter C_M_AXI_DATA_WIDTH bound to: 32 - type: integer 
	Parameter C_M_AXI_AWUSER_WIDTH bound to: 1 - type: integer 
	Parameter C_M_AXI_ARUSER_WIDTH bound to: 1 - type: integer 
	Parameter C_M_AXI_WUSER_WIDTH bound to: 1 - type: integer 
	Parameter C_M_AXI_RUSER_WIDTH bound to: 1 - type: integer 
	Parameter C_M_AXI_BUSER_WIDTH bound to: 1 - type: integer 
	Parameter C_USER_VALUE bound to: 0 - type: integer 
	Parameter C_PROT_VALUE bound to: 3'b000 
	Parameter C_CACHE_VALUE bound to: 4'b0011 
	Parameter USER_DW bound to: 32 - type: integer 
	Parameter USER_AW bound to: 64 - type: integer 
	Parameter USER_MAXREQS bound to: 5 - type: integer 
INFO: [Synth 8-6157] synthesizing module 'toplevel_MAXI_m_axi_write' [/home/tomster12/files/EMBS/vivado/vivado.gen/sources_1/bd/zybo_design/ipshared/d374/hdl/verilog/toplevel_MAXI_m_axi.v:1729]
	Parameter NUM_WRITE_OUTSTANDING bound to: 16 - type: integer 
	Parameter MAX_WRITE_BURST_LENGTH bound to: 16 - type: integer 
	Parameter C_M_AXI_ID_WIDTH bound to: 1 - type: integer 
	Parameter C_M_AXI_ADDR_WIDTH bound to: 64 - type: integer 
	Parameter C_TARGET_ADDR bound to: 0 - type: integer 
	Parameter C_M_AXI_DATA_WIDTH bound to: 32 - type: integer 
	Parameter C_M_AXI_AWUSER_WIDTH bound to: 1 - type: integer 
	Parameter C_M_AXI_WUSER_WIDTH bound to: 1 - type: integer 
	Parameter C_M_AXI_BUSER_WIDTH bound to: 1 - type: integer 
	Parameter C_USER_VALUE bound to: 0 - type: integer 
	Parameter C_PROT_VALUE bound to: 3'b000 
	Parameter C_CACHE_VALUE bound to: 4'b0011 
	Parameter USER_DW bound to: 32 - type: integer 
	Parameter USER_AW bound to: 64 - type: integer 
	Parameter USER_MAXREQS bound to: 5 - type: integer 
	Parameter USER_DATA_WIDTH bound to: 32 - type: integer 
	Parameter USER_DATA_BYTES bound to: 4 - type: integer 
	Parameter USER_ADDR_ALIGN bound to: 2 - type: integer 
	Parameter BUS_DATA_WIDTH bound to: 32 - type: integer 
	Parameter BUS_DATA_BYTES bound to: 4 - type: integer 
	Parameter BUS_ADDR_ALIGN bound to: 2 - type: integer 
	Parameter NUM_WRITE_WIDTH bound to: 4 - type: integer 
	Parameter TARGET_ADDR bound to: 0 - type: integer 
	Parameter BOUNDARY_BEATS bound to: 10'b1111111111 
INFO: [Synth 8-6157] synthesizing module 'toplevel_MAXI_m_axi_fifo' [/home/tomster12/files/EMBS/vivado/vivado.gen/sources_1/bd/zybo_design/ipshared/d374/hdl/verilog/toplevel_MAXI_m_axi.v:418]
	Parameter DATA_BITS bound to: 8 - type: integer 
	Parameter DEPTH bound to: 5 - type: integer 
	Parameter DEPTH_BITS bound to: 3 - type: integer 
INFO: [Synth 8-6155] done synthesizing module 'toplevel_MAXI_m_axi_fifo' (5#1) [/home/tomster12/files/EMBS/vivado/vivado.gen/sources_1/bd/zybo_design/ipshared/d374/hdl/verilog/toplevel_MAXI_m_axi.v:418]
INFO: [Synth 8-6157] synthesizing module 'toplevel_MAXI_m_axi_reg_slice' [/home/tomster12/files/EMBS/vivado/vivado.gen/sources_1/bd/zybo_design/ipshared/d374/hdl/verilog/toplevel_MAXI_m_axi.v:314]
	Parameter N bound to: 96 - type: integer 
	Parameter ZERO bound to: 2'b10 
	Parameter ONE bound to: 2'b11 
	Parameter TWO bound to: 2'b01 
INFO: [Synth 8-6155] done synthesizing module 'toplevel_MAXI_m_axi_reg_slice' (6#1) [/home/tomster12/files/EMBS/vivado/vivado.gen/sources_1/bd/zybo_design/ipshared/d374/hdl/verilog/toplevel_MAXI_m_axi.v:314]
INFO: [Synth 8-6157] synthesizing module 'toplevel_MAXI_m_axi_fifo__parameterized0' [/home/tomster12/files/EMBS/vivado/vivado.gen/sources_1/bd/zybo_design/ipshared/d374/hdl/verilog/toplevel_MAXI_m_axi.v:418]
	Parameter DATA_BITS bound to: 96 - type: integer 
	Parameter DEPTH bound to: 5 - type: integer 
	Parameter DEPTH_BITS bound to: 3 - type: integer 
INFO: [Synth 8-6155] done synthesizing module 'toplevel_MAXI_m_axi_fifo__parameterized0' (6#1) [/home/tomster12/files/EMBS/vivado/vivado.gen/sources_1/bd/zybo_design/ipshared/d374/hdl/verilog/toplevel_MAXI_m_axi.v:418]
INFO: [Synth 8-6157] synthesizing module 'toplevel_MAXI_m_axi_buffer' [/home/tomster12/files/EMBS/vivado/vivado.gen/sources_1/bd/zybo_design/ipshared/d374/hdl/verilog/toplevel_MAXI_m_axi.v:529]
	Parameter MEM_STYLE bound to: block - type: string 
	Parameter DATA_WIDTH bound to: 36 - type: integer 
	Parameter ADDR_WIDTH bound to: 8 - type: integer 
	Parameter DEPTH bound to: 256 - type: integer 
WARNING: [Synth 8-589] replacing case/wildcard equality operator === with logical equality operator == [/home/tomster12/files/EMBS/vivado/vivado.gen/sources_1/bd/zybo_design/ipshared/d374/hdl/verilog/toplevel_MAXI_m_axi.v:582]
INFO: [Synth 8-6155] done synthesizing module 'toplevel_MAXI_m_axi_buffer' (7#1) [/home/tomster12/files/EMBS/vivado/vivado.gen/sources_1/bd/zybo_design/ipshared/d374/hdl/verilog/toplevel_MAXI_m_axi.v:529]
INFO: [Synth 8-6157] synthesizing module 'toplevel_MAXI_m_axi_fifo__parameterized1' [/home/tomster12/files/EMBS/vivado/vivado.gen/sources_1/bd/zybo_design/ipshared/d374/hdl/verilog/toplevel_MAXI_m_axi.v:418]
	Parameter DATA_BITS bound to: 2 - type: integer 
	Parameter DEPTH bound to: 15 - type: integer 
	Parameter DEPTH_BITS bound to: 4 - type: integer 
INFO: [Synth 8-6155] done synthesizing module 'toplevel_MAXI_m_axi_fifo__parameterized1' (7#1) [/home/tomster12/files/EMBS/vivado/vivado.gen/sources_1/bd/zybo_design/ipshared/d374/hdl/verilog/toplevel_MAXI_m_axi.v:418]
INFO: [Synth 8-6157] synthesizing module 'toplevel_MAXI_m_axi_fifo__parameterized2' [/home/tomster12/files/EMBS/vivado/vivado.gen/sources_1/bd/zybo_design/ipshared/d374/hdl/verilog/toplevel_MAXI_m_axi.v:418]
	Parameter DATA_BITS bound to: 2 - type: integer 
	Parameter DEPTH bound to: 5 - type: integer 
	Parameter DEPTH_BITS bound to: 3 - type: integer 
INFO: [Synth 8-6155] done synthesizing module 'toplevel_MAXI_m_axi_fifo__parameterized2' (7#1) [/home/tomster12/files/EMBS/vivado/vivado.gen/sources_1/bd/zybo_design/ipshared/d374/hdl/verilog/toplevel_MAXI_m_axi.v:418]
INFO: [Synth 8-6155] done synthesizing module 'toplevel_MAXI_m_axi_write' (8#1) [/home/tomster12/files/EMBS/vivado/vivado.gen/sources_1/bd/zybo_design/ipshared/d374/hdl/verilog/toplevel_MAXI_m_axi.v:1729]
INFO: [Synth 8-6157] synthesizing module 'toplevel_MAXI_m_axi_read' [/home/tomster12/files/EMBS/vivado/vivado.gen/sources_1/bd/zybo_design/ipshared/d374/hdl/verilog/toplevel_MAXI_m_axi.v:932]
	Parameter NUM_READ_OUTSTANDING bound to: 16 - type: integer 
	Parameter MAX_READ_BURST_LENGTH bound to: 16 - type: integer 
	Parameter C_M_AXI_ID_WIDTH bound to: 1 - type: integer 
	Parameter C_M_AXI_ADDR_WIDTH bound to: 64 - type: integer 
	Parameter C_TARGET_ADDR bound to: 0 - type: integer 
	Parameter C_M_AXI_DATA_WIDTH bound to: 32 - type: integer 
	Parameter C_M_AXI_ARUSER_WIDTH bound to: 1 - type: integer 
	Parameter C_M_AXI_RUSER_WIDTH bound to: 1 - type: integer 
	Parameter C_USER_VALUE bound to: 0 - type: integer 
	Parameter C_PROT_VALUE bound to: 3'b000 
	Parameter C_CACHE_VALUE bound to: 4'b0011 
	Parameter USER_DW bound to: 32 - type: integer 
	Parameter USER_AW bound to: 64 - type: integer 
	Parameter USER_MAXREQS bound to: 5 - type: integer 
	Parameter USER_DATA_WIDTH bound to: 32 - type: integer 
	Parameter USER_DATA_BYTES bound to: 4 - type: integer 
	Parameter USER_ADDR_ALIGN bound to: 2 - type: integer 
	Parameter BUS_DATA_WIDTH bound to: 32 - type: integer 
	Parameter BUS_DATA_BYTES bound to: 4 - type: integer 
	Parameter BUS_ADDR_ALIGN bound to: 2 - type: integer 
	Parameter NUM_READ_WIDTH bound to: 4 - type: integer 
	Parameter TARGET_ADDR bound to: 0 - type: integer 
	Parameter BOUNDARY_BEATS bound to: 10'b1111111111 
INFO: [Synth 8-6157] synthesizing module 'toplevel_MAXI_m_axi_buffer__parameterized0' [/home/tomster12/files/EMBS/vivado/vivado.gen/sources_1/bd/zybo_design/ipshared/d374/hdl/verilog/toplevel_MAXI_m_axi.v:529]
	Parameter MEM_STYLE bound to: block - type: string 
	Parameter DATA_WIDTH bound to: 35 - type: integer 
	Parameter ADDR_WIDTH bound to: 8 - type: integer 
	Parameter DEPTH bound to: 256 - type: integer 
WARNING: [Synth 8-589] replacing case/wildcard equality operator === with logical equality operator == [/home/tomster12/files/EMBS/vivado/vivado.gen/sources_1/bd/zybo_design/ipshared/d374/hdl/verilog/toplevel_MAXI_m_axi.v:582]
INFO: [Synth 8-6155] done synthesizing module 'toplevel_MAXI_m_axi_buffer__parameterized0' (8#1) [/home/tomster12/files/EMBS/vivado/vivado.gen/sources_1/bd/zybo_design/ipshared/d374/hdl/verilog/toplevel_MAXI_m_axi.v:529]
INFO: [Synth 8-6157] synthesizing module 'toplevel_MAXI_m_axi_reg_slice__parameterized0' [/home/tomster12/files/EMBS/vivado/vivado.gen/sources_1/bd/zybo_design/ipshared/d374/hdl/verilog/toplevel_MAXI_m_axi.v:314]
	Parameter N bound to: 34 - type: integer 
	Parameter ZERO bound to: 2'b10 
	Parameter ONE bound to: 2'b11 
	Parameter TWO bound to: 2'b01 
INFO: [Synth 8-6155] done synthesizing module 'toplevel_MAXI_m_axi_reg_slice__parameterized0' (8#1) [/home/tomster12/files/EMBS/vivado/vivado.gen/sources_1/bd/zybo_design/ipshared/d374/hdl/verilog/toplevel_MAXI_m_axi.v:314]
INFO: [Synth 8-6155] done synthesizing module 'toplevel_MAXI_m_axi_read' (9#1) [/home/tomster12/files/EMBS/vivado/vivado.gen/sources_1/bd/zybo_design/ipshared/d374/hdl/verilog/toplevel_MAXI_m_axi.v:932]
INFO: [Synth 8-6157] synthesizing module 'toplevel_MAXI_m_axi_throttle' [/home/tomster12/files/EMBS/vivado/vivado.gen/sources_1/bd/zybo_design/ipshared/d374/hdl/verilog/toplevel_MAXI_m_axi.v:710]
	Parameter USED_FIX bound to: 0 - type: integer 
	Parameter FIX_VALUE bound to: 4 - type: integer 
	Parameter ADDR_WIDTH bound to: 64 - type: integer 
	Parameter DATA_WIDTH bound to: 32 - type: integer 
	Parameter DEPTH bound to: 16 - type: integer 
	Parameter USER_MAXREQS bound to: 16 - type: integer 
	Parameter CONSERVATIVE bound to: 0 - type: integer 
	Parameter AVERAGE_MODE bound to: 0 - type: integer 
INFO: [Synth 8-6155] done synthesizing module 'toplevel_MAXI_m_axi_throttle' (10#1) [/home/tomster12/files/EMBS/vivado/vivado.gen/sources_1/bd/zybo_design/ipshared/d374/hdl/verilog/toplevel_MAXI_m_axi.v:710]
INFO: [Synth 8-6155] done synthesizing module 'toplevel_MAXI_m_axi' (11#1) [/home/tomster12/files/EMBS/vivado/vivado.gen/sources_1/bd/zybo_design/ipshared/d374/hdl/verilog/toplevel_MAXI_m_axi.v:8]
INFO: [Synth 8-6157] synthesizing module 'toplevel_waypoints_x' [/home/tomster12/files/EMBS/vivado/vivado.gen/sources_1/bd/zybo_design/ipshared/d374/hdl/verilog/toplevel_waypoints_x.v:48]
	Parameter DataWidth bound to: 16 - type: integer 
	Parameter AddressRange bound to: 12 - type: integer 
	Parameter AddressWidth bound to: 4 - type: integer 
INFO: [Synth 8-6157] synthesizing module 'toplevel_waypoints_x_ram' [/home/tomster12/files/EMBS/vivado/vivado.gen/sources_1/bd/zybo_design/ipshared/d374/hdl/verilog/toplevel_waypoints_x.v:6]
	Parameter DWIDTH bound to: 16 - type: integer 
	Parameter AWIDTH bound to: 4 - type: integer 
	Parameter MEM_SIZE bound to: 12 - type: integer 
INFO: [Synth 8-6155] done synthesizing module 'toplevel_waypoints_x_ram' (12#1) [/home/tomster12/files/EMBS/vivado/vivado.gen/sources_1/bd/zybo_design/ipshared/d374/hdl/verilog/toplevel_waypoints_x.v:6]
INFO: [Synth 8-6155] done synthesizing module 'toplevel_waypoints_x' (13#1) [/home/tomster12/files/EMBS/vivado/vivado.gen/sources_1/bd/zybo_design/ipshared/d374/hdl/verilog/toplevel_waypoints_x.v:48]
INFO: [Synth 8-6157] synthesizing module 'toplevel_a_star_len' [/home/tomster12/files/EMBS/vivado/vivado.gen/sources_1/bd/zybo_design/ipshared/d374/hdl/verilog/toplevel_a_star_len.v:10]
	Parameter ap_ST_fsm_state1 bound to: 40'b0000000000000000000000000000000000000001 
	Parameter ap_ST_fsm_state2 bound to: 40'b0000000000000000000000000000000000000010 
	Parameter ap_ST_fsm_state3 bound to: 40'b0000000000000000000000000000000000000100 
	Parameter ap_ST_fsm_state4 bound to: 40'b0000000000000000000000000000000000001000 
	Parameter ap_ST_fsm_state5 bound to: 40'b0000000000000000000000000000000000010000 
	Parameter ap_ST_fsm_state6 bound to: 40'b0000000000000000000000000000000000100000 
	Parameter ap_ST_fsm_state7 bound to: 40'b0000000000000000000000000000000001000000 
	Parameter ap_ST_fsm_state8 bound to: 40'b0000000000000000000000000000000010000000 
	Parameter ap_ST_fsm_state9 bound to: 40'b0000000000000000000000000000000100000000 
	Parameter ap_ST_fsm_state10 bound to: 40'b0000000000000000000000000000001000000000 
	Parameter ap_ST_fsm_state11 bound to: 40'b0000000000000000000000000000010000000000 
	Parameter ap_ST_fsm_state12 bound to: 40'b0000000000000000000000000000100000000000 
	Parameter ap_ST_fsm_state13 bound to: 40'b0000000000000000000000000001000000000000 
	Parameter ap_ST_fsm_state14 bound to: 40'b0000000000000000000000000010000000000000 
	Parameter ap_ST_fsm_state15 bound to: 40'b0000000000000000000000000100000000000000 
	Parameter ap_ST_fsm_state16 bound to: 40'b0000000000000000000000001000000000000000 
	Parameter ap_ST_fsm_state17 bound to: 40'b0000000000000000000000010000000000000000 
	Parameter ap_ST_fsm_state18 bound to: 40'b0000000000000000000000100000000000000000 
	Parameter ap_ST_fsm_state19 bound to: 40'b0000000000000000000001000000000000000000 
	Parameter ap_ST_fsm_state20 bound to: 40'b0000000000000000000010000000000000000000 
	Parameter ap_ST_fsm_state21 bound to: 40'b0000000000000000000100000000000000000000 
	Parameter ap_ST_fsm_state22 bound to: 40'b0000000000000000001000000000000000000000 
	Parameter ap_ST_fsm_state23 bound to: 40'b0000000000000000010000000000000000000000 
	Parameter ap_ST_fsm_state24 bound to: 40'b0000000000000000100000000000000000000000 
	Parameter ap_ST_fsm_state25 bound to: 40'b0000000000000001000000000000000000000000 
	Parameter ap_ST_fsm_state26 bound to: 40'b0000000000000010000000000000000000000000 
	Parameter ap_ST_fsm_state27 bound to: 40'b0000000000000100000000000000000000000000 
	Parameter ap_ST_fsm_state28 bound to: 40'b0000000000001000000000000000000000000000 
	Parameter ap_ST_fsm_state29 bound to: 40'b0000000000010000000000000000000000000000 
	Parameter ap_ST_fsm_state30 bound to: 40'b0000000000100000000000000000000000000000 
	Parameter ap_ST_fsm_pp3_stage0 bound to: 40'b0000000001000000000000000000000000000000 
	Parameter ap_ST_fsm_pp3_stage1 bound to: 40'b0000000010000000000000000000000000000000 
	Parameter ap_ST_fsm_pp3_stage2 bound to: 40'b0000000100000000000000000000000000000000 
	Parameter ap_ST_fsm_pp3_stage3 bound to: 40'b0000001000000000000000000000000000000000 
	Parameter ap_ST_fsm_state36 bound to: 40'b0000010000000000000000000000000000000000 
	Parameter ap_ST_fsm_state37 bound to: 40'b0000100000000000000000000000000000000000 
	Parameter ap_ST_fsm_state38 bound to: 40'b0001000000000000000000000000000000000000 
	Parameter ap_ST_fsm_state39 bound to: 40'b0010000000000000000000000000000000000000 
	Parameter ap_ST_fsm_state40 bound to: 40'b0100000000000000000000000000000000000000 
	Parameter ap_ST_fsm_state41 bound to: 40'b1000000000000000000000000000000000000000 
INFO: [Synth 8-6157] synthesizing module 'toplevel_a_star_len_closed_set' [/home/tomster12/files/EMBS/vivado/vivado.gen/sources_1/bd/zybo_design/ipshared/d374/hdl/verilog/toplevel_a_star_len_closed_set.v:40]
	Parameter DataWidth bound to: 32 - type: integer 
	Parameter AddressRange bound to: 7813 - type: integer 
	Parameter AddressWidth bound to: 13 - type: integer 
INFO: [Synth 8-6157] synthesizing module 'toplevel_a_star_len_closed_set_ram' [/home/tomster12/files/EMBS/vivado/vivado.gen/sources_1/bd/zybo_design/ipshared/d374/hdl/verilog/toplevel_a_star_len_closed_set.v:6]
	Parameter DWIDTH bound to: 32 - type: integer 
	Parameter AWIDTH bound to: 13 - type: integer 
	Parameter MEM_SIZE bound to: 7813 - type: integer 
INFO: [Synth 8-3876] $readmem data file './toplevel_a_star_len_closed_set_ram.dat' is read successfully [/home/tomster12/files/EMBS/vivado/vivado.gen/sources_1/bd/zybo_design/ipshared/d374/hdl/verilog/toplevel_a_star_len_closed_set.v:22]
INFO: [Synth 8-6155] done synthesizing module 'toplevel_a_star_len_closed_set_ram' (14#1) [/home/tomster12/files/EMBS/vivado/vivado.gen/sources_1/bd/zybo_design/ipshared/d374/hdl/verilog/toplevel_a_star_len_closed_set.v:6]
INFO: [Synth 8-6155] done synthesizing module 'toplevel_a_star_len_closed_set' (15#1) [/home/tomster12/files/EMBS/vivado/vivado.gen/sources_1/bd/zybo_design/ipshared/d374/hdl/verilog/toplevel_a_star_len_closed_set.v:40]
INFO: [Synth 8-6157] synthesizing module 'toplevel_a_star_len_open_set_heap_f_score' [/home/tomster12/files/EMBS/vivado/vivado.gen/sources_1/bd/zybo_design/ipshared/d374/hdl/verilog/toplevel_a_star_len_open_set_heap_f_score.v:55]
	Parameter DataWidth bound to: 16 - type: integer 
	Parameter AddressRange bound to: 8192 - type: integer 
	Parameter AddressWidth bound to: 13 - type: integer 
INFO: [Synth 8-6157] synthesizing module 'toplevel_a_star_len_open_set_heap_f_score_ram' [/home/tomster12/files/EMBS/vivado/vivado.gen/sources_1/bd/zybo_design/ipshared/d374/hdl/verilog/toplevel_a_star_len_open_set_heap_f_score.v:6]
	Parameter DWIDTH bound to: 16 - type: integer 
	Parameter AWIDTH bound to: 13 - type: integer 
	Parameter MEM_SIZE bound to: 8192 - type: integer 
INFO: [Synth 8-3876] $readmem data file './toplevel_a_star_len_open_set_heap_f_score_ram.dat' is read successfully [/home/tomster12/files/EMBS/vivado/vivado.gen/sources_1/bd/zybo_design/ipshared/d374/hdl/verilog/toplevel_a_star_len_open_set_heap_f_score.v:27]
INFO: [Synth 8-6155] done synthesizing module 'toplevel_a_star_len_open_set_heap_f_score_ram' (16#1) [/home/tomster12/files/EMBS/vivado/vivado.gen/sources_1/bd/zybo_design/ipshared/d374/hdl/verilog/toplevel_a_star_len_open_set_heap_f_score.v:6]
INFO: [Synth 8-6155] done synthesizing module 'toplevel_a_star_len_open_set_heap_f_score' (17#1) [/home/tomster12/files/EMBS/vivado/vivado.gen/sources_1/bd/zybo_design/ipshared/d374/hdl/verilog/toplevel_a_star_len_open_set_heap_f_score.v:55]
INFO: [Synth 8-6157] synthesizing module 'toplevel_mul_32s_32s_32_2_1' [/home/tomster12/files/EMBS/vivado/vivado.gen/sources_1/bd/zybo_design/ipshared/d374/hdl/verilog/toplevel_mul_32s_32s_32_2_1.v:25]
	Parameter ID bound to: 1 - type: integer 
	Parameter NUM_STAGE bound to: 2 - type: integer 
	Parameter din0_WIDTH bound to: 32 - type: integer 
	Parameter din1_WIDTH bound to: 32 - type: integer 
	Parameter dout_WIDTH bound to: 32 - type: integer 
INFO: [Synth 8-6157] synthesizing module 'toplevel_mul_32s_32s_32_2_1_Multiplier_0' [/home/tomster12/files/EMBS/vivado/vivado.gen/sources_1/bd/zybo_design/ipshared/d374/hdl/verilog/toplevel_mul_32s_32s_32_2_1.v:8]
INFO: [Synth 8-6155] done synthesizing module 'toplevel_mul_32s_32s_32_2_1_Multiplier_0' (18#1) [/home/tomster12/files/EMBS/vivado/vivado.gen/sources_1/bd/zybo_design/ipshared/d374/hdl/verilog/toplevel_mul_32s_32s_32_2_1.v:8]
INFO: [Synth 8-6155] done synthesizing module 'toplevel_mul_32s_32s_32_2_1' (19#1) [/home/tomster12/files/EMBS/vivado/vivado.gen/sources_1/bd/zybo_design/ipshared/d374/hdl/verilog/toplevel_mul_32s_32s_32_2_1.v:25]
INFO: [Synth 8-6157] synthesizing module 'toplevel_mux_42_32_1_1' [/home/tomster12/files/EMBS/vivado/vivado.gen/sources_1/bd/zybo_design/ipshared/d374/hdl/verilog/toplevel_mux_42_32_1_1.v:8]
	Parameter ID bound to: 1 - type: integer 
	Parameter NUM_STAGE bound to: 1 - type: integer 
	Parameter din0_WIDTH bound to: 32 - type: integer 
	Parameter din1_WIDTH bound to: 32 - type: integer 
	Parameter din2_WIDTH bound to: 32 - type: integer 
	Parameter din3_WIDTH bound to: 32 - type: integer 
	Parameter din4_WIDTH bound to: 2 - type: integer 
	Parameter dout_WIDTH bound to: 32 - type: integer 
INFO: [Synth 8-6155] done synthesizing module 'toplevel_mux_42_32_1_1' (20#1) [/home/tomster12/files/EMBS/vivado/vivado.gen/sources_1/bd/zybo_design/ipshared/d374/hdl/verilog/toplevel_mux_42_32_1_1.v:8]
INFO: [Synth 8-6157] synthesizing module 'toplevel_mac_muladd_18s_16ns_16ns_18_4_1' [/home/tomster12/files/EMBS/vivado/vivado.gen/sources_1/bd/zybo_design/ipshared/d374/hdl/verilog/toplevel_mac_muladd_18s_16ns_16ns_18_4_1.v:46]
	Parameter ID bound to: 1 - type: integer 
	Parameter NUM_STAGE bound to: 4 - type: integer 
	Parameter din0_WIDTH bound to: 18 - type: integer 
	Parameter din1_WIDTH bound to: 16 - type: integer 
	Parameter din2_WIDTH bound to: 16 - type: integer 
	Parameter dout_WIDTH bound to: 18 - type: integer 
INFO: [Synth 8-6157] synthesizing module 'toplevel_mac_muladd_18s_16ns_16ns_18_4_1_DSP48_0' [/home/tomster12/files/EMBS/vivado/vivado.gen/sources_1/bd/zybo_design/ipshared/d374/hdl/verilog/toplevel_mac_muladd_18s_16ns_16ns_18_4_1.v:7]
INFO: [Synth 8-6155] done synthesizing module 'toplevel_mac_muladd_18s_16ns_16ns_18_4_1_DSP48_0' (21#1) [/home/tomster12/files/EMBS/vivado/vivado.gen/sources_1/bd/zybo_design/ipshared/d374/hdl/verilog/toplevel_mac_muladd_18s_16ns_16ns_18_4_1.v:7]
INFO: [Synth 8-6155] done synthesizing module 'toplevel_mac_muladd_18s_16ns_16ns_18_4_1' (22#1) [/home/tomster12/files/EMBS/vivado/vivado.gen/sources_1/bd/zybo_design/ipshared/d374/hdl/verilog/toplevel_mac_muladd_18s_16ns_16ns_18_4_1.v:46]
INFO: [Synth 8-6155] done synthesizing module 'toplevel_a_star_len' (23#1) [/home/tomster12/files/EMBS/vivado/vivado.gen/sources_1/bd/zybo_design/ipshared/d374/hdl/verilog/toplevel_a_star_len.v:10]
INFO: [Synth 8-6157] synthesizing module 'toplevel_mac_muladd_8ns_11ns_32ns_32_4_1' [/home/tomster12/files/EMBS/vivado/vivado.gen/sources_1/bd/zybo_design/ipshared/d374/hdl/verilog/toplevel_mac_muladd_8ns_11ns_32ns_32_4_1.v:46]
	Parameter ID bound to: 1 - type: integer 
	Parameter NUM_STAGE bound to: 4 - type: integer 
	Parameter din0_WIDTH bound to: 8 - type: integer 
	Parameter din1_WIDTH bound to: 11 - type: integer 
	Parameter din2_WIDTH bound to: 32 - type: integer 
	Parameter dout_WIDTH bound to: 32 - type: integer 
INFO: [Synth 8-6157] synthesizing module 'toplevel_mac_muladd_8ns_11ns_32ns_32_4_1_DSP48_1' [/home/tomster12/files/EMBS/vivado/vivado.gen/sources_1/bd/zybo_design/ipshared/d374/hdl/verilog/toplevel_mac_muladd_8ns_11ns_32ns_32_4_1.v:7]
INFO: [Synth 8-6155] done synthesizing module 'toplevel_mac_muladd_8ns_11ns_32ns_32_4_1_DSP48_1' (24#1) [/home/tomster12/files/EMBS/vivado/vivado.gen/sources_1/bd/zybo_design/ipshared/d374/hdl/verilog/toplevel_mac_muladd_8ns_11ns_32ns_32_4_1.v:7]
INFO: [Synth 8-6155] done synthesizing module 'toplevel_mac_muladd_8ns_11ns_32ns_32_4_1' (25#1) [/home/tomster12/files/EMBS/vivado/vivado.gen/sources_1/bd/zybo_design/ipshared/d374/hdl/verilog/toplevel_mac_muladd_8ns_11ns_32ns_32_4_1.v:46]
INFO: [Synth 8-6155] done synthesizing module 'toplevel' (26#1) [/home/tomster12/files/EMBS/vivado/vivado.gen/sources_1/bd/zybo_design/ipshared/d374/hdl/verilog/toplevel.v:12]
INFO: [Synth 8-6155] done synthesizing module 'zybo_design_toplevel_0_1' (27#1) [/home/tomster12/files/EMBS/vivado/vivado.gen/sources_1/bd/zybo_design/ip/zybo_design_toplevel_0_1/synth/zybo_design_toplevel_0_1.v:59]
---------------------------------------------------------------------------------
Finished RTL Elaboration : Time (s): cpu = 00:00:03 ; elapsed = 00:00:04 . Memory (MB): peak = 2295.109 ; gain = 0.000 ; free physical = 1141 ; free virtual = 6029
---------------------------------------------------------------------------------
---------------------------------------------------------------------------------
Start Handling Custom Attributes
---------------------------------------------------------------------------------
---------------------------------------------------------------------------------
Finished Handling Custom Attributes : Time (s): cpu = 00:00:04 ; elapsed = 00:00:04 . Memory (MB): peak = 2295.109 ; gain = 0.000 ; free physical = 1135 ; free virtual = 6023
---------------------------------------------------------------------------------
---------------------------------------------------------------------------------
Finished RTL Optimization Phase 1 : Time (s): cpu = 00:00:04 ; elapsed = 00:00:04 . Memory (MB): peak = 2295.109 ; gain = 0.000 ; free physical = 1135 ; free virtual = 6023
---------------------------------------------------------------------------------
Netlist sorting complete. Time (s): cpu = 00:00:00.05 ; elapsed = 00:00:00.06 . Memory (MB): peak = 2295.109 ; gain = 0.000 ; free physical = 1111 ; free virtual = 6007
INFO: [Project 1-570] Preparing netlist for logic optimization

Processing XDC Constraints
Initializing timing engine
Parsing XDC File [/home/tomster12/files/EMBS/vivado/vivado.gen/sources_1/bd/zybo_design/ip/zybo_design_toplevel_0_1/constraints/toplevel_ooc.xdc] for cell 'inst'
Finished Parsing XDC File [/home/tomster12/files/EMBS/vivado/vivado.gen/sources_1/bd/zybo_design/ip/zybo_design_toplevel_0_1/constraints/toplevel_ooc.xdc] for cell 'inst'
Parsing XDC File [/home/tomster12/files/EMBS/vivado/vivado.runs/zybo_design_toplevel_0_1_synth_1/dont_touch.xdc]
Finished Parsing XDC File [/home/tomster12/files/EMBS/vivado/vivado.runs/zybo_design_toplevel_0_1_synth_1/dont_touch.xdc]
Completed Processing XDC Constraints

Netlist sorting complete. Time (s): cpu = 00:00:00 ; elapsed = 00:00:00 . Memory (MB): peak = 2359.008 ; gain = 0.000 ; free physical = 949 ; free virtual = 5838
INFO: [Project 1-111] Unisim Transformation Summary:
No Unisim elements were transformed.

Constraint Validation Runtime : Time (s): cpu = 00:00:00.11 ; elapsed = 00:00:00.05 . Memory (MB): peak = 2359.008 ; gain = 0.000 ; free physical = 947 ; free virtual = 5835
---------------------------------------------------------------------------------
Finished Constraint Validation : Time (s): cpu = 00:00:08 ; elapsed = 00:00:09 . Memory (MB): peak = 2359.008 ; gain = 63.898 ; free physical = 1101 ; free virtual = 5993
---------------------------------------------------------------------------------
---------------------------------------------------------------------------------
Start Loading Part and Timing Information
---------------------------------------------------------------------------------
Loading part: xc7z010clg400-1
---------------------------------------------------------------------------------
Finished Loading Part and Timing Information : Time (s): cpu = 00:00:08 ; elapsed = 00:00:09 . Memory (MB): peak = 2359.008 ; gain = 63.898 ; free physical = 1105 ; free virtual = 5993
---------------------------------------------------------------------------------
---------------------------------------------------------------------------------
Start Applying 'set_property' XDC Constraints
---------------------------------------------------------------------------------
Applied set_property KEEP_HIERARCHY = SOFT for inst. (constraint file  /home/tomster12/files/EMBS/vivado/vivado.runs/zybo_design_toplevel_0_1_synth_1/dont_touch.xdc, line 9).
---------------------------------------------------------------------------------
Finished applying 'set_property' XDC Constraints : Time (s): cpu = 00:00:08 ; elapsed = 00:00:09 . Memory (MB): peak = 2359.008 ; gain = 63.898 ; free physical = 1094 ; free virtual = 5993
---------------------------------------------------------------------------------
INFO: [Synth 8-802] inferred FSM for state register 'wstate_reg' in module 'toplevel_AXILiteS_s_axi'
INFO: [Synth 8-802] inferred FSM for state register 'rstate_reg' in module 'toplevel_AXILiteS_s_axi'
INFO: [Synth 8-802] inferred FSM for state register 'wstate_reg' in module 'toplevel_control_s_axi'
INFO: [Synth 8-802] inferred FSM for state register 'rstate_reg' in module 'toplevel_control_s_axi'
INFO: [Synth 8-802] inferred FSM for state register 'state_reg' in module 'toplevel_MAXI_m_axi_reg_slice'
INFO: [Synth 8-802] inferred FSM for state register 'state_reg' in module 'toplevel_MAXI_m_axi_reg_slice__parameterized0'
INFO: [Synth 8-4490] FSM extraction disabled for register 'ap_CS_fsm_reg' through user attribute
INFO: [Synth 8-4490] FSM extraction disabled for register 'ap_CS_fsm_reg' through user attribute
INFO: [Synth 8-4490] FSM extraction disabled for register 'ap_CS_fsm_reg' through user attribute
INFO: [Synth 8-4490] FSM extraction disabled for register 'ap_CS_fsm_reg' through user attribute
---------------------------------------------------------------------------------------------------
                   State |                     New Encoding |                Previous Encoding 
---------------------------------------------------------------------------------------------------
                  iSTATE |                             0001 |                               11
*
                  WRIDLE |                             0010 |                               00
                  WRDATA |                             0100 |                               01
                  WRRESP |                             1000 |                               10
---------------------------------------------------------------------------------------------------
INFO: [Synth 8-3354] encoded FSM with state register 'wstate_reg' using encoding 'one-hot' in module 'toplevel_AXILiteS_s_axi'
---------------------------------------------------------------------------------------------------
                   State |                     New Encoding |                Previous Encoding 
---------------------------------------------------------------------------------------------------
                  iSTATE |                              001 |                               10
*
                  RDIDLE |                              010 |                               00
                  RDDATA |                              100 |                               01
---------------------------------------------------------------------------------------------------
INFO: [Synth 8-3354] encoded FSM with state register 'rstate_reg' using encoding 'one-hot' in module 'toplevel_AXILiteS_s_axi'
---------------------------------------------------------------------------------------------------
                   State |                     New Encoding |                Previous Encoding 
---------------------------------------------------------------------------------------------------
                  iSTATE |                             0001 |                               11
*
                  WRIDLE |                             0010 |                               00
                  WRDATA |                             0100 |                               01
                  WRRESP |                             1000 |                               10
---------------------------------------------------------------------------------------------------
INFO: [Synth 8-3354] encoded FSM with state register 'wstate_reg' using encoding 'one-hot' in module 'toplevel_control_s_axi'
---------------------------------------------------------------------------------------------------
                   State |                     New Encoding |                Previous Encoding 
---------------------------------------------------------------------------------------------------
                  iSTATE |                              001 |                               10
*
                  RDIDLE |                              010 |                               00
                  RDDATA |                              100 |                               01
---------------------------------------------------------------------------------------------------
INFO: [Synth 8-3354] encoded FSM with state register 'rstate_reg' using encoding 'one-hot' in module 'toplevel_control_s_axi'
---------------------------------------------------------------------------------------------------
                   State |                     New Encoding |                Previous Encoding 
---------------------------------------------------------------------------------------------------
                    ZERO |                               00 |                               10
                     ONE |                               10 |                               11
                     TWO |                               01 |                               01
---------------------------------------------------------------------------------------------------
INFO: [Synth 8-3354] encoded FSM with state register 'state_reg' using encoding 'sequential' in module 'toplevel_MAXI_m_axi_reg_slice'
---------------------------------------------------------------------------------------------------
                   State |                     New Encoding |                Previous Encoding 
---------------------------------------------------------------------------------------------------
                    ZERO |                               00 |                               10
                     ONE |                               10 |                               11
                     TWO |                               01 |                               01
---------------------------------------------------------------------------------------------------
INFO: [Synth 8-3354] encoded FSM with state register 'state_reg' using encoding 'sequential' in module 'toplevel_MAXI_m_axi_reg_slice__parameterized0'
INFO: [Synth 8-3971] The signal "toplevel_a_star_len_open_set_heap_f_score_ram:/ram_reg" was recognized as a true dual port RAM template.
---------------------------------------------------------------------------------
Finished RTL Optimization Phase 2 : Time (s): cpu = 00:00:09 ; elapsed = 00:00:10 . Memory (MB): peak = 2359.008 ; gain = 63.898 ; free physical = 1074 ; free virtual = 5970
---------------------------------------------------------------------------------
---------------------------------------------------------------------------------
Start RTL Component Statistics 
---------------------------------------------------------------------------------
Detailed RTL Component Info : 
+---Adders : 
	   2 Input   64 Bit       Adders := 4     
	   2 Input   52 Bit       Adders := 2     
	   2 Input   32 Bit       Adders := 8     
	   2 Input   17 Bit       Adders := 2     
	   2 Input   16 Bit       Adders := 5     
	   5 Input   16 Bit       Adders := 1     
	   6 Input   16 Bit       Adders := 1     
	   2 Input   13 Bit       Adders := 1     
	   2 Input   12 Bit       Adders := 2     
	   2 Input    9 Bit       Adders := 5     
	   2 Input    8 Bit       Adders := 9     
	   2 Input    6 Bit       Adders := 2     
	   2 Input    4 Bit       Adders := 3     
	   2 Input    3 Bit       Adders := 9     
+---XORs : 
	   2 Input      1 Bit         XORs := 5     
+---Registers : 
	               96 Bit    Registers := 6     
	               64 Bit    Registers := 10    
	               63 Bit    Registers := 1     
	               52 Bit    Registers := 2     
	               40 Bit    Registers := 1     
	               36 Bit    Registers := 3     
	               35 Bit    Registers := 3     
	               34 Bit    Registers := 3     
	               32 Bit    Registers := 28    
	               31 Bit    Registers := 1     
	               25 Bit    Registers := 1     
	               18 Bit    Registers := 4     
	               16 Bit    Registers := 37    
	               15 Bit    Registers := 4     
	               14 Bit    Registers := 1     
	               13 Bit    Registers := 11    
	               10 Bit    Registers := 4     
	                9 Bit    Registers := 3     
	                8 Bit    Registers := 12    
	                6 Bit    Registers := 2     
	                5 Bit    Registers := 4     
	                4 Bit    Registers := 3     
	                3 Bit    Registers := 6     
	                2 Bit    Registers := 9     
	                1 Bit    Registers := 86    
+---Multipliers : 
	              32x32  Multipliers := 1     
+---RAMs : 
	             244K Bit	(7827 X 32 bit)          RAMs := 1     
	             244K Bit	(7813 X 32 bit)          RAMs := 1     
	             128K Bit	(8192 X 16 bit)          RAMs := 4     
	               9K Bit	(256 X 36 bit)          RAMs := 1     
	               8K Bit	(256 X 35 bit)          RAMs := 1     
	              192 Bit	(12 X 16 bit)          RAMs := 2     
+---Muxes : 
	   2 Input   96 Bit        Muxes := 2     
	   2 Input   64 Bit        Muxes := 8     
	   2 Input   52 Bit        Muxes := 2     
	   2 Input   40 Bit        Muxes := 4     
	  41 Input   40 Bit        Muxes := 1     
	   2 Input   37 Bit        Muxes := 1     
	   2 Input   36 Bit        Muxes := 4     
	   3 Input   36 Bit        Muxes := 1     
	   2 Input   35 Bit        Muxes := 1     
	   3 Input   35 Bit        Muxes := 1     
	   2 Input   34 Bit        Muxes := 2     
	  35 Input   34 Bit        Muxes := 1     
	   2 Input   32 Bit        Muxes := 15    
	   3 Input   32 Bit        Muxes := 1     
	   5 Input   32 Bit        Muxes := 1     
	   2 Input   30 Bit        Muxes := 1     
	   2 Input   29 Bit        Muxes := 1     
	   2 Input   28 Bit        Muxes := 1     
	   2 Input   27 Bit        Muxes := 1     
	   2 Input   25 Bit        Muxes := 1     
	   2 Input   23 Bit        Muxes := 1     
	   2 Input   22 Bit        Muxes := 1     
	   2 Input   21 Bit        Muxes := 2     
	   2 Input   19 Bit        Muxes := 2     
	   2 Input   18 Bit        Muxes := 1     
	   3 Input   16 Bit        Muxes := 1     
	   2 Input   16 Bit        Muxes := 31    
	   2 Input   15 Bit        Muxes := 1     
	   3 Input   14 Bit        Muxes := 1     
	   2 Input   13 Bit        Muxes := 6     
	   4 Input   12 Bit        Muxes := 2     
	   2 Input   10 Bit        Muxes := 4     
	   3 Input   10 Bit        Muxes := 1     
	   2 Input    9 Bit        Muxes := 2     
	   2 Input    8 Bit        Muxes := 14    
	   4 Input    8 Bit        Muxes := 2     
	   2 Input    5 Bit        Muxes := 2     
	   4 Input    4 Bit        Muxes := 2     
	   2 Input    4 Bit        Muxes := 8     
	   3 Input    3 Bit        Muxes := 2     
	   2 Input    3 Bit        Muxes := 10    
	   2 Input    2 Bit        Muxes := 41    
	   3 Input    2 Bit        Muxes := 9     
	   5 Input    2 Bit        Muxes := 3     
	   2 Input    1 Bit        Muxes := 76    
---------------------------------------------------------------------------------
Finished RTL Component Statistics 
---------------------------------------------------------------------------------
---------------------------------------------------------------------------------
Start Part Resource Summary
---------------------------------------------------------------------------------
Part Resources:
DSPs: 80 (col length:40)
BRAMs: 120 (col length: RAMB18 40 RAMB36 20)
---------------------------------------------------------------------------------
Finished Part Resource Summary
---------------------------------------------------------------------------------
---------------------------------------------------------------------------------
Start Cross Boundary and Area Optimization
---------------------------------------------------------------------------------
DSP Report: Generating DSP mac_muladd_18s_16ns_16ns_18_4_1_U4/toplevel_mac_muladd_18s_16ns_16ns_18_4_1_DSP48_0_U/p_reg_reg, operation Mode is: (C'+(A''*B'')')'.
DSP Report: register mac_muladd_18s_16ns_16ns_18_4_1_U4/toplevel_mac_muladd_18s_16ns_16ns_18_4_1_DSP48_0_U/p_reg_reg is absorbed into DSP mac_muladd_18s_16ns_16ns_18_4_1_U4/toplevel_mac_muladd_18s_16ns_16ns_18_4_1_DSP48_0_U/p_reg_reg.
DSP Report: register mac_muladd_18s_16ns_16ns_18_4_1_U4/toplevel_mac_muladd_18s_16ns_16ns_18_4_1_DSP48_0_U/p_reg_reg is absorbed into DSP mac_muladd_18s_16ns_16ns_18_4_1_U4/toplevel_mac_muladd_18s_16ns_16ns_18_4_1_DSP48_0_U/p_reg_reg.
DSP Report: register trunc_ln52_reg_1488_reg is absorbed into DSP mac_muladd_18s_16ns_16ns_18_4_1_U4/toplevel_mac_muladd_18s_16ns_16ns_18_4_1_DSP48_0_U/p_reg_reg.
DSP Report: register mac_muladd_18s_16ns_16ns_18_4_1_U4/toplevel_mac_muladd_18s_16ns_16ns_18_4_1_DSP48_0_U/a_reg_reg is absorbed into DSP mac_muladd_18s_16ns_16ns_18_4_1_U4/toplevel_mac_muladd_18s_16ns_16ns_18_4_1_DSP48_0_U/p_reg_reg.
DSP Report: register mac_muladd_18s_16ns_16ns_18_4_1_U4/toplevel_mac_muladd_18s_16ns_16ns_18_4_1_DSP48_0_U/p_reg_reg is absorbed into DSP mac_muladd_18s_16ns_16ns_18_4_1_U4/toplevel_mac_muladd_18s_16ns_16ns_18_4_1_DSP48_0_U/p_reg_reg.
DSP Report: register mac_muladd_18s_16ns_16ns_18_4_1_U4/toplevel_mac_muladd_18s_16ns_16ns_18_4_1_DSP48_0_U/p_reg_reg is absorbed into DSP mac_muladd_18s_16ns_16ns_18_4_1_U4/toplevel_mac_muladd_18s_16ns_16ns_18_4_1_DSP48_0_U/p_reg_reg.
DSP Report: register mac_muladd_18s_16ns_16ns_18_4_1_U4/toplevel_mac_muladd_18s_16ns_16ns_18_4_1_DSP48_0_U/m_reg_reg is absorbed into DSP mac_muladd_18s_16ns_16ns_18_4_1_U4/toplevel_mac_muladd_18s_16ns_16ns_18_4_1_DSP48_0_U/p_reg_reg.
DSP Report: operator mac_muladd_18s_16ns_16ns_18_4_1_U4/toplevel_mac_muladd_18s_16ns_16ns_18_4_1_DSP48_0_U/p is absorbed into DSP mac_muladd_18s_16ns_16ns_18_4_1_U4/toplevel_mac_muladd_18s_16ns_16ns_18_4_1_DSP48_0_U/p_reg_reg.
DSP Report: operator mac_muladd_18s_16ns_16ns_18_4_1_U4/toplevel_mac_muladd_18s_16ns_16ns_18_4_1_DSP48_0_U/m is absorbed into DSP mac_muladd_18s_16ns_16ns_18_4_1_U4/toplevel_mac_muladd_18s_16ns_16ns_18_4_1_DSP48_0_U/p_reg_reg.
DSP Report: Generating DSP mac_muladd_18s_16ns_16ns_18_4_1_U5/toplevel_mac_muladd_18s_16ns_16ns_18_4_1_DSP48_0_U/p_reg_reg, operation Mode is: (C'+(A''*B'')')'.
DSP Report: register mac_muladd_18s_16ns_16ns_18_4_1_U5/toplevel_mac_muladd_18s_16ns_16ns_18_4_1_DSP48_0_U/p_reg_reg is absorbed into DSP mac_muladd_18s_16ns_16ns_18_4_1_U5/toplevel_mac_muladd_18s_16ns_16ns_18_4_1_DSP48_0_U/p_reg_reg.
DSP Report: register mac_muladd_18s_16ns_16ns_18_4_1_U5/toplevel_mac_muladd_18s_16ns_16ns_18_4_1_DSP48_0_U/p_reg_reg is absorbed into DSP mac_muladd_18s_16ns_16ns_18_4_1_U5/toplevel_mac_muladd_18s_16ns_16ns_18_4_1_DSP48_0_U/p_reg_reg.
DSP Report: register trunc_ln52_reg_1488_reg is absorbed into DSP mac_muladd_18s_16ns_16ns_18_4_1_U5/toplevel_mac_muladd_18s_16ns_16ns_18_4_1_DSP48_0_U/p_reg_reg.
DSP Report: register mac_muladd_18s_16ns_16ns_18_4_1_U5/toplevel_mac_muladd_18s_16ns_16ns_18_4_1_DSP48_0_U/p_reg_reg is absorbed into DSP mac_muladd_18s_16ns_16ns_18_4_1_U5/toplevel_mac_muladd_18s_16ns_16ns_18_4_1_DSP48_0_U/p_reg_reg.
DSP Report: register mac_muladd_18s_16ns_16ns_18_4_1_U4/toplevel_mac_muladd_18s_16ns_16ns_18_4_1_DSP48_0_U/a_reg_reg is absorbed into DSP mac_muladd_18s_16ns_16ns_18_4_1_U5/toplevel_mac_muladd_18s_16ns_16ns_18_4_1_DSP48_0_U/p_reg_reg.
DSP Report: register mac_muladd_18s_16ns_16ns_18_4_1_U5/toplevel_mac_muladd_18s_16ns_16ns_18_4_1_DSP48_0_U/p_reg_reg is absorbed into DSP mac_muladd_18s_16ns_16ns_18_4_1_U5/toplevel_mac_muladd_18s_16ns_16ns_18_4_1_DSP48_0_U/p_reg_reg.
DSP Report: register mac_muladd_18s_16ns_16ns_18_4_1_U5/toplevel_mac_muladd_18s_16ns_16ns_18_4_1_DSP48_0_U/m_reg_reg is absorbed into DSP mac_muladd_18s_16ns_16ns_18_4_1_U5/toplevel_mac_muladd_18s_16ns_16ns_18_4_1_DSP48_0_U/p_reg_reg.
DSP Report: operator mac_muladd_18s_16ns_16ns_18_4_1_U5/toplevel_mac_muladd_18s_16ns_16ns_18_4_1_DSP48_0_U/p is absorbed into DSP mac_muladd_18s_16ns_16ns_18_4_1_U5/toplevel_mac_muladd_18s_16ns_16ns_18_4_1_DSP48_0_U/p_reg_reg.
DSP Report: operator mac_muladd_18s_16ns_16ns_18_4_1_U5/toplevel_mac_muladd_18s_16ns_16ns_18_4_1_DSP48_0_U/m is absorbed into DSP mac_muladd_18s_16ns_16ns_18_4_1_U5/toplevel_mac_muladd_18s_16ns_16ns_18_4_1_DSP48_0_U/p_reg_reg.
DSP Report: Generating DSP mul_32s_32s_32_2_1_U1/toplevel_mul_32s_32s_32_2_1_Multiplier_0_U/tmp_product, operation Mode is: A*B.
DSP Report: operator mul_32s_32s_32_2_1_U1/toplevel_mul_32s_32s_32_2_1_Multiplier_0_U/tmp_product is absorbed into DSP mul_32s_32s_32_2_1_U1/toplevel_mul_32s_32s_32_2_1_Multiplier_0_U/tmp_product.
DSP Report: operator mul_32s_32s_32_2_1_U1/toplevel_mul_32s_32s_32_2_1_Multiplier_0_U/tmp_product is absorbed into DSP mul_32s_32s_32_2_1_U1/toplevel_mul_32s_32s_32_2_1_Multiplier_0_U/tmp_product.
DSP Report: Generating DSP mul_32s_32s_32_2_1_U1/toplevel_mul_32s_32s_32_2_1_Multiplier_0_U/p_reg, operation Mode is: (PCIN>>17)+A*B.
DSP Report: register mul_32s_32s_32_2_1_U1/toplevel_mul_32s_32s_32_2_1_Multiplier_0_U/p_reg is absorbed into DSP mul_32s_32s_32_2_1_U1/toplevel_mul_32s_32s_32_2_1_Multiplier_0_U/p_reg.
DSP Report: operator mul_32s_32s_32_2_1_U1/toplevel_mul_32s_32s_32_2_1_Multiplier_0_U/tmp_product is absorbed into DSP mul_32s_32s_32_2_1_U1/toplevel_mul_32s_32s_32_2_1_Multiplier_0_U/p_reg.
DSP Report: operator mul_32s_32s_32_2_1_U1/toplevel_mul_32s_32s_32_2_1_Multiplier_0_U/tmp_product is absorbed into DSP mul_32s_32s_32_2_1_U1/toplevel_mul_32s_32s_32_2_1_Multiplier_0_U/p_reg.
DSP Report: Generating DSP mul_32s_32s_32_2_1_U1/toplevel_mul_32s_32s_32_2_1_Multiplier_0_U/tmp_product, operation Mode is: A*B.
DSP Report: operator mul_32s_32s_32_2_1_U1/toplevel_mul_32s_32s_32_2_1_Multiplier_0_U/tmp_product is absorbed into DSP mul_32s_32s_32_2_1_U1/toplevel_mul_32s_32s_32_2_1_Multiplier_0_U/tmp_product.
DSP Report: operator mul_32s_32s_32_2_1_U1/toplevel_mul_32s_32s_32_2_1_Multiplier_0_U/tmp_product is absorbed into DSP mul_32s_32s_32_2_1_U1/toplevel_mul_32s_32s_32_2_1_Multiplier_0_U/tmp_product.
DSP Report: Generating DSP mul_32s_32s_32_2_1_U1/toplevel_mul_32s_32s_32_2_1_Multiplier_0_U/p_reg, operation Mode is: (PCIN>>17)+A*B.
DSP Report: register mul_32s_32s_32_2_1_U1/toplevel_mul_32s_32s_32_2_1_Multiplier_0_U/p_reg is absorbed into DSP mul_32s_32s_32_2_1_U1/toplevel_mul_32s_32s_32_2_1_Multiplier_0_U/p_reg.
DSP Report: operator mul_32s_32s_32_2_1_U1/toplevel_mul_32s_32s_32_2_1_Multiplier_0_U/tmp_product is absorbed into DSP mul_32s_32s_32_2_1_U1/toplevel_mul_32s_32s_32_2_1_Multiplier_0_U/p_reg.
DSP Report: operator mul_32s_32s_32_2_1_U1/toplevel_mul_32s_32s_32_2_1_Multiplier_0_U/tmp_product is absorbed into DSP mul_32s_32s_32_2_1_U1/toplevel_mul_32s_32s_32_2_1_Multiplier_0_U/p_reg.
DSP Report: Generating DSP mac_muladd_8ns_11ns_32ns_32_4_1_U19/toplevel_mac_muladd_8ns_11ns_32ns_32_4_1_DSP48_1_U/p_reg_reg, operation Mode is: (C+(A2*(B:0x3e8)')')'.
DSP Report: register mac_muladd_8ns_11ns_32ns_32_4_1_U19/toplevel_mac_muladd_8ns_11ns_32ns_32_4_1_DSP48_1_U/b_reg_reg is absorbed into DSP mac_muladd_8ns_11ns_32ns_32_4_1_U19/toplevel_mac_muladd_8ns_11ns_32ns_32_4_1_DSP48_1_U/p_reg_reg.
DSP Report: register mac_muladd_8ns_11ns_32ns_32_4_1_U19/toplevel_mac_muladd_8ns_11ns_32ns_32_4_1_DSP48_1_U/p_reg_reg is absorbed into DSP mac_muladd_8ns_11ns_32ns_32_4_1_U19/toplevel_mac_muladd_8ns_11ns_32ns_32_4_1_DSP48_1_U/p_reg_reg.
DSP Report: register mac_muladd_8ns_11ns_32ns_32_4_1_U19/toplevel_mac_muladd_8ns_11ns_32ns_32_4_1_DSP48_1_U/p_reg_reg is absorbed into DSP mac_muladd_8ns_11ns_32ns_32_4_1_U19/toplevel_mac_muladd_8ns_11ns_32ns_32_4_1_DSP48_1_U/p_reg_reg.
DSP Report: register mac_muladd_8ns_11ns_32ns_32_4_1_U19/toplevel_mac_muladd_8ns_11ns_32ns_32_4_1_DSP48_1_U/m_reg_reg is absorbed into DSP mac_muladd_8ns_11ns_32ns_32_4_1_U19/toplevel_mac_muladd_8ns_11ns_32ns_32_4_1_DSP48_1_U/p_reg_reg.
DSP Report: operator mac_muladd_8ns_11ns_32ns_32_4_1_U19/toplevel_mac_muladd_8ns_11ns_32ns_32_4_1_DSP48_1_U/p is absorbed into DSP mac_muladd_8ns_11ns_32ns_32_4_1_U19/toplevel_mac_muladd_8ns_11ns_32ns_32_4_1_DSP48_1_U/p_reg_reg.
DSP Report: operator mac_muladd_8ns_11ns_32ns_32_4_1_U19/toplevel_mac_muladd_8ns_11ns_32ns_32_4_1_DSP48_1_U/m is absorbed into DSP mac_muladd_8ns_11ns_32ns_32_4_1_U19/toplevel_mac_muladd_8ns_11ns_32ns_32_4_1_DSP48_1_U/p_reg_reg.
INFO: [Synth 8-3971] The signal "inst/grp_a_star_len_fu_370/open_set_heap_f_score_U/toplevel_a_star_len_open_set_heap_f_score_ram_U/ram_reg" was recognized as a true dual port RAM template.
INFO: [Synth 8-3971] The signal "inst/grp_a_star_len_fu_370/open_set_heap_g_score_U/toplevel_a_star_len_open_set_heap_f_score_ram_U/ram_reg" was recognized as a true dual port RAM template.
INFO: [Synth 8-3971] The signal "inst/grp_a_star_len_fu_370/open_set_heap_x_U/toplevel_a_star_len_open_set_heap_f_score_ram_U/ram_reg" was recognized as a true dual port RAM template.
INFO: [Synth 8-3971] The signal "inst/grp_a_star_len_fu_370/open_set_heap_y_U/toplevel_a_star_len_open_set_heap_f_score_ram_U/ram_reg" was recognized as a true dual port RAM template.
---------------------------------------------------------------------------------
Finished Cross Boundary and Area Optimization : Time (s): cpu = 00:00:17 ; elapsed = 00:00:19 . Memory (MB): peak = 2359.008 ; gain = 63.898 ; free physical = 1023 ; free virtual = 5922
---------------------------------------------------------------------------------
---------------------------------------------------------------------------------
Start ROM, RAM, DSP, Shift Register and Retiming Reporting
---------------------------------------------------------------------------------

Block RAM: Preliminary Mapping	Report (see note below)
+---------------------------+---------------------------------------------------------------------------------+------------------------+---+---+------------------------+---+---+------------------+--------+--------+
|Module Name                | RTL Object                                                                      | PORT A (Depth x Width) | W | R | PORT B (Depth x Width) | W | R | Ports driving FF | RAMB18 | RAMB36 | 
+---------------------------+---------------------------------------------------------------------------------+------------------------+---+---+------------------------+---+---+------------------+--------+--------+
|inst                       | local_ram_U/toplevel_local_ram_ram_U/ram_reg                                    | 7 K x 32(READ_FIRST)   | W | R | 7 K x 32(WRITE_FIRST)  |   | R | Port A and B     | 0      | 8      | 
|inst                       | MAXI_m_axi_U/bus_write/buff_wdata/mem_reg                                       | 256 x 36(READ_FIRST)   | W |   | 256 x 36(WRITE_FIRST)  |   | R | Port A and B     | 1      | 0      | 
|inst                       | MAXI_m_axi_U/bus_read/buff_rdata/mem_reg                                        | 256 x 35(READ_FIRST)   | W |   | 256 x 35(WRITE_FIRST)  |   | R | Port A and B     | 1      | 0      | 
|inst/grp_a_star_len_fu_370 | closed_set_U/toplevel_a_star_len_closed_set_ram_U/ram_reg                       | 7 K x 32(READ_FIRST)   | W | R |                        |   |   | Port A           | 0      | 8      | 
|inst/grp_a_star_len_fu_370 | open_set_heap_f_score_U/toplevel_a_star_len_open_set_heap_f_score_ram_U/ram_reg | 8 K x 16(READ_FIRST)   | W | R | 8 K x 16(READ_FIRST)   | W | R | Port A and B     | 0      | 4      | 
|inst/grp_a_star_len_fu_370 | open_set_heap_g_score_U/toplevel_a_star_len_open_set_heap_f_score_ram_U/ram_reg | 8 K x 16(READ_FIRST)   | W | R | 8 K x 16(READ_FIRST)   | W | R | Port A and B     | 0      | 4      | 
|inst/grp_a_star_len_fu_370 | open_set_heap_x_U/toplevel_a_star_len_open_set_heap_f_score_ram_U/ram_reg       | 8 K x 16(READ_FIRST)   | W | R | 8 K x 16(READ_FIRST)   | W | R | Port A and B     | 0      | 4      | 
|inst/grp_a_star_len_fu_370 | open_set_heap_y_U/toplevel_a_star_len_open_set_heap_f_score_ram_U/ram_reg       | 8 K x 16(READ_FIRST)   | W | R | 8 K x 16(READ_FIRST)   | W | R | Port A and B     | 0      | 4      | 
+---------------------------+---------------------------------------------------------------------------------+------------------------+---+---+------------------------+---+---+------------------+--------+--------+

Note: The table above is a preliminary report that shows the Block RAMs at the current stage of the synthesis flow. Some Block RAMs may be reimplemented as non Block RAM primitives later in the synthesis flow. Multiple instantiated Block RAMs are reported only once. 

Distributed RAM: Preliminary Mapping	Report (see note below)
+------------+--------------------------------------------------+-----------+----------------------+----------------+
|Module Name | RTL Object                                       | Inference | Size (Depth x Width) | Primitives     | 
+------------+--------------------------------------------------+-----------+----------------------+----------------+
|inst        | waypoints_x_U/toplevel_waypoints_x_ram_U/ram_reg | Implied   | 16 x 16              | RAM16X1D x 16	 | 
|inst        | waypoints_y_U/toplevel_waypoints_x_ram_U/ram_reg | Implied   | 16 x 16              | RAM16X1D x 16	 | 
+------------+--------------------------------------------------+-----------+----------------------+----------------+

Note: The table above is a preliminary report that shows the Distributed RAMs at the current stage of the synthesis flow. Some Distributed RAMs may be reimplemented as non Distributed RAM primitives later in the synthesis flow. Multiple instantiated RAMs are reported only once.

DSP: Preliminary Mapping	Report (see note below)
+-------------------------------------------------+-----------------------+--------+--------+--------+--------+--------+------+------+------+------+-------+------+------+
|Module Name                                      | DSP Mapping           | A Size | B Size | C Size | D Size | P Size | AREG | BREG | CREG | DREG | ADREG | MREG | PREG | 
+-------------------------------------------------+-----------------------+--------+--------+--------+--------+--------+------+------+------+------+-------+------+------+
|toplevel_a_star_len                              | (C'+(A''*B'')')'      | 18     | 18     | 17     | -      | 18     | 2    | 2    | 1    | -    | -     | 1    | 1    | 
|toplevel_a_star_len                              | (C'+(A''*B'')')'      | 18     | 18     | 17     | -      | 18     | 2    | 2    | 1    | -    | -     | 1    | 1    | 
|toplevel_a_star_len                              | A*B                   | 18     | 14     | -      | -      | 48     | 0    | 0    | -    | -    | -     | 0    | 0    | 
|toplevel_a_star_len                              | (PCIN>>17)+A*B        | 14     | 14     | -      | -      | 48     | 0    | 0    | -    | -    | -     | 0    | 1    | 
|toplevel_a_star_len                              | A*B                   | 18     | 18     | -      | -      | 48     | 0    | 0    | -    | -    | -     | 0    | 0    | 
|toplevel_a_star_len                              | (PCIN>>17)+A*B        | 18     | 14     | -      | -      | 48     | 0    | 0    | -    | -    | -     | 0    | 1    | 
|toplevel_mac_muladd_8ns_11ns_32ns_32_4_1_DSP48_1 | (C+(A2*(B:0x3e8)')')' | 25     | 18     | 32     | -      | 32     | 1    | 1    | 0    | -    | -     | 1    | 1    | 
+-------------------------------------------------+-----------------------+--------+--------+--------+--------+--------+------+------+------+------+-------+------+------+

Note: The table above is a preliminary report that shows the DSPs inferred at the current stage of the synthesis flow. Some DSP may be reimplemented as non DSP primitives later in the synthesis flow. Multiple instantiated DSPs are reported only once.
---------------------------------------------------------------------------------
Finished ROM, RAM, DSP, Shift Register and Retiming Reporting
---------------------------------------------------------------------------------
---------------------------------------------------------------------------------
Start Applying XDC Timing Constraints
---------------------------------------------------------------------------------
---------------------------------------------------------------------------------
Finished Applying XDC Timing Constraints : Time (s): cpu = 00:00:21 ; elapsed = 00:00:23 . Memory (MB): peak = 2359.008 ; gain = 63.898 ; free physical = 851 ; free virtual = 5751
---------------------------------------------------------------------------------
---------------------------------------------------------------------------------
Start Timing Optimization
---------------------------------------------------------------------------------
---------------------------------------------------------------------------------
Finished Timing Optimization : Time (s): cpu = 00:00:24 ; elapsed = 00:00:26 . Memory (MB): peak = 2386.148 ; gain = 91.039 ; free physical = 807 ; free virtual = 5706
---------------------------------------------------------------------------------
---------------------------------------------------------------------------------
Start ROM, RAM, DSP, Shift Register and Retiming Reporting
---------------------------------------------------------------------------------

Block RAM: Final Mapping	Report
+---------------------------+---------------------------------------------------------------------------------+------------------------+---+---+------------------------+---+---+------------------+--------+--------+
|Module Name                | RTL Object                                                                      | PORT A (Depth x Width) | W | R | PORT B (Depth x Width) | W | R | Ports driving FF | RAMB18 | RAMB36 | 
+---------------------------+---------------------------------------------------------------------------------+------------------------+---+---+------------------------+---+---+------------------+--------+--------+
|inst                       | local_ram_U/toplevel_local_ram_ram_U/ram_reg                                    | 7 K x 32(READ_FIRST)   | W | R | 7 K x 32(WRITE_FIRST)  |   | R | Port A and B     | 0      | 8      | 
|inst                       | MAXI_m_axi_U/bus_write/buff_wdata/mem_reg                                       | 256 x 36(READ_FIRST)   | W |   | 256 x 36(WRITE_FIRST)  |   | R | Port A and B     | 1      | 0      | 
|inst                       | MAXI_m_axi_U/bus_read/buff_rdata/mem_reg                                        | 256 x 35(READ_FIRST)   | W |   | 256 x 35(WRITE_FIRST)  |   | R | Port A and B     | 1      | 0      | 
|inst/grp_a_star_len_fu_370 | closed_set_U/toplevel_a_star_len_closed_set_ram_U/ram_reg                       | 7 K x 32(READ_FIRST)   | W | R |                        |   |   | Port A           | 0      | 8      | 
|inst/grp_a_star_len_fu_370 | open_set_heap_f_score_U/toplevel_a_star_len_open_set_heap_f_score_ram_U/ram_reg | 8 K x 16(READ_FIRST)   | W | R | 8 K x 16(READ_FIRST)   | W | R | Port A and B     | 0      | 4      | 
|inst/grp_a_star_len_fu_370 | open_set_heap_g_score_U/toplevel_a_star_len_open_set_heap_f_score_ram_U/ram_reg | 8 K x 16(READ_FIRST)   | W | R | 8 K x 16(READ_FIRST)   | W | R | Port A and B     | 0      | 4      | 
|inst/grp_a_star_len_fu_370 | open_set_heap_x_U/toplevel_a_star_len_open_set_heap_f_score_ram_U/ram_reg       | 8 K x 16(READ_FIRST)   | W | R | 8 K x 16(READ_FIRST)   | W | R | Port A and B     | 0      | 4      | 
|inst/grp_a_star_len_fu_370 | open_set_heap_y_U/toplevel_a_star_len_open_set_heap_f_score_ram_U/ram_reg       | 8 K x 16(READ_FIRST)   | W | R | 8 K x 16(READ_FIRST)   | W | R | Port A and B     | 0      | 4      | 
+---------------------------+---------------------------------------------------------------------------------+------------------------+---+---+------------------------+---+---+------------------+--------+--------+


Distributed RAM: Final Mapping	Report
+------------+--------------------------------------------------+-----------+----------------------+----------------+
|Module Name | RTL Object                                       | Inference | Size (Depth x Width) | Primitives     | 
+------------+--------------------------------------------------+-----------+----------------------+----------------+
|inst        | waypoints_x_U/toplevel_waypoints_x_ram_U/ram_reg | Implied   | 16 x 16              | RAM16X1D x 16	 | 
|inst        | waypoints_y_U/toplevel_waypoints_x_ram_U/ram_reg | Implied   | 16 x 16              | RAM16X1D x 16	 | 
+------------+--------------------------------------------------+-----------+----------------------+----------------+

---------------------------------------------------------------------------------
Finished ROM, RAM, DSP, Shift Register and Retiming Reporting
---------------------------------------------------------------------------------
---------------------------------------------------------------------------------
Start Technology Mapping
---------------------------------------------------------------------------------
INFO: [Synth 8-7052] The timing for the instance inst/local_ram_U/toplevel_local_ram_ram_U/ram_reg_0 (implemented as a Block RAM) might be sub-optimal as no optional output register could be merged into the ram block. Providing additional output register may help in improving timing.
INFO: [Synth 8-7052] The timing for the instance inst/local_ram_U/toplevel_local_ram_ram_U/ram_reg_0 (implemented as a Block RAM) might be sub-optimal as no optional output register could be merged into the ram block. Providing additional output register may help in improving timing.
INFO: [Synth 8-7052] The timing for the instance inst/local_ram_U/toplevel_local_ram_ram_U/ram_reg_1 (implemented as a Block RAM) might be sub-optimal as no optional output register could be merged into the ram block. Providing additional output register may help in improving timing.
INFO: [Synth 8-7052] The timing for the instance inst/local_ram_U/toplevel_local_ram_ram_U/ram_reg_1 (implemented as a Block RAM) might be sub-optimal as no optional output register could be merged into the ram block. Providing additional output register may help in improving timing.
INFO: [Synth 8-7052] The timing for the instance inst/local_ram_U/toplevel_local_ram_ram_U/ram_reg_2 (implemented as a Block RAM) might be sub-optimal as no optional output register could be merged into the ram block. Providing additional output register may help in improving timing.
INFO: [Synth 8-7052] The timing for the instance inst/local_ram_U/toplevel_local_ram_ram_U/ram_reg_2 (implemented as a Block RAM) might be sub-optimal as no optional output register could be merged into the ram block. Providing additional output register may help in improving timing.
INFO: [Synth 8-7052] The timing for the instance inst/local_ram_U/toplevel_local_ram_ram_U/ram_reg_3 (implemented as a Block RAM) might be sub-optimal as no optional output register could be merged into the ram block. Providing additional output register may help in improving timing.
INFO: [Synth 8-7052] The timing for the instance inst/local_ram_U/toplevel_local_ram_ram_U/ram_reg_3 (implemented as a Block RAM) might be sub-optimal as no optional output register could be merged into the ram block. Providing additional output register may help in improving timing.
INFO: [Synth 8-7052] The timing for the instance inst/local_ram_U/toplevel_local_ram_ram_U/ram_reg_4 (implemented as a Block RAM) might be sub-optimal as no optional output register could be merged into the ram block. Providing additional output register may help in improving timing.
INFO: [Synth 8-7052] The timing for the instance inst/local_ram_U/toplevel_local_ram_ram_U/ram_reg_4 (implemented as a Block RAM) might be sub-optimal as no optional output register could be merged into the ram block. Providing additional output register may help in improving timing.
INFO: [Synth 8-7052] The timing for the instance inst/local_ram_U/toplevel_local_ram_ram_U/ram_reg_5 (implemented as a Block RAM) might be sub-optimal as no optional output register could be merged into the ram block. Providing additional output register may help in improving timing.
INFO: [Synth 8-7052] The timing for the instance inst/local_ram_U/toplevel_local_ram_ram_U/ram_reg_5 (implemented as a Block RAM) might be sub-optimal as no optional output register could be merged into the ram block. Providing additional output register may help in improving timing.
INFO: [Synth 8-7052] The timing for the instance inst/local_ram_U/toplevel_local_ram_ram_U/ram_reg_6 (implemented as a Block RAM) might be sub-optimal as no optional output register could be merged into the ram block. Providing additional output register may help in improving timing.
INFO: [Synth 8-7052] The timing for the instance inst/local_ram_U/toplevel_local_ram_ram_U/ram_reg_6 (implemented as a Block RAM) might be sub-optimal as no optional output register could be merged into the ram block. Providing additional output register may help in improving timing.
INFO: [Synth 8-7052] The timing for the instance inst/local_ram_U/toplevel_local_ram_ram_U/ram_reg_7 (implemented as a Block RAM) might be sub-optimal as no optional output register could be merged into the ram block. Providing additional output register may help in improving timing.
INFO: [Synth 8-7052] The timing for the instance inst/local_ram_U/toplevel_local_ram_ram_U/ram_reg_7 (implemented as a Block RAM) might be sub-optimal as no optional output register could be merged into the ram block. Providing additional output register may help in improving timing.
INFO: [Synth 8-7052] The timing for the instance inst/MAXI_m_axi_U/bus_write/buff_wdata/mem_reg (implemented as a Block RAM) might be sub-optimal as no optional output register could be merged into the ram block. Providing additional output register may help in improving timing.
INFO: [Synth 8-7052] The timing for the instance inst/MAXI_m_axi_U/bus_read/buff_rdata/mem_reg (implemented as a Block RAM) might be sub-optimal as no optional output register could be merged into the ram block. Providing additional output register may help in improving timing.
INFO: [Synth 8-7052] The timing for the instance inst/grp_a_star_len_fu_370/closed_set_U/toplevel_a_star_len_closed_set_ram_U/ram_reg_0 (implemented as a Block RAM) might be sub-optimal as no optional output register could be merged into the ram block. Providing additional output register may help in improving timing.
INFO: [Synth 8-7052] The timing for the instance inst/grp_a_star_len_fu_370/closed_set_U/toplevel_a_star_len_closed_set_ram_U/ram_reg_1 (implemented as a Block RAM) might be sub-optimal as no optional output register could be merged into the ram block. Providing additional output register may help in improving timing.
INFO: [Synth 8-7052] The timing for the instance inst/grp_a_star_len_fu_370/closed_set_U/toplevel_a_star_len_closed_set_ram_U/ram_reg_2 (implemented as a Block RAM) might be sub-optimal as no optional output register could be merged into the ram block. Providing additional output register may help in improving timing.
INFO: [Synth 8-7052] The timing for the instance inst/grp_a_star_len_fu_370/closed_set_U/toplevel_a_star_len_closed_set_ram_U/ram_reg_3 (implemented as a Block RAM) might be sub-optimal as no optional output register could be merged into the ram block. Providing additional output register may help in improving timing.
INFO: [Synth 8-7052] The timing for the instance inst/grp_a_star_len_fu_370/closed_set_U/toplevel_a_star_len_closed_set_ram_U/ram_reg_4 (implemented as a Block RAM) might be sub-optimal as no optional output register could be merged into the ram block. Providing additional output register may help in improving timing.
INFO: [Synth 8-7052] The timing for the instance inst/grp_a_star_len_fu_370/closed_set_U/toplevel_a_star_len_closed_set_ram_U/ram_reg_5 (implemented as a Block RAM) might be sub-optimal as no optional output register could be merged into the ram block. Providing additional output register may help in improving timing.
INFO: [Synth 8-7052] The timing for the instance inst/grp_a_star_len_fu_370/closed_set_U/toplevel_a_star_len_closed_set_ram_U/ram_reg_6 (implemented as a Block RAM) might be sub-optimal as no optional output register could be merged into the ram block. Providing additional output register may help in improving timing.
INFO: [Synth 8-7052] The timing for the instance inst/grp_a_star_len_fu_370/closed_set_U/toplevel_a_star_len_closed_set_ram_U/ram_reg_7 (implemented as a Block RAM) might be sub-optimal as no optional output register could be merged into the ram block. Providing additional output register may help in improving timing.
INFO: [Synth 8-7052] The timing for the instance inst/grp_a_star_len_fu_370/open_set_heap_f_score_U/toplevel_a_star_len_open_set_heap_f_score_ram_U/ram_reg_0 (implemented as a Block RAM) might be sub-optimal as no optional output register could be merged into the ram block. Providing additional output register may help in improving timing.
INFO: [Synth 8-7052] The timing for the instance inst/grp_a_star_len_fu_370/open_set_heap_f_score_U/toplevel_a_star_len_open_set_heap_f_score_ram_U/ram_reg_0 (implemented as a Block RAM) might be sub-optimal as no optional output register could be merged into the ram block. Providing additional output register may help in improving timing.
INFO: [Synth 8-7052] The timing for the instance inst/grp_a_star_len_fu_370/open_set_heap_f_score_U/toplevel_a_star_len_open_set_heap_f_score_ram_U/ram_reg_1 (implemented as a Block RAM) might be sub-optimal as no optional output register could be merged into the ram block. Providing additional output register may help in improving timing.
INFO: [Synth 8-7052] The timing for the instance inst/grp_a_star_len_fu_370/open_set_heap_f_score_U/toplevel_a_star_len_open_set_heap_f_score_ram_U/ram_reg_1 (implemented as a Block RAM) might be sub-optimal as no optional output register could be merged into the ram block. Providing additional output register may help in improving timing.
INFO: [Synth 8-7052] The timing for the instance inst/grp_a_star_len_fu_370/open_set_heap_f_score_U/toplevel_a_star_len_open_set_heap_f_score_ram_U/ram_reg_2 (implemented as a Block RAM) might be sub-optimal as no optional output register could be merged into the ram block. Providing additional output register may help in improving timing.
INFO: [Synth 8-7052] The timing for the instance inst/grp_a_star_len_fu_370/open_set_heap_f_score_U/toplevel_a_star_len_open_set_heap_f_score_ram_U/ram_reg_2 (implemented as a Block RAM) might be sub-optimal as no optional output register could be merged into the ram block. Providing additional output register may help in improving timing.
INFO: [Synth 8-7052] The timing for the instance inst/grp_a_star_len_fu_370/open_set_heap_f_score_U/toplevel_a_star_len_open_set_heap_f_score_ram_U/ram_reg_3 (implemented as a Block RAM) might be sub-optimal as no optional output register could be merged into the ram block. Providing additional output register may help in improving timing.
INFO: [Synth 8-7052] The timing for the instance inst/grp_a_star_len_fu_370/open_set_heap_f_score_U/toplevel_a_star_len_open_set_heap_f_score_ram_U/ram_reg_3 (implemented as a Block RAM) might be sub-optimal as no optional output register could be merged into the ram block. Providing additional output register may help in improving timing.
INFO: [Synth 8-7052] The timing for the instance inst/grp_a_star_len_fu_370/open_set_heap_g_score_U/toplevel_a_star_len_open_set_heap_f_score_ram_U/ram_reg_0 (implemented as a Block RAM) might be sub-optimal as no optional output register could be merged into the ram block. Providing additional output register may help in improving timing.
INFO: [Synth 8-7052] The timing for the instance inst/grp_a_star_len_fu_370/open_set_heap_g_score_U/toplevel_a_star_len_open_set_heap_f_score_ram_U/ram_reg_0 (implemented as a Block RAM) might be sub-optimal as no optional output register could be merged into the ram block. Providing additional output register may help in improving timing.
INFO: [Synth 8-7052] The timing for the instance inst/grp_a_star_len_fu_370/open_set_heap_g_score_U/toplevel_a_star_len_open_set_heap_f_score_ram_U/ram_reg_1 (implemented as a Block RAM) might be sub-optimal as no optional output register could be merged into the ram block. Providing additional output register may help in improving timing.
INFO: [Synth 8-7052] The timing for the instance inst/grp_a_star_len_fu_370/open_set_heap_g_score_U/toplevel_a_star_len_open_set_heap_f_score_ram_U/ram_reg_1 (implemented as a Block RAM) might be sub-optimal as no optional output register could be merged into the ram block. Providing additional output register may help in improving timing.
INFO: [Synth 8-7052] The timing for the instance inst/grp_a_star_len_fu_370/open_set_heap_g_score_U/toplevel_a_star_len_open_set_heap_f_score_ram_U/ram_reg_2 (implemented as a Block RAM) might be sub-optimal as no optional output register could be merged into the ram block. Providing additional output register may help in improving timing.
INFO: [Synth 8-7052] The timing for the instance inst/grp_a_star_len_fu_370/open_set_heap_g_score_U/toplevel_a_star_len_open_set_heap_f_score_ram_U/ram_reg_2 (implemented as a Block RAM) might be sub-optimal as no optional output register could be merged into the ram block. Providing additional output register may help in improving timing.
INFO: [Synth 8-7052] The timing for the instance inst/grp_a_star_len_fu_370/open_set_heap_g_score_U/toplevel_a_star_len_open_set_heap_f_score_ram_U/ram_reg_3 (implemented as a Block RAM) might be sub-optimal as no optional output register could be merged into the ram block. Providing additional output register may help in improving timing.
INFO: [Synth 8-7052] The timing for the instance inst/grp_a_star_len_fu_370/open_set_heap_g_score_U/toplevel_a_star_len_open_set_heap_f_score_ram_U/ram_reg_3 (implemented as a Block RAM) might be sub-optimal as no optional output register could be merged into the ram block. Providing additional output register may help in improving timing.
INFO: [Synth 8-7052] The timing for the instance inst/grp_a_star_len_fu_370/open_set_heap_x_U/toplevel_a_star_len_open_set_heap_f_score_ram_U/ram_reg_0 (implemented as a Block RAM) might be sub-optimal as no optional output register could be merged into the ram block. Providing additional output register may help in improving timing.
INFO: [Synth 8-7052] The timing for the instance inst/grp_a_star_len_fu_370/open_set_heap_x_U/toplevel_a_star_len_open_set_heap_f_score_ram_U/ram_reg_0 (implemented as a Block RAM) might be sub-optimal as no optional output register could be merged into the ram block. Providing additional output register may help in improving timing.
INFO: [Synth 8-7052] The timing for the instance inst/grp_a_star_len_fu_370/open_set_heap_x_U/toplevel_a_star_len_open_set_heap_f_score_ram_U/ram_reg_1 (implemented as a Block RAM) might be sub-optimal as no optional output register could be merged into the ram block. Providing additional output register may help in improving timing.
INFO: [Synth 8-7052] The timing for the instance inst/grp_a_star_len_fu_370/open_set_heap_x_U/toplevel_a_star_len_open_set_heap_f_score_ram_U/ram_reg_1 (implemented as a Block RAM) might be sub-optimal as no optional output register could be merged into the ram block. Providing additional output register may help in improving timing.
INFO: [Synth 8-7052] The timing for the instance inst/grp_a_star_len_fu_370/open_set_heap_x_U/toplevel_a_star_len_open_set_heap_f_score_ram_U/ram_reg_2 (implemented as a Block RAM) might be sub-optimal as no optional output register could be merged into the ram block. Providing additional output register may help in improving timing.
INFO: [Synth 8-7052] The timing for the instance inst/grp_a_star_len_fu_370/open_set_heap_x_U/toplevel_a_star_len_open_set_heap_f_score_ram_U/ram_reg_2 (implemented as a Block RAM) might be sub-optimal as no optional output register could be merged into the ram block. Providing additional output register may help in improving timing.
INFO: [Synth 8-7052] The timing for the instance inst/grp_a_star_len_fu_370/open_set_heap_x_U/toplevel_a_star_len_open_set_heap_f_score_ram_U/ram_reg_3 (implemented as a Block RAM) might be sub-optimal as no optional output register could be merged into the ram block. Providing additional output register may help in improving timing.
INFO: [Synth 8-7052] The timing for the instance inst/grp_a_star_len_fu_370/open_set_heap_x_U/toplevel_a_star_len_open_set_heap_f_score_ram_U/ram_reg_3 (implemented as a Block RAM) might be sub-optimal as no optional output register could be merged into the ram block. Providing additional output register may help in improving timing.
INFO: [Synth 8-7052] The timing for the instance inst/grp_a_star_len_fu_370/open_set_heap_y_U/toplevel_a_star_len_open_set_heap_f_score_ram_U/ram_reg_0 (implemented as a Block RAM) might be sub-optimal as no optional output register could be merged into the ram block. Providing additional output register may help in improving timing.
INFO: [Synth 8-7052] The timing for the instance inst/grp_a_star_len_fu_370/open_set_heap_y_U/toplevel_a_star_len_open_set_heap_f_score_ram_U/ram_reg_0 (implemented as a Block RAM) might be sub-optimal as no optional output register could be merged into the ram block. Providing additional output register may help in improving timing.
INFO: [Synth 8-7052] The timing for the instance inst/grp_a_star_len_fu_370/open_set_heap_y_U/toplevel_a_star_len_open_set_heap_f_score_ram_U/ram_reg_1 (implemented as a Block RAM) might be sub-optimal as no optional output register could be merged into the ram block. Providing additional output register may help in improving timing.
INFO: [Synth 8-7052] The timing for the instance inst/grp_a_star_len_fu_370/open_set_heap_y_U/toplevel_a_star_len_open_set_heap_f_score_ram_U/ram_reg_1 (implemented as a Block RAM) might be sub-optimal as no optional output register could be merged into the ram block. Providing additional output register may help in improving timing.
INFO: [Synth 8-7052] The timing for the instance inst/grp_a_star_len_fu_370/open_set_heap_y_U/toplevel_a_star_len_open_set_heap_f_score_ram_U/ram_reg_2 (implemented as a Block RAM) might be sub-optimal as no optional output register could be merged into the ram block. Providing additional output register may help in improving timing.
INFO: [Synth 8-7052] The timing for the instance inst/grp_a_star_len_fu_370/open_set_heap_y_U/toplevel_a_star_len_open_set_heap_f_score_ram_U/ram_reg_2 (implemented as a Block RAM) might be sub-optimal as no optional output register could be merged into the ram block. Providing additional output register may help in improving timing.
INFO: [Synth 8-7052] The timing for the instance inst/grp_a_star_len_fu_370/open_set_heap_y_U/toplevel_a_star_len_open_set_heap_f_score_ram_U/ram_reg_3 (implemented as a Block RAM) might be sub-optimal as no optional output register could be merged into the ram block. Providing additional output register may help in improving timing.
INFO: [Synth 8-7052] The timing for the instance inst/grp_a_star_len_fu_370/open_set_heap_y_U/toplevel_a_star_len_open_set_heap_f_score_ram_U/ram_reg_3 (implemented as a Block RAM) might be sub-optimal as no optional output register could be merged into the ram block. Providing additional output register may help in improving timing.
---------------------------------------------------------------------------------
Finished Technology Mapping : Time (s): cpu = 00:00:25 ; elapsed = 00:00:28 . Memory (MB): peak = 2402.164 ; gain = 107.055 ; free physical = 804 ; free virtual = 5703
---------------------------------------------------------------------------------
---------------------------------------------------------------------------------
Start IO Insertion
---------------------------------------------------------------------------------
---------------------------------------------------------------------------------
Start Flattening Before IO Insertion
---------------------------------------------------------------------------------
---------------------------------------------------------------------------------
Finished Flattening Before IO Insertion
---------------------------------------------------------------------------------
---------------------------------------------------------------------------------
Start Final Netlist Cleanup
---------------------------------------------------------------------------------
---------------------------------------------------------------------------------
Finished Final Netlist Cleanup
---------------------------------------------------------------------------------
---------------------------------------------------------------------------------
Finished IO Insertion : Time (s): cpu = 00:00:27 ; elapsed = 00:00:30 . Memory (MB): peak = 2402.164 ; gain = 107.055 ; free physical = 802 ; free virtual = 5702
---------------------------------------------------------------------------------
---------------------------------------------------------------------------------
Start Renaming Generated Instances
---------------------------------------------------------------------------------
---------------------------------------------------------------------------------
Finished Renaming Generated Instances : Time (s): cpu = 00:00:27 ; elapsed = 00:00:30 . Memory (MB): peak = 2402.164 ; gain = 107.055 ; free physical = 803 ; free virtual = 5703
---------------------------------------------------------------------------------
---------------------------------------------------------------------------------
Start Rebuilding User Hierarchy
---------------------------------------------------------------------------------
---------------------------------------------------------------------------------
Finished Rebuilding User Hierarchy : Time (s): cpu = 00:00:27 ; elapsed = 00:00:30 . Memory (MB): peak = 2402.164 ; gain = 107.055 ; free physical = 802 ; free virtual = 5702
---------------------------------------------------------------------------------
---------------------------------------------------------------------------------
Start Renaming Generated Ports
---------------------------------------------------------------------------------
---------------------------------------------------------------------------------
Finished Renaming Generated Ports : Time (s): cpu = 00:00:27 ; elapsed = 00:00:30 . Memory (MB): peak = 2402.164 ; gain = 107.055 ; free physical = 802 ; free virtual = 5702
---------------------------------------------------------------------------------
---------------------------------------------------------------------------------
Start Handling Custom Attributes
---------------------------------------------------------------------------------
---------------------------------------------------------------------------------
Finished Handling Custom Attributes : Time (s): cpu = 00:00:28 ; elapsed = 00:00:30 . Memory (MB): peak = 2402.164 ; gain = 107.055 ; free physical = 802 ; free virtual = 5702
---------------------------------------------------------------------------------
---------------------------------------------------------------------------------
Start Renaming Generated Nets
---------------------------------------------------------------------------------
---------------------------------------------------------------------------------
Finished Renaming Generated Nets : Time (s): cpu = 00:00:28 ; elapsed = 00:00:30 . Memory (MB): peak = 2402.164 ; gain = 107.055 ; free physical = 802 ; free virtual = 5702
---------------------------------------------------------------------------------
---------------------------------------------------------------------------------
Start ROM, RAM, DSP, Shift Register and Retiming Reporting
---------------------------------------------------------------------------------

Dynamic Shift Register Report:
+------------+-------------+--------+------------+--------+---------+--------+--------+--------+
|Module Name | RTL Name    | Length | Data Width | SRL16E | SRLC32E | Mux F7 | Mux F8 | Mux F9 | 
+------------+-------------+--------+------------+--------+---------+--------+--------+--------+
|dsrl        | mem_reg[4]  | 8      | 8          | 8      | 0       | 0      | 0      | 0      | 
|dsrl__1     | mem_reg[4]  | 96     | 96         | 96     | 0       | 0      | 0      | 0      | 
|dsrl__2     | mem_reg[14] | 2      | 2          | 2      | 0       | 0      | 0      | 0      | 
|dsrl__3     | mem_reg[4]  | 2      | 2          | 2      | 0       | 0      | 0      | 0      | 
+------------+-------------+--------+------------+--------+---------+--------+--------+--------+

---------------------------------------------------------------------------------
Finished ROM, RAM, DSP, Shift Register and Retiming Reporting
---------------------------------------------------------------------------------
---------------------------------------------------------------------------------
Start Writing Synthesis Report
---------------------------------------------------------------------------------

Report BlackBoxes: 
+-+--------------+----------+
| |BlackBox name |Instances |
+-+--------------+----------+
+-+--------------+----------+

Report Cell Usage: 
+------+---------+------+
|      |Cell     |Count |
+------+---------+------+
|1     |CARRY4   |   279|
|2     |DSP48E1  |     6|
|6     |LUT1     |   164|
|7     |LUT2     |   380|
|8     |LUT3     |   816|
|9     |LUT4     |   527|
|10    |LUT5     |   349|
|11    |LUT6     |   685|
|12    |RAM16X1D |    32|
|13    |RAMB18E1 |     2|
|14    |RAMB36E1 |    32|
|17    |SRL16E   |   139|
|18    |FDRE     |  3197|
|19    |FDSE     |    22|
+------+---------+------+
---------------------------------------------------------------------------------
Finished Writing Synthesis Report : Time (s): cpu = 00:00:28 ; elapsed = 00:00:30 . Memory (MB): peak = 2402.164 ; gain = 107.055 ; free physical = 803 ; free virtual = 5703
---------------------------------------------------------------------------------
Synthesis finished with 0 errors, 0 critical warnings and 0 warnings.
Synthesis Optimization Runtime : Time (s): cpu = 00:00:26 ; elapsed = 00:00:28 . Memory (MB): peak = 2402.164 ; gain = 43.156 ; free physical = 855 ; free virtual = 5755
Synthesis Optimization Complete : Time (s): cpu = 00:00:28 ; elapsed = 00:00:30 . Memory (MB): peak = 2402.172 ; gain = 107.055 ; free physical = 855 ; free virtual = 5755
INFO: [Project 1-571] Translating synthesized netlist
Netlist sorting complete. Time (s): cpu = 00:00:00.05 ; elapsed = 00:00:00.04 . Memory (MB): peak = 2402.172 ; gain = 0.000 ; free physical = 946 ; free virtual = 5846
INFO: [Netlist 29-17] Analyzing 351 Unisim elements for replacement
INFO: [Netlist 29-28] Unisim Transformation completed in 0 CPU seconds
INFO: [Project 1-570] Preparing netlist for logic optimization
INFO: [Opt 31-138] Pushed 0 inverter(s) to 0 load pin(s).
Netlist sorting complete. Time (s): cpu = 00:00:00 ; elapsed = 00:00:00 . Memory (MB): peak = 2434.180 ; gain = 0.000 ; free physical = 894 ; free virtual = 5793
INFO: [Project 1-111] Unisim Transformation Summary:
  A total of 32 instances were transformed.
  RAM16X1D => RAM32X1D (RAMD32(x2)): 32 instances

INFO: [Common 17-83] Releasing license: Synthesis
166 Infos, 2 Warnings, 0 Critical Warnings and 0 Errors encountered.
synth_design completed successfully
synth_design: Time (s): cpu = 00:00:34 ; elapsed = 00:00:34 . Memory (MB): peak = 2434.180 ; gain = 139.203 ; free physical = 1026 ; free virtual = 5925
INFO: [Common 17-1381] The checkpoint '/home/tomster12/files/EMBS/vivado/vivado.runs/zybo_design_toplevel_0_1_synth_1/zybo_design_toplevel_0_1.dcp' has been generated.
WARNING: [Common 17-576] 'use_project_ipc' is deprecated. This option is deprecated and no longer used.
INFO: [Coretcl 2-1648] Added synthesis output to IP cache for IP zybo_design_toplevel_0_1, cache-ID = 0841580032cfdc3b
INFO: [Coretcl 2-1174] Renamed 43 cell refs.
INFO: [Common 17-1381] The checkpoint '/home/tomster12/files/EMBS/vivado/vivado.runs/zybo_design_toplevel_0_1_synth_1/zybo_design_toplevel_0_1.dcp' has been generated.
INFO: [runtcl-4] Executing : report_utilization -file zybo_design_toplevel_0_1_utilization_synth.rpt -pb zybo_design_toplevel_0_1_utilization_synth.pb
INFO: [Common 17-206] Exiting Vivado at Tue May  6 00:59:50 2025...
