23:15:34 **** Incremental Build of project zybo_design_wrapper ****
buildplatform.sh 40683 zybo_design_wrapper no_domain_build 
XSDB Server Channel: tcfchan#39
23:15:40 **** Incremental Build of configuration Release for project assessment ****
make all 
make --no-print-directory pre-build
a9-linaro-pre-build-step
 
make --no-print-directory main-build
Building file: ../src/zybo_z7_hdmi/display_ctrl.c
Invoking: ARM v7 gcc compiler
arm-none-eabi-gcc -Wall -O2 -c -fmessage-length=0 -MT"src/zybo_z7_hdmi/display_ctrl.o" -mcpu=cortex-a9 -mfpu=vfpv3 -mfloat-abi=hard -I/home/tomster12/files/EMBS/vitis/zybo_design_wrapper/export/zybo_design_wrapper/sw/zybo_design_wrapper/freertos10_xilinx_ps7_cortexa9_0/bspinclude/include -MMD -MP -MF"src/zybo_z7_hdmi/display_ctrl.d" -MT"src/zybo_z7_hdmi/display_ctrl.o" -o "src/zybo_z7_hdmi/display_ctrl.o" "../src/zybo_z7_hdmi/display_ctrl.c"
Finished building: ../src/zybo_z7_hdmi/display_ctrl.c
 
Building file: ../src/zybo_z7_hdmi/dynclk.c
Invoking: ARM v7 gcc compiler
arm-none-eabi-gcc -Wall -O2 -c -fmessage-length=0 -MT"src/zybo_z7_hdmi/dynclk.o" -mcpu=cortex-a9 -mfpu=vfpv3 -mfloat-abi=hard -I/home/tomster12/files/EMBS/vitis/zybo_design_wrapper/export/zybo_design_wrapper/sw/zybo_design_wrapper/freertos10_xilinx_ps7_cortexa9_0/bspinclude/include -MMD -MP -MF"src/zybo_z7_hdmi/dynclk.d" -MT"src/zybo_z7_hdmi/dynclk.o" -o "src/zybo_z7_hdmi/dynclk.o" "../src/zybo_z7_hdmi/dynclk.c"
Finished building: ../src/zybo_z7_hdmi/dynclk.c
 
Building file: ../src/main.c
Invoking: ARM v7 gcc compiler
arm-none-eabi-gcc -Wall -O2 -c -fmessage-length=0 -MT"src/main.o" -mcpu=cortex-a9 -mfpu=vfpv3 -mfloat-abi=hard -I/home/tomster12/files/EMBS/vitis/zybo_design_wrapper/export/zybo_design_wrapper/sw/zybo_design_wrapper/freertos10_xilinx_ps7_cortexa9_0/bspinclude/include -MMD -MP -MF"src/main.d" -MT"src/main.o" -o "src/main.o" "../src/main.c"
Finished building: ../src/main.c
 
Building target: assessment.elf
Invoking: ARM v7 gcc linker
arm-none-eabi-gcc -mcpu=cortex-a9 -mfpu=vfpv3 -mfloat-abi=hard -Wl,-build-id=none -specs=Xilinx.spec -Wl,-T -Wl,../src/lscript.ld -L/home/tomster12/files/EMBS/vitis/zybo_design_wrapper/export/zybo_design_wrapper/sw/zybo_design_wrapper/freertos10_xilinx_ps7_cortexa9_0/bsplib/lib -o "assessment.elf" ./src/zybo_z7_hdmi/display_ctrl.o ./src/zybo_z7_hdmi/dynclk.o  ./src/main.o   -Wl,--start-group,-lxil,-lfreertos,-lgcc,-lc,--end-group -Wl,--start-group,-lxil,-llwip4,-lgcc,-lc,--end-group
Finished building target: assessment.elf
 
Invoking: ARM v7 Print Size
arm-none-eabi-size assessment.elf  |tee "assessment.elf.size"
   text	   data	    bss	    dec	    hex	filename
 191732	   3544	12638256	12833532	 c3d2fc	assessment.elf
Finished building: assessment.elf.size
 
23:15:46 **** Incremental Build of configuration Release for project assessment_system ****
make all 
Generating bif file for the system project
Executing command '::scw::generate_bif -xpfm /home/tomster12/files/EMBS/vitis/zybo_design_wrapper/export/zybo_design_wrapper/zybo_design_wrapper.xpfm -domains freertos10_xilinx_ps7_cortexa9_0 -bifpath /home/tomster12/files/EMBS/vitis/assessment_system/Release/system.bif' on XSCT
sdcard_gen --xpfm /home/tomster12/files/EMBS/vitis/zybo_design_wrapper/export/zybo_design_wrapper/zybo_design_wrapper.xpfm --sys_config zybo_design_wrapper --bif /home/tomster12/files/EMBS/vitis/assessment_system/Release/system.bif --bitstream /home/tomster12/files/EMBS/vitis/assessment/_ide/bitstream/zybo_design_wrapper.bit --elf /home/tomster12/files/EMBS/vitis/assessment/Release/assessment.elf,ps7_cortexa9_0
creating BOOT.BIN using /home/tomster12/files/EMBS/vitis/assessment/_ide/bitstream/zybo_design_wrapper.bit
Running /opt/Xilinx/Vitis/2020.2/bin/bootgen  -image /home/tomster12/files/EMBS/vitis/assessment_system/Release/sd_card_temp/boot.bif -w -o i BOOT.BIN
