16:09:05 INFO  : Launching XSCT server: xsct -n  -interactive /home/tomster12/files/EMBS/vitis/temp_xsdb_launch_script.tcl
16:09:05 INFO  : Registering command handlers for Vitis TCF services
16:09:07 INFO  : Platform repository initialization has completed.
16:09:07 INFO  : XSCT server has started successfully.
16:09:07 INFO  : Successfully done setting XSCT server connection channel  
16:09:07 INFO  : plnx-install-location is set to ''
16:09:07 INFO  : Successfully done query RDI_DATADIR 
16:09:07 INFO  : Successfully done setting workspace for the tool. 
16:10:08 INFO  : Launching XSCT server: xsct -n  -interactive /home/tomster12/files/EMBS/vitis/temp_xsdb_launch_script.tcl
16:10:08 INFO  : Registering command handlers for Vitis TCF services
16:10:09 INFO  : Platform repository initialization has completed.
16:10:10 INFO  : XSCT server has started successfully.
16:10:10 INFO  : Successfully done setting XSCT server connection channel  
16:10:10 INFO  : plnx-install-location is set to ''
16:10:10 INFO  : Successfully done query RDI_DATADIR 
16:10:10 INFO  : Successfully done setting workspace for the tool. 
11:09:19 INFO  : Launching XSCT server: xsct -n  -interactive /home/tomster12/files/EMBS/vitis/temp_xsdb_launch_script.tcl
11:09:19 INFO  : Registering command handlers for Vitis TCF services
11:09:21 INFO  : Platform repository initialization has completed.
11:09:21 INFO  : XSCT server has started successfully.
11:09:21 INFO  : Successfully done setting XSCT server connection channel  
11:09:21 INFO  : plnx-install-location is set to ''
11:09:21 INFO  : Successfully done setting workspace for the tool. 
11:09:21 INFO  : Successfully done query RDI_DATADIR 
11:26:17 INFO  : Result from executing command 'getProjects': zybo_design_wrapper
11:26:17 INFO  : Result from executing command 'getPlatforms': 
11:26:17 WARN  : An unexpected exception occurred in the module 'platform project logging'
11:26:17 INFO  : Platform 'zybo_design_wrapper' is added to custom repositories.
11:26:21 INFO  : Platform 'zybo_design_wrapper' is added to custom repositories.
11:33:26 INFO  : Result from executing command 'getProjects': zybo_design_wrapper
11:33:26 INFO  : Result from executing command 'getPlatforms': zybo_design_wrapper|/home/tomster12/files/EMBS/vitis/zybo_design_wrapper/export/zybo_design_wrapper/zybo_design_wrapper.xpfm
11:33:29 INFO  : Checking for BSP changes to sync application flags for project 'assessment'...
11:33:29 INFO  : Updating application flags with new BSP settings...
11:33:29 INFO  : Successfully updated application flags for project assessment.
11:34:00 INFO  : Connected to target on host '127.0.0.1' and port '3121'.
11:34:18 INFO  : ----------------XSDB Script----------------
connect -url tcp:127.0.0.1:3121
----------------End of Script----------------

11:34:18 ERROR : Could not find ARM device on the board for connection 'Local'.
Check if the target is in:
1. Split JTAG - No operations are possible with ARM DAP.
2. Non JTAG bootmode - Bootrom may need time to enable DAP.
Please try again.


Troubleshooting hints:
1. Check whether board is connected to system properly.
2. In case of zynq board, check whether Digilent/Xilinx cable switch settings are correct.
3. If you are using Xilinx Platform Cable USB, ensure that status LED is green.
11:38:51 INFO  : Connected to target on host '127.0.0.1' and port '3121'.
11:39:09 INFO  : ----------------XSDB Script----------------
connect -url tcp:127.0.0.1:3121
----------------End of Script----------------

11:39:09 ERROR : Could not find ARM device on the board for connection 'Local'.
Check if the target is in:
1. Split JTAG - No operations are possible with ARM DAP.
2. Non JTAG bootmode - Bootrom may need time to enable DAP.
Please try again.


Troubleshooting hints:
1. Check whether board is connected to system properly.
2. In case of zynq board, check whether Digilent/Xilinx cable switch settings are correct.
3. If you are using Xilinx Platform Cable USB, ensure that status LED is green.
11:45:35 INFO  : Checking for BSP changes to sync application flags for project 'assessment'...
11:45:47 INFO  : Connected to target on host '127.0.0.1' and port '3121'.
11:46:05 INFO  : ----------------XSDB Script----------------
connect -url tcp:127.0.0.1:3121
----------------End of Script----------------

11:46:05 ERROR : Could not find ARM device on the board for connection 'Local'.
Check if the target is in:
1. Split JTAG - No operations are possible with ARM DAP.
2. Non JTAG bootmode - Bootrom may need time to enable DAP.
Please try again.


Troubleshooting hints:
1. Check whether board is connected to system properly.
2. In case of zynq board, check whether Digilent/Xilinx cable switch settings are correct.
3. If you are using Xilinx Platform Cable USB, ensure that status LED is green.
12:06:14 INFO  : Connected through redirection to target on host 'localhost' and port '12345'.
12:06:14 INFO  : Jtag cable 'Digilent Zybo Z7 210351A7809BA' is selected.
12:06:14 INFO  : 'jtag frequency' command is executed.
12:06:15 INFO  : Context for 'APU' is selected.
12:06:15 INFO  : System reset is completed.
12:06:18 INFO  : 'after 3000' command is executed.
12:06:18 INFO  : 'targets -set -filter {jtag_cable_name =~ "Digilent Zybo Z7 210351A7809BA" && level==0 && jtag_device_ctx=="jsn-Zybo Z7-210351A7809BA-13722093-0"}' command is executed.
12:06:20 INFO  : Device configured successfully with "/home/tomster12/files/EMBS/vitis/assessment/_ide/bitstream/zybo_design_wrapper.bit"
12:06:20 INFO  : Context for 'APU' is selected.
12:06:20 INFO  : Hardware design and registers information is loaded from '/home/tomster12/files/EMBS/vitis/zybo_design_wrapper/export/zybo_design_wrapper/hw/zybo_design_wrapper.xsa'.
12:06:20 INFO  : 'configparams force-mem-access 1' command is executed.
12:06:20 INFO  : Context for 'APU' is selected.
12:06:20 INFO  : Sourcing of '/home/tomster12/files/EMBS/vitis/assessment/_ide/psinit/ps7_init.tcl' is done.
12:06:45 INFO  : 'ps7_init' command is executed.
12:06:46 INFO  : 'ps7_post_config' command is executed.
12:06:46 INFO  : Context for processor 'ps7_cortexa9_0' is selected.
12:06:47 INFO  : The application '/home/tomster12/files/EMBS/vitis/assessment/Debug/assessment.elf' is downloaded to processor 'ps7_cortexa9_0'.
12:06:47 INFO  : 'configparams force-mem-access 0' command is executed.
12:06:47 INFO  : ----------------XSDB Script----------------
connect -path [list tcp::1534 tcp:localhost:12345]
targets -set -nocase -filter {name =~"APU*"}
rst -system
after 3000
targets -set -filter {jtag_cable_name =~ "Digilent Zybo Z7 210351A7809BA" && level==0 && jtag_device_ctx=="jsn-Zybo Z7-210351A7809BA-13722093-0"}
fpga -file /home/tomster12/files/EMBS/vitis/assessment/_ide/bitstream/zybo_design_wrapper.bit
targets -set -nocase -filter {name =~"APU*"}
loadhw -hw /home/tomster12/files/EMBS/vitis/zybo_design_wrapper/export/zybo_design_wrapper/hw/zybo_design_wrapper.xsa -mem-ranges [list {0x40000000 0xbfffffff}] -regs
configparams force-mem-access 1
targets -set -nocase -filter {name =~"APU*"}
source /home/tomster12/files/EMBS/vitis/assessment/_ide/psinit/ps7_init.tcl
ps7_init
ps7_post_config
targets -set -nocase -filter {name =~ "*A9*#0"}
dow /home/tomster12/files/EMBS/vitis/assessment/Debug/assessment.elf
configparams force-mem-access 0
----------------End of Script----------------

12:06:47 INFO  : Context for processor 'ps7_cortexa9_0' is selected.
12:06:47 INFO  : 'con' command is executed.
12:06:47 INFO  : ----------------XSDB Script (After Launch)----------------
targets -set -nocase -filter {name =~ "*A9*#0"}
con
----------------End of Script----------------

12:06:47 INFO  : Launch script is exported to file '/home/tomster12/files/EMBS/vitis/assessment_system/_ide/scripts/assessment_system_standalone.tcl'
12:07:31 INFO  : Disconnected from the channel tcfchan#5.
12:07:31 INFO  : Connected through redirection to target on host 'localhost' and port '12345'.
12:07:31 INFO  : Jtag cable 'Digilent Zybo Z7 210351A7809BA' is selected.
12:07:31 INFO  : 'jtag frequency' command is executed.
12:07:31 INFO  : Context for 'APU' is selected.
12:07:32 INFO  : System reset is completed.
12:07:35 INFO  : 'after 3000' command is executed.
12:07:35 INFO  : 'targets -set -filter {jtag_cable_name =~ "Digilent Zybo Z7 210351A7809BA" && level==0 && jtag_device_ctx=="jsn-Zybo Z7-210351A7809BA-13722093-0"}' command is executed.
12:07:36 INFO  : Device configured successfully with "/home/tomster12/files/EMBS/vitis/assessment/_ide/bitstream/zybo_design_wrapper.bit"
12:07:36 INFO  : Context for 'APU' is selected.
12:07:37 INFO  : Hardware design and registers information is loaded from '/home/tomster12/files/EMBS/vitis/zybo_design_wrapper/export/zybo_design_wrapper/hw/zybo_design_wrapper.xsa'.
12:07:37 INFO  : 'configparams force-mem-access 1' command is executed.
12:07:37 INFO  : Context for 'APU' is selected.
12:07:37 INFO  : Sourcing of '/home/tomster12/files/EMBS/vitis/assessment/_ide/psinit/ps7_init.tcl' is done.
12:08:00 INFO  : 'ps7_init' command is executed.
12:08:01 INFO  : 'ps7_post_config' command is executed.
12:08:01 INFO  : Context for processor 'ps7_cortexa9_0' is selected.
12:08:02 INFO  : The application '/home/tomster12/files/EMBS/vitis/assessment/Debug/assessment.elf' is downloaded to processor 'ps7_cortexa9_0'.
12:08:02 INFO  : 'configparams force-mem-access 0' command is executed.
12:08:02 INFO  : ----------------XSDB Script----------------
connect -path [list tcp::1534 tcp:localhost:12345]
targets -set -nocase -filter {name =~"APU*"}
rst -system
after 3000
targets -set -filter {jtag_cable_name =~ "Digilent Zybo Z7 210351A7809BA" && level==0 && jtag_device_ctx=="jsn-Zybo Z7-210351A7809BA-13722093-0"}
fpga -file /home/tomster12/files/EMBS/vitis/assessment/_ide/bitstream/zybo_design_wrapper.bit
targets -set -nocase -filter {name =~"APU*"}
loadhw -hw /home/tomster12/files/EMBS/vitis/zybo_design_wrapper/export/zybo_design_wrapper/hw/zybo_design_wrapper.xsa -mem-ranges [list {0x40000000 0xbfffffff}] -regs
configparams force-mem-access 1
targets -set -nocase -filter {name =~"APU*"}
source /home/tomster12/files/EMBS/vitis/assessment/_ide/psinit/ps7_init.tcl
ps7_init
ps7_post_config
targets -set -nocase -filter {name =~ "*A9*#0"}
dow /home/tomster12/files/EMBS/vitis/assessment/Debug/assessment.elf
configparams force-mem-access 0
----------------End of Script----------------

12:08:02 INFO  : Context for processor 'ps7_cortexa9_0' is selected.
12:08:02 INFO  : 'con' command is executed.
12:08:02 INFO  : ----------------XSDB Script (After Launch)----------------
targets -set -nocase -filter {name =~ "*A9*#0"}
con
----------------End of Script----------------

12:08:02 INFO  : Launch script is exported to file '/home/tomster12/files/EMBS/vitis/assessment_system/_ide/scripts/assessment_system_standalone.tcl'
12:13:57 INFO  : Disconnected from the channel tcfchan#7.
12:20:30 INFO  : Launching XSCT server: xsct -n  -interactive /home/tomster12/files/EMBS/vitis/temp_xsdb_launch_script.tcl
12:20:32 INFO  : XSCT server has started successfully.
12:20:32 INFO  : Successfully done setting XSCT server connection channel  
12:20:32 INFO  : plnx-install-location is set to ''
12:20:32 INFO  : Successfully done setting workspace for the tool. 
12:20:33 INFO  : Platform repository initialization has completed.
12:20:33 INFO  : Registering command handlers for Vitis TCF services
12:20:33 INFO  : Successfully done query RDI_DATADIR 
12:20:50 INFO  : Connected through redirection to target on host 'localhost' and port '12345'.
12:20:50 INFO  : Jtag cable 'Digilent Zybo Z7 210351A7809BA' is selected.
12:20:50 INFO  : 'jtag frequency' command is executed.
12:20:50 INFO  : Context for 'APU' is selected.
12:20:50 INFO  : System reset is completed.
12:20:53 INFO  : 'after 3000' command is executed.
12:20:54 INFO  : 'targets -set -filter {jtag_cable_name =~ "Digilent Zybo Z7 210351A7809BA" && level==0 && jtag_device_ctx=="jsn-Zybo Z7-210351A7809BA-13722093-0"}' command is executed.
12:20:55 INFO  : Device configured successfully with "/home/tomster12/files/EMBS/vitis/assessment/_ide/bitstream/zybo_design_wrapper.bit"
12:20:55 INFO  : Context for 'APU' is selected.
12:20:55 INFO  : Hardware design and registers information is loaded from '/home/tomster12/files/EMBS/vitis/zybo_design_wrapper/export/zybo_design_wrapper/hw/zybo_design_wrapper.xsa'.
12:20:55 INFO  : 'configparams force-mem-access 1' command is executed.
12:20:56 INFO  : Context for 'APU' is selected.
12:20:56 INFO  : Sourcing of '/home/tomster12/files/EMBS/vitis/assessment/_ide/psinit/ps7_init.tcl' is done.
12:21:12 INFO  : 'ps7_init' command is executed.
12:21:13 INFO  : 'ps7_post_config' command is executed.
12:21:13 INFO  : Context for processor 'ps7_cortexa9_0' is selected.
12:21:13 INFO  : The application '/home/tomster12/files/EMBS/vitis/assessment/Debug/assessment.elf' is downloaded to processor 'ps7_cortexa9_0'.
12:21:14 INFO  : 'configparams force-mem-access 0' command is executed.
12:21:14 INFO  : ----------------XSDB Script----------------
connect -path [list tcp::1534 tcp:localhost:12345]
targets -set -nocase -filter {name =~"APU*"}
rst -system
after 3000
targets -set -filter {jtag_cable_name =~ "Digilent Zybo Z7 210351A7809BA" && level==0 && jtag_device_ctx=="jsn-Zybo Z7-210351A7809BA-13722093-0"}
fpga -file /home/tomster12/files/EMBS/vitis/assessment/_ide/bitstream/zybo_design_wrapper.bit
targets -set -nocase -filter {name =~"APU*"}
loadhw -hw /home/tomster12/files/EMBS/vitis/zybo_design_wrapper/export/zybo_design_wrapper/hw/zybo_design_wrapper.xsa -mem-ranges [list {0x40000000 0xbfffffff}] -regs
configparams force-mem-access 1
targets -set -nocase -filter {name =~"APU*"}
source /home/tomster12/files/EMBS/vitis/assessment/_ide/psinit/ps7_init.tcl
ps7_init
ps7_post_config
targets -set -nocase -filter {name =~ "*A9*#0"}
dow /home/tomster12/files/EMBS/vitis/assessment/Debug/assessment.elf
configparams force-mem-access 0
----------------End of Script----------------

12:21:14 INFO  : Context for processor 'ps7_cortexa9_0' is selected.
12:21:14 INFO  : 'con' command is executed.
12:21:14 INFO  : ----------------XSDB Script (After Launch)----------------
targets -set -nocase -filter {name =~ "*A9*#0"}
con
----------------End of Script----------------

12:21:14 INFO  : Launch script is exported to file '/home/tomster12/files/EMBS/vitis/assessment_system/_ide/scripts/assessment_system_standalone.tcl'
12:21:19 INFO  : Checking for BSP changes to sync application flags for project 'assessment'...
12:21:24 ERROR : (XSDB Server)ERROR: [Hsi 55-1571] The design file /home/tomster12/files/EMBS/vitis/zybo_design_wrapper/export/zybo_design_wrapper/hw/zybo_design_wrapper.xsa is already opened

12:21:34 INFO  : Disconnected from the channel tcfchan#1.
12:21:34 INFO  : Connected through redirection to target on host 'localhost' and port '12345'.
12:21:35 INFO  : Jtag cable 'Digilent Zybo Z7 210351A7809BA' is selected.
12:21:35 INFO  : 'jtag frequency' command is executed.
12:21:35 INFO  : Context for 'APU' is selected.
12:21:35 INFO  : System reset is completed.
12:21:38 INFO  : 'after 3000' command is executed.
12:21:38 INFO  : 'targets -set -filter {jtag_cable_name =~ "Digilent Zybo Z7 210351A7809BA" && level==0 && jtag_device_ctx=="jsn-Zybo Z7-210351A7809BA-13722093-0"}' command is executed.
12:21:40 INFO  : Device configured successfully with "/home/tomster12/files/EMBS/vitis/assessment/_ide/bitstream/zybo_design_wrapper.bit"
12:21:40 INFO  : Context for 'APU' is selected.
12:21:41 INFO  : Hardware design and registers information is loaded from '/home/tomster12/files/EMBS/vitis/zybo_design_wrapper/export/zybo_design_wrapper/hw/zybo_design_wrapper.xsa'.
12:21:41 INFO  : 'configparams force-mem-access 1' command is executed.
12:21:41 INFO  : Context for 'APU' is selected.
12:21:41 INFO  : Sourcing of '/home/tomster12/files/EMBS/vitis/assessment/_ide/psinit/ps7_init.tcl' is done.
12:21:57 INFO  : 'ps7_init' command is executed.
12:21:57 INFO  : 'ps7_post_config' command is executed.
12:21:57 INFO  : Context for processor 'ps7_cortexa9_0' is selected.
12:21:58 INFO  : The application '/home/tomster12/files/EMBS/vitis/assessment/Debug/assessment.elf' is downloaded to processor 'ps7_cortexa9_0'.
12:21:58 INFO  : 'configparams force-mem-access 0' command is executed.
12:21:58 INFO  : ----------------XSDB Script----------------
connect -path [list tcp::1534 tcp:localhost:12345]
targets -set -nocase -filter {name =~"APU*"}
rst -system
after 3000
targets -set -filter {jtag_cable_name =~ "Digilent Zybo Z7 210351A7809BA" && level==0 && jtag_device_ctx=="jsn-Zybo Z7-210351A7809BA-13722093-0"}
fpga -file /home/tomster12/files/EMBS/vitis/assessment/_ide/bitstream/zybo_design_wrapper.bit
targets -set -nocase -filter {name =~"APU*"}
loadhw -hw /home/tomster12/files/EMBS/vitis/zybo_design_wrapper/export/zybo_design_wrapper/hw/zybo_design_wrapper.xsa -mem-ranges [list {0x40000000 0xbfffffff}] -regs
configparams force-mem-access 1
targets -set -nocase -filter {name =~"APU*"}
source /home/tomster12/files/EMBS/vitis/assessment/_ide/psinit/ps7_init.tcl
ps7_init
ps7_post_config
targets -set -nocase -filter {name =~ "*A9*#0"}
dow /home/tomster12/files/EMBS/vitis/assessment/Debug/assessment.elf
configparams force-mem-access 0
----------------End of Script----------------

12:21:59 INFO  : Context for processor 'ps7_cortexa9_0' is selected.
12:21:59 INFO  : 'con' command is executed.
12:21:59 INFO  : ----------------XSDB Script (After Launch)----------------
targets -set -nocase -filter {name =~ "*A9*#0"}
con
----------------End of Script----------------

12:21:59 INFO  : Launch script is exported to file '/home/tomster12/files/EMBS/vitis/assessment_system/_ide/scripts/assessment_system_standalone.tcl'
12:22:49 INFO  : Disconnected from the channel tcfchan#3.
13:26:33 INFO  : Launching XSCT server: xsct -n  -interactive /home/tomster12/files/EMBS/vitis/temp_xsdb_launch_script.tcl
13:26:35 INFO  : XSCT server has started successfully.
13:26:35 INFO  : plnx-install-location is set to ''
13:26:35 INFO  : Successfully done setting XSCT server connection channel  
13:26:35 INFO  : Successfully done setting workspace for the tool. 
13:26:35 INFO  : Platform repository initialization has completed.
13:26:35 INFO  : Registering command handlers for Vitis TCF services
13:26:36 INFO  : Successfully done query RDI_DATADIR 
13:27:23 INFO  : Hardware specification for platform project 'zybo_design_wrapper' is updated.
14:06:26 INFO  : Hardware specification for platform project 'zybo_design_wrapper' is updated.
14:06:43 INFO  : Result from executing command 'getProjects': zybo_design_wrapper
14:06:43 INFO  : Result from executing command 'getPlatforms': zybo_design_wrapper|/home/tomster12/files/EMBS/vitis/zybo_design_wrapper/export/zybo_design_wrapper/zybo_design_wrapper.xpfm
14:06:47 INFO  : Checking for BSP changes to sync application flags for project 'assessment'...
14:06:47 INFO  : Updating application flags with new BSP settings...
14:06:48 INFO  : Successfully updated application flags for project assessment.
14:06:49 INFO  : The hardware specfication used by project 'assessment' is out of sync with the platform. Resource files extracted from the hardware specfiication will be updated.
14:06:49 INFO  : The file '/home/tomster12/files/EMBS/vitis/assessment/_ide/bitstream/zybo_design_wrapper.bit' stored in project is removed.
14:06:49 INFO  : The updated bitstream files are copied from platform to folder '/home/tomster12/files/EMBS/vitis/assessment/_ide/bitstream' in project 'assessment'.
14:06:49 INFO  : The file '/home/tomster12/files/EMBS/vitis/assessment/_ide/psinit/ps7_init.tcl' stored in project is removed.
14:06:52 INFO  : The updated ps init files are copied from platform to folder '/home/tomster12/files/EMBS/vitis/assessment/_ide/psinit' in project 'assessment'.
14:08:21 INFO  : Checking for BSP changes to sync application flags for project 'assessment'...
14:08:37 INFO  : Checking for BSP changes to sync application flags for project 'assessment'...
14:08:46 INFO  : Checking for BSP changes to sync application flags for project 'assessment'...
14:09:00 INFO  : Checking for BSP changes to sync application flags for project 'assessment'...
14:09:03 INFO  : Checking for BSP changes to sync application flags for project 'assessment'...
14:09:23 INFO  : Connected through redirection to target on host 'localhost' and port '12345'.
14:09:23 INFO  : Jtag cable 'Digilent Zybo Z7 210351A7800AA' is selected.
14:09:23 INFO  : 'jtag frequency' command is executed.
14:09:23 INFO  : Context for 'APU' is selected.
14:09:23 INFO  : System reset is completed.
14:09:27 INFO  : 'after 3000' command is executed.
14:09:27 INFO  : 'targets -set -filter {jtag_cable_name =~ "Digilent Zybo Z7 210351A7800AA" && level==0 && jtag_device_ctx=="jsn-Zybo Z7-210351A7800AA-13722093-0"}' command is executed.
14:09:28 INFO  : Device configured successfully with "/home/tomster12/files/EMBS/vitis/assessment/_ide/bitstream/zybo_design_wrapper.bit"
14:09:29 INFO  : Context for 'APU' is selected.
14:09:29 INFO  : Hardware design and registers information is loaded from '/home/tomster12/files/EMBS/vitis/zybo_design_wrapper/export/zybo_design_wrapper/hw/zybo_design_wrapper.xsa'.
14:09:29 INFO  : 'configparams force-mem-access 1' command is executed.
14:09:29 INFO  : Context for 'APU' is selected.
14:09:29 INFO  : Sourcing of '/home/tomster12/files/EMBS/vitis/assessment/_ide/psinit/ps7_init.tcl' is done.
14:09:50 INFO  : 'ps7_init' command is executed.
14:09:50 INFO  : 'ps7_post_config' command is executed.
14:09:50 INFO  : Context for processor 'ps7_cortexa9_0' is selected.
14:09:51 INFO  : The application '/home/tomster12/files/EMBS/vitis/assessment/Debug/assessment.elf' is downloaded to processor 'ps7_cortexa9_0'.
14:09:51 INFO  : 'configparams force-mem-access 0' command is executed.
14:09:51 INFO  : ----------------XSDB Script----------------
connect -path [list tcp::1534 tcp:localhost:12345]
targets -set -nocase -filter {name =~"APU*"}
rst -system
after 3000
targets -set -filter {jtag_cable_name =~ "Digilent Zybo Z7 210351A7800AA" && level==0 && jtag_device_ctx=="jsn-Zybo Z7-210351A7800AA-13722093-0"}
fpga -file /home/tomster12/files/EMBS/vitis/assessment/_ide/bitstream/zybo_design_wrapper.bit
targets -set -nocase -filter {name =~"APU*"}
loadhw -hw /home/tomster12/files/EMBS/vitis/zybo_design_wrapper/export/zybo_design_wrapper/hw/zybo_design_wrapper.xsa -mem-ranges [list {0x40000000 0xbfffffff}] -regs
configparams force-mem-access 1
targets -set -nocase -filter {name =~"APU*"}
source /home/tomster12/files/EMBS/vitis/assessment/_ide/psinit/ps7_init.tcl
ps7_init
ps7_post_config
targets -set -nocase -filter {name =~ "*A9*#0"}
dow /home/tomster12/files/EMBS/vitis/assessment/Debug/assessment.elf
configparams force-mem-access 0
----------------End of Script----------------

14:09:52 INFO  : Context for processor 'ps7_cortexa9_0' is selected.
14:09:52 INFO  : 'con' command is executed.
14:09:52 INFO  : ----------------XSDB Script (After Launch)----------------
targets -set -nocase -filter {name =~ "*A9*#0"}
con
----------------End of Script----------------

14:09:52 INFO  : Launch script is exported to file '/home/tomster12/files/EMBS/vitis/assessment_system/_ide/scripts/assessment_system_standalone.tcl'
14:13:50 WARN  : channel "tcfchan#6" closed
14:13:54 ERROR : (XSDB Server)Hangup

14:15:38 INFO  : Launching XSCT server: xsct -n  -interactive /home/tomster12/files/EMBS/vitis/temp_xsdb_launch_script.tcl
14:15:40 INFO  : XSCT server has started successfully.
14:15:40 INFO  : Successfully done setting XSCT server connection channel  
14:15:40 INFO  : plnx-install-location is set to ''
14:15:40 INFO  : Successfully done setting workspace for the tool. 
14:15:41 INFO  : Platform repository initialization has completed.
14:15:41 INFO  : Registering command handlers for Vitis TCF services
14:15:41 INFO  : Successfully done query RDI_DATADIR 
14:16:10 INFO  : Connected through redirection to target on host 'localhost' and port '12345'.
14:16:11 INFO  : Jtag cable 'Digilent Zybo Z7 210351A780DAA' is selected.
14:16:11 INFO  : 'jtag frequency' command is executed.
14:16:11 INFO  : Context for 'APU' is selected.
14:16:11 INFO  : System reset is completed.
14:16:14 INFO  : 'after 3000' command is executed.
14:16:15 INFO  : 'targets -set -filter {jtag_cable_name =~ "Digilent Zybo Z7 210351A780DAA" && level==0 && jtag_device_ctx=="jsn-Zybo Z7-210351A780DAA-13722093-0"}' command is executed.
14:16:16 INFO  : Device configured successfully with "/home/tomster12/files/EMBS/vitis/assessment/_ide/bitstream/zybo_design_wrapper.bit"
14:16:16 INFO  : Context for 'APU' is selected.
14:16:16 INFO  : Hardware design and registers information is loaded from '/home/tomster12/files/EMBS/vitis/zybo_design_wrapper/export/zybo_design_wrapper/hw/zybo_design_wrapper.xsa'.
14:16:16 INFO  : 'configparams force-mem-access 1' command is executed.
14:16:16 INFO  : Context for 'APU' is selected.
14:16:16 INFO  : Sourcing of '/home/tomster12/files/EMBS/vitis/assessment/_ide/psinit/ps7_init.tcl' is done.
14:16:40 INFO  : 'ps7_init' command is executed.
14:16:41 INFO  : 'ps7_post_config' command is executed.
14:16:41 INFO  : Context for processor 'ps7_cortexa9_0' is selected.
14:16:42 INFO  : The application '/home/tomster12/files/EMBS/vitis/assessment/Debug/assessment.elf' is downloaded to processor 'ps7_cortexa9_0'.
14:16:42 INFO  : 'configparams force-mem-access 0' command is executed.
14:16:42 INFO  : ----------------XSDB Script----------------
connect -path [list tcp::1534 tcp:localhost:12345]
targets -set -nocase -filter {name =~"APU*"}
rst -system
after 3000
targets -set -filter {jtag_cable_name =~ "Digilent Zybo Z7 210351A780DAA" && level==0 && jtag_device_ctx=="jsn-Zybo Z7-210351A780DAA-13722093-0"}
fpga -file /home/tomster12/files/EMBS/vitis/assessment/_ide/bitstream/zybo_design_wrapper.bit
targets -set -nocase -filter {name =~"APU*"}
loadhw -hw /home/tomster12/files/EMBS/vitis/zybo_design_wrapper/export/zybo_design_wrapper/hw/zybo_design_wrapper.xsa -mem-ranges [list {0x40000000 0xbfffffff}] -regs
configparams force-mem-access 1
targets -set -nocase -filter {name =~"APU*"}
source /home/tomster12/files/EMBS/vitis/assessment/_ide/psinit/ps7_init.tcl
ps7_init
ps7_post_config
targets -set -nocase -filter {name =~ "*A9*#0"}
dow /home/tomster12/files/EMBS/vitis/assessment/Debug/assessment.elf
configparams force-mem-access 0
----------------End of Script----------------

14:16:42 INFO  : Context for processor 'ps7_cortexa9_0' is selected.
14:16:42 INFO  : 'con' command is executed.
14:16:42 INFO  : ----------------XSDB Script (After Launch)----------------
targets -set -nocase -filter {name =~ "*A9*#0"}
con
----------------End of Script----------------

14:16:42 INFO  : Launch script is exported to file '/home/tomster12/files/EMBS/vitis/assessment_system/_ide/scripts/assessment_system_standalone.tcl'
14:20:53 INFO  : Result from executing command 'getProjects': zybo_design_wrapper
14:20:53 INFO  : Result from executing command 'getPlatforms': zybo_design_wrapper|/home/tomster12/files/EMBS/vitis/zybo_design_wrapper/export/zybo_design_wrapper/zybo_design_wrapper.xpfm
14:20:56 INFO  : Checking for BSP changes to sync application flags for project 'assessment'...
15:10:13 INFO  : Checking for BSP changes to sync application flags for project 'assessment'...
15:11:11 INFO  : Checking for BSP changes to sync application flags for project 'assessment'...
15:11:26 INFO  : Checking for BSP changes to sync application flags for project 'assessment'...
15:11:41 INFO  : Checking for BSP changes to sync application flags for project 'assessment'...
15:12:07 INFO  : Checking for BSP changes to sync application flags for project 'assessment'...
15:12:21 INFO  : Checking for BSP changes to sync application flags for project 'assessment'...
15:12:25 INFO  : Checking for BSP changes to sync application flags for project 'assessment'...
15:12:39 INFO  : Checking for BSP changes to sync application flags for project 'assessment'...
15:12:52 INFO  : Checking for BSP changes to sync application flags for project 'assessment'...
15:13:02 INFO  : Checking for BSP changes to sync application flags for project 'assessment'...
15:13:06 INFO  : Checking for BSP changes to sync application flags for project 'assessment'...
15:14:11 INFO  : Checking for BSP changes to sync application flags for project 'assessment'...
15:14:17 INFO  : Checking for BSP changes to sync application flags for project 'assessment'...
15:14:23 INFO  : Checking for BSP changes to sync application flags for project 'assessment'...
15:14:29 INFO  : Checking for BSP changes to sync application flags for project 'assessment'...
15:14:43 INFO  : Checking for BSP changes to sync application flags for project 'assessment'...
15:14:55 INFO  : Checking for BSP changes to sync application flags for project 'assessment'...
15:16:08 INFO  : Checking for BSP changes to sync application flags for project 'assessment'...
15:16:54 INFO  : Checking for BSP changes to sync application flags for project 'assessment'...
15:17:05 INFO  : Checking for BSP changes to sync application flags for project 'assessment'...
15:18:20 INFO  : Checking for BSP changes to sync application flags for project 'assessment'...
15:18:31 INFO  : Disconnected from the channel tcfchan#1.
15:18:31 INFO  : Connected through redirection to target on host 'localhost' and port '12345'.
15:18:31 INFO  : Jtag cable 'Digilent Zybo Z7 210351A780DAA' is selected.
15:18:31 INFO  : 'jtag frequency' command is executed.
15:18:31 INFO  : Context for 'APU' is selected.
15:18:32 INFO  : System reset is completed.
15:18:35 INFO  : 'after 3000' command is executed.
15:18:35 INFO  : 'targets -set -filter {jtag_cable_name =~ "Digilent Zybo Z7 210351A780DAA" && level==0 && jtag_device_ctx=="jsn-Zybo Z7-210351A780DAA-13722093-0"}' command is executed.
15:18:36 INFO  : Device configured successfully with "/home/tomster12/files/EMBS/vitis/assessment/_ide/bitstream/zybo_design_wrapper.bit"
15:18:36 INFO  : Context for 'APU' is selected.
15:18:37 INFO  : Hardware design and registers information is loaded from '/home/tomster12/files/EMBS/vitis/zybo_design_wrapper/export/zybo_design_wrapper/hw/zybo_design_wrapper.xsa'.
15:18:37 INFO  : 'configparams force-mem-access 1' command is executed.
15:18:37 INFO  : Context for 'APU' is selected.
15:18:37 INFO  : Sourcing of '/home/tomster12/files/EMBS/vitis/assessment/_ide/psinit/ps7_init.tcl' is done.
15:19:01 INFO  : 'ps7_init' command is executed.
15:19:01 INFO  : 'ps7_post_config' command is executed.
15:19:01 INFO  : Context for processor 'ps7_cortexa9_0' is selected.
15:19:02 INFO  : The application '/home/tomster12/files/EMBS/vitis/assessment/Debug/assessment.elf' is downloaded to processor 'ps7_cortexa9_0'.
15:19:03 INFO  : 'configparams force-mem-access 0' command is executed.
15:19:03 INFO  : ----------------XSDB Script----------------
connect -path [list tcp::1534 tcp:localhost:12345]
targets -set -nocase -filter {name =~"APU*"}
rst -system
after 3000
targets -set -filter {jtag_cable_name =~ "Digilent Zybo Z7 210351A780DAA" && level==0 && jtag_device_ctx=="jsn-Zybo Z7-210351A780DAA-13722093-0"}
fpga -file /home/tomster12/files/EMBS/vitis/assessment/_ide/bitstream/zybo_design_wrapper.bit
targets -set -nocase -filter {name =~"APU*"}
loadhw -hw /home/tomster12/files/EMBS/vitis/zybo_design_wrapper/export/zybo_design_wrapper/hw/zybo_design_wrapper.xsa -mem-ranges [list {0x40000000 0xbfffffff}] -regs
configparams force-mem-access 1
targets -set -nocase -filter {name =~"APU*"}
source /home/tomster12/files/EMBS/vitis/assessment/_ide/psinit/ps7_init.tcl
ps7_init
ps7_post_config
targets -set -nocase -filter {name =~ "*A9*#0"}
dow /home/tomster12/files/EMBS/vitis/assessment/Debug/assessment.elf
configparams force-mem-access 0
----------------End of Script----------------

15:19:03 INFO  : Context for processor 'ps7_cortexa9_0' is selected.
15:19:03 INFO  : 'con' command is executed.
15:19:03 INFO  : ----------------XSDB Script (After Launch)----------------
targets -set -nocase -filter {name =~ "*A9*#0"}
con
----------------End of Script----------------

15:19:03 INFO  : Launch script is exported to file '/home/tomster12/files/EMBS/vitis/assessment_system/_ide/scripts/assessment_system_standalone.tcl'
15:44:19 INFO  : Checking for BSP changes to sync application flags for project 'assessment'...
15:47:00 INFO  : Checking for BSP changes to sync application flags for project 'assessment'...
15:47:12 INFO  : Checking for BSP changes to sync application flags for project 'assessment'...
15:47:23 INFO  : Checking for BSP changes to sync application flags for project 'assessment'...
15:47:28 INFO  : Checking for BSP changes to sync application flags for project 'assessment'...
15:47:41 INFO  : Disconnected from the channel tcfchan#8.
15:47:41 INFO  : Connected through redirection to target on host 'localhost' and port '12345'.
15:47:41 INFO  : Jtag cable 'Digilent Zybo Z7 210351A780DAA' is selected.
15:47:41 INFO  : 'jtag frequency' command is executed.
15:47:41 INFO  : Context for 'APU' is selected.
15:47:41 INFO  : System reset is completed.
15:47:44 INFO  : 'after 3000' command is executed.
15:47:45 INFO  : 'targets -set -filter {jtag_cable_name =~ "Digilent Zybo Z7 210351A780DAA" && level==0 && jtag_device_ctx=="jsn-Zybo Z7-210351A780DAA-13722093-0"}' command is executed.
15:47:46 INFO  : Device configured successfully with "/home/tomster12/files/EMBS/vitis/assessment/_ide/bitstream/zybo_design_wrapper.bit"
15:47:46 INFO  : Context for 'APU' is selected.
15:47:46 INFO  : Hardware design and registers information is loaded from '/home/tomster12/files/EMBS/vitis/zybo_design_wrapper/export/zybo_design_wrapper/hw/zybo_design_wrapper.xsa'.
15:47:46 INFO  : 'configparams force-mem-access 1' command is executed.
15:47:46 INFO  : Context for 'APU' is selected.
15:47:46 INFO  : Sourcing of '/home/tomster12/files/EMBS/vitis/assessment/_ide/psinit/ps7_init.tcl' is done.
15:48:12 INFO  : 'ps7_init' command is executed.
15:48:13 INFO  : 'ps7_post_config' command is executed.
15:48:13 INFO  : Context for processor 'ps7_cortexa9_0' is selected.
15:48:14 INFO  : The application '/home/tomster12/files/EMBS/vitis/assessment/Debug/assessment.elf' is downloaded to processor 'ps7_cortexa9_0'.
15:48:14 INFO  : 'configparams force-mem-access 0' command is executed.
15:48:14 INFO  : ----------------XSDB Script----------------
connect -path [list tcp::1534 tcp:localhost:12345]
targets -set -nocase -filter {name =~"APU*"}
rst -system
after 3000
targets -set -filter {jtag_cable_name =~ "Digilent Zybo Z7 210351A780DAA" && level==0 && jtag_device_ctx=="jsn-Zybo Z7-210351A780DAA-13722093-0"}
fpga -file /home/tomster12/files/EMBS/vitis/assessment/_ide/bitstream/zybo_design_wrapper.bit
targets -set -nocase -filter {name =~"APU*"}
loadhw -hw /home/tomster12/files/EMBS/vitis/zybo_design_wrapper/export/zybo_design_wrapper/hw/zybo_design_wrapper.xsa -mem-ranges [list {0x40000000 0xbfffffff}] -regs
configparams force-mem-access 1
targets -set -nocase -filter {name =~"APU*"}
source /home/tomster12/files/EMBS/vitis/assessment/_ide/psinit/ps7_init.tcl
ps7_init
ps7_post_config
targets -set -nocase -filter {name =~ "*A9*#0"}
dow /home/tomster12/files/EMBS/vitis/assessment/Debug/assessment.elf
configparams force-mem-access 0
----------------End of Script----------------

15:48:15 INFO  : Context for processor 'ps7_cortexa9_0' is selected.
15:48:15 INFO  : 'con' command is executed.
15:48:15 INFO  : ----------------XSDB Script (After Launch)----------------
targets -set -nocase -filter {name =~ "*A9*#0"}
con
----------------End of Script----------------

15:48:15 INFO  : Launch script is exported to file '/home/tomster12/files/EMBS/vitis/assessment_system/_ide/scripts/assessment_system_standalone.tcl'
15:49:23 INFO  : Disconnected from the channel tcfchan#9.
15:49:23 INFO  : Connected through redirection to target on host 'localhost' and port '12345'.
15:49:23 INFO  : Jtag cable 'Digilent Zybo Z7 210351A780DAA' is selected.
15:49:23 INFO  : 'jtag frequency' command is executed.
15:49:23 INFO  : Context for 'APU' is selected.
15:49:24 INFO  : System reset is completed.
15:49:27 INFO  : 'after 3000' command is executed.
15:49:27 INFO  : 'targets -set -filter {jtag_cable_name =~ "Digilent Zybo Z7 210351A780DAA" && level==0 && jtag_device_ctx=="jsn-Zybo Z7-210351A780DAA-13722093-0"}' command is executed.
15:49:28 INFO  : Device configured successfully with "/home/tomster12/files/EMBS/vitis/assessment/_ide/bitstream/zybo_design_wrapper.bit"
15:49:28 INFO  : Context for 'APU' is selected.
15:49:28 INFO  : Hardware design and registers information is loaded from '/home/tomster12/files/EMBS/vitis/zybo_design_wrapper/export/zybo_design_wrapper/hw/zybo_design_wrapper.xsa'.
15:49:28 INFO  : 'configparams force-mem-access 1' command is executed.
15:49:29 INFO  : Context for 'APU' is selected.
15:49:29 INFO  : Sourcing of '/home/tomster12/files/EMBS/vitis/assessment/_ide/psinit/ps7_init.tcl' is done.
15:49:52 INFO  : 'ps7_init' command is executed.
15:49:53 INFO  : 'ps7_post_config' command is executed.
15:49:53 INFO  : Context for processor 'ps7_cortexa9_0' is selected.
15:49:54 INFO  : The application '/home/tomster12/files/EMBS/vitis/assessment/Debug/assessment.elf' is downloaded to processor 'ps7_cortexa9_0'.
15:49:54 INFO  : 'configparams force-mem-access 0' command is executed.
15:49:54 INFO  : ----------------XSDB Script----------------
connect -path [list tcp::1534 tcp:localhost:12345]
targets -set -nocase -filter {name =~"APU*"}
rst -system
after 3000
targets -set -filter {jtag_cable_name =~ "Digilent Zybo Z7 210351A780DAA" && level==0 && jtag_device_ctx=="jsn-Zybo Z7-210351A780DAA-13722093-0"}
fpga -file /home/tomster12/files/EMBS/vitis/assessment/_ide/bitstream/zybo_design_wrapper.bit
targets -set -nocase -filter {name =~"APU*"}
loadhw -hw /home/tomster12/files/EMBS/vitis/zybo_design_wrapper/export/zybo_design_wrapper/hw/zybo_design_wrapper.xsa -mem-ranges [list {0x40000000 0xbfffffff}] -regs
configparams force-mem-access 1
targets -set -nocase -filter {name =~"APU*"}
source /home/tomster12/files/EMBS/vitis/assessment/_ide/psinit/ps7_init.tcl
ps7_init
ps7_post_config
targets -set -nocase -filter {name =~ "*A9*#0"}
dow /home/tomster12/files/EMBS/vitis/assessment/Debug/assessment.elf
configparams force-mem-access 0
----------------End of Script----------------

15:49:54 INFO  : Context for processor 'ps7_cortexa9_0' is selected.
15:49:54 INFO  : 'con' command is executed.
15:49:54 INFO  : ----------------XSDB Script (After Launch)----------------
targets -set -nocase -filter {name =~ "*A9*#0"}
con
----------------End of Script----------------

15:49:54 INFO  : Launch script is exported to file '/home/tomster12/files/EMBS/vitis/assessment_system/_ide/scripts/assessment_system_standalone.tcl'
15:52:16 INFO  : Checking for BSP changes to sync application flags for project 'assessment'...
15:52:21 INFO  : Checking for BSP changes to sync application flags for project 'assessment'...
15:52:57 INFO  : Checking for BSP changes to sync application flags for project 'assessment'...
15:53:03 INFO  : Checking for BSP changes to sync application flags for project 'assessment'...
15:53:26 INFO  : Checking for BSP changes to sync application flags for project 'assessment'...
16:12:51 INFO  : Checking for BSP changes to sync application flags for project 'assessment'...
16:13:03 INFO  : Checking for BSP changes to sync application flags for project 'assessment'...
16:13:15 INFO  : Checking for BSP changes to sync application flags for project 'assessment'...
16:13:32 INFO  : Checking for BSP changes to sync application flags for project 'assessment'...
16:13:46 INFO  : Disconnected from the channel tcfchan#10.
16:13:46 INFO  : Connected through redirection to target on host 'localhost' and port '12345'.
16:13:46 INFO  : Jtag cable 'Digilent Zybo Z7 210351A780DAA' is selected.
16:13:46 INFO  : 'jtag frequency' command is executed.
16:13:46 INFO  : Context for 'APU' is selected.
16:13:46 INFO  : System reset is completed.
16:13:49 INFO  : 'after 3000' command is executed.
16:13:49 INFO  : 'targets -set -filter {jtag_cable_name =~ "Digilent Zybo Z7 210351A780DAA" && level==0 && jtag_device_ctx=="jsn-Zybo Z7-210351A780DAA-13722093-0"}' command is executed.
16:13:51 INFO  : Device configured successfully with "/home/tomster12/files/EMBS/vitis/assessment/_ide/bitstream/zybo_design_wrapper.bit"
16:13:51 INFO  : Context for 'APU' is selected.
16:13:51 INFO  : Hardware design and registers information is loaded from '/home/tomster12/files/EMBS/vitis/zybo_design_wrapper/export/zybo_design_wrapper/hw/zybo_design_wrapper.xsa'.
16:13:51 INFO  : 'configparams force-mem-access 1' command is executed.
16:13:52 INFO  : Context for 'APU' is selected.
16:13:52 INFO  : Sourcing of '/home/tomster12/files/EMBS/vitis/assessment/_ide/psinit/ps7_init.tcl' is done.
16:14:16 INFO  : 'ps7_init' command is executed.
16:14:17 INFO  : 'ps7_post_config' command is executed.
16:14:17 INFO  : Context for processor 'ps7_cortexa9_0' is selected.
16:14:17 INFO  : The application '/home/tomster12/files/EMBS/vitis/assessment/Debug/assessment.elf' is downloaded to processor 'ps7_cortexa9_0'.
16:14:18 INFO  : 'configparams force-mem-access 0' command is executed.
16:14:18 INFO  : ----------------XSDB Script----------------
connect -path [list tcp::1534 tcp:localhost:12345]
targets -set -nocase -filter {name =~"APU*"}
rst -system
after 3000
targets -set -filter {jtag_cable_name =~ "Digilent Zybo Z7 210351A780DAA" && level==0 && jtag_device_ctx=="jsn-Zybo Z7-210351A780DAA-13722093-0"}
fpga -file /home/tomster12/files/EMBS/vitis/assessment/_ide/bitstream/zybo_design_wrapper.bit
targets -set -nocase -filter {name =~"APU*"}
loadhw -hw /home/tomster12/files/EMBS/vitis/zybo_design_wrapper/export/zybo_design_wrapper/hw/zybo_design_wrapper.xsa -mem-ranges [list {0x40000000 0xbfffffff}] -regs
configparams force-mem-access 1
targets -set -nocase -filter {name =~"APU*"}
source /home/tomster12/files/EMBS/vitis/assessment/_ide/psinit/ps7_init.tcl
ps7_init
ps7_post_config
targets -set -nocase -filter {name =~ "*A9*#0"}
dow /home/tomster12/files/EMBS/vitis/assessment/Debug/assessment.elf
configparams force-mem-access 0
----------------End of Script----------------

16:14:18 INFO  : Context for processor 'ps7_cortexa9_0' is selected.
16:14:18 INFO  : 'con' command is executed.
16:14:18 INFO  : ----------------XSDB Script (After Launch)----------------
targets -set -nocase -filter {name =~ "*A9*#0"}
con
----------------End of Script----------------

16:14:18 INFO  : Launch script is exported to file '/home/tomster12/files/EMBS/vitis/assessment_system/_ide/scripts/assessment_system_standalone.tcl'
16:18:14 INFO  : Disconnected from the channel tcfchan#12.
16:21:38 INFO  : Launching XSCT server: xsct -n  -interactive /home/tomster12/files/EMBS/vitis/temp_xsdb_launch_script.tcl
16:21:40 INFO  : XSCT server has started successfully.
16:21:40 INFO  : Successfully done setting XSCT server connection channel  
16:21:40 INFO  : plnx-install-location is set to ''
16:21:40 INFO  : Successfully done setting workspace for the tool. 
16:21:41 INFO  : Platform repository initialization has completed.
16:21:41 INFO  : Registering command handlers for Vitis TCF services
16:21:41 INFO  : Successfully done query RDI_DATADIR 
16:59:25 INFO  : Checking for BSP changes to sync application flags for project 'assessment'...
16:59:31 ERROR : (XSDB Server)ERROR: [Hsi 55-1571] The design file /home/tomster12/files/EMBS/vitis/zybo_design_wrapper/export/zybo_design_wrapper/hw/zybo_design_wrapper.xsa is already opened

16:59:36 INFO  : Checking for BSP changes to sync application flags for project 'assessment'...
16:59:39 ERROR : (XSDB Server)ERROR: [Hsi 55-1571] The design file /home/tomster12/files/EMBS/vitis/zybo_design_wrapper/export/zybo_design_wrapper/hw/zybo_design_wrapper.xsa is already opened

17:00:01 INFO  : Checking for BSP changes to sync application flags for project 'assessment'...
17:00:04 ERROR : (XSDB Server)ERROR: [Hsi 55-1571] The design file /home/tomster12/files/EMBS/vitis/zybo_design_wrapper/export/zybo_design_wrapper/hw/zybo_design_wrapper.xsa is already opened

17:00:20 INFO  : Connected through redirection to target on host 'localhost' and port '12345'.
17:00:20 INFO  : Jtag cable 'Digilent Zybo Z7 210351A780DAA' is selected.
17:00:20 INFO  : 'jtag frequency' command is executed.
17:00:20 INFO  : Context for 'APU' is selected.
17:00:20 INFO  : System reset is completed.
17:00:23 INFO  : 'after 3000' command is executed.
17:00:23 INFO  : 'targets -set -filter {jtag_cable_name =~ "Digilent Zybo Z7 210351A780DAA" && level==0 && jtag_device_ctx=="jsn-Zybo Z7-210351A780DAA-13722093-0"}' command is executed.
17:00:25 INFO  : Device configured successfully with "/home/tomster12/files/EMBS/vitis/assessment/_ide/bitstream/zybo_design_wrapper.bit"
17:00:25 INFO  : Context for 'APU' is selected.
17:00:25 INFO  : Hardware design and registers information is loaded from '/home/tomster12/files/EMBS/vitis/zybo_design_wrapper/export/zybo_design_wrapper/hw/zybo_design_wrapper.xsa'.
17:00:25 INFO  : 'configparams force-mem-access 1' command is executed.
17:00:25 INFO  : Context for 'APU' is selected.
17:00:25 INFO  : Sourcing of '/home/tomster12/files/EMBS/vitis/assessment/_ide/psinit/ps7_init.tcl' is done.
17:00:37 INFO  : 'ps7_init' command is executed.
17:00:38 INFO  : 'ps7_post_config' command is executed.
17:00:38 INFO  : Context for processor 'ps7_cortexa9_0' is selected.
17:00:39 INFO  : The application '/home/tomster12/files/EMBS/vitis/assessment/Debug/assessment.elf' is downloaded to processor 'ps7_cortexa9_0'.
17:00:39 INFO  : 'configparams force-mem-access 0' command is executed.
17:00:39 INFO  : ----------------XSDB Script----------------
connect -path [list tcp::1534 tcp:localhost:12345]
targets -set -nocase -filter {name =~"APU*"}
rst -system
after 3000
targets -set -filter {jtag_cable_name =~ "Digilent Zybo Z7 210351A780DAA" && level==0 && jtag_device_ctx=="jsn-Zybo Z7-210351A780DAA-13722093-0"}
fpga -file /home/tomster12/files/EMBS/vitis/assessment/_ide/bitstream/zybo_design_wrapper.bit
targets -set -nocase -filter {name =~"APU*"}
loadhw -hw /home/tomster12/files/EMBS/vitis/zybo_design_wrapper/export/zybo_design_wrapper/hw/zybo_design_wrapper.xsa -mem-ranges [list {0x40000000 0xbfffffff}] -regs
configparams force-mem-access 1
targets -set -nocase -filter {name =~"APU*"}
source /home/tomster12/files/EMBS/vitis/assessment/_ide/psinit/ps7_init.tcl
ps7_init
ps7_post_config
targets -set -nocase -filter {name =~ "*A9*#0"}
dow /home/tomster12/files/EMBS/vitis/assessment/Debug/assessment.elf
configparams force-mem-access 0
----------------End of Script----------------

17:00:40 INFO  : Context for processor 'ps7_cortexa9_0' is selected.
17:00:40 INFO  : 'con' command is executed.
17:00:40 INFO  : ----------------XSDB Script (After Launch)----------------
targets -set -nocase -filter {name =~ "*A9*#0"}
con
----------------End of Script----------------

17:00:40 INFO  : Launch script is exported to file '/home/tomster12/files/EMBS/vitis/assessment_system/_ide/scripts/assessment_system_standalone.tcl'
17:03:03 INFO  : Checking for BSP changes to sync application flags for project 'assessment'...
17:03:06 ERROR : (XSDB Server)ERROR: [Hsi 55-1571] The design file /home/tomster12/files/EMBS/vitis/zybo_design_wrapper/export/zybo_design_wrapper/hw/zybo_design_wrapper.xsa is already opened

17:03:10 INFO  : Disconnected from the channel tcfchan#4.
17:03:10 INFO  : Connected through redirection to target on host 'localhost' and port '12345'.
17:03:11 INFO  : Jtag cable 'Digilent Zybo Z7 210351A780DAA' is selected.
17:03:11 INFO  : 'jtag frequency' command is executed.
17:03:11 INFO  : Context for 'APU' is selected.
17:03:11 INFO  : System reset is completed.
17:03:14 INFO  : 'after 3000' command is executed.
17:03:14 INFO  : 'targets -set -filter {jtag_cable_name =~ "Digilent Zybo Z7 210351A780DAA" && level==0 && jtag_device_ctx=="jsn-Zybo Z7-210351A780DAA-13722093-0"}' command is executed.
17:03:16 INFO  : Device configured successfully with "/home/tomster12/files/EMBS/vitis/assessment/_ide/bitstream/zybo_design_wrapper.bit"
17:03:16 INFO  : Context for 'APU' is selected.
17:03:17 INFO  : Hardware design and registers information is loaded from '/home/tomster12/files/EMBS/vitis/zybo_design_wrapper/export/zybo_design_wrapper/hw/zybo_design_wrapper.xsa'.
17:03:17 INFO  : 'configparams force-mem-access 1' command is executed.
17:03:17 INFO  : Context for 'APU' is selected.
17:03:17 INFO  : Sourcing of '/home/tomster12/files/EMBS/vitis/assessment/_ide/psinit/ps7_init.tcl' is done.
17:03:30 INFO  : 'ps7_init' command is executed.
17:03:31 INFO  : 'ps7_post_config' command is executed.
17:03:31 INFO  : Context for processor 'ps7_cortexa9_0' is selected.
17:03:32 INFO  : The application '/home/tomster12/files/EMBS/vitis/assessment/Debug/assessment.elf' is downloaded to processor 'ps7_cortexa9_0'.
17:03:32 INFO  : 'configparams force-mem-access 0' command is executed.
17:03:32 INFO  : ----------------XSDB Script----------------
connect -path [list tcp::1534 tcp:localhost:12345]
targets -set -nocase -filter {name =~"APU*"}
rst -system
after 3000
targets -set -filter {jtag_cable_name =~ "Digilent Zybo Z7 210351A780DAA" && level==0 && jtag_device_ctx=="jsn-Zybo Z7-210351A780DAA-13722093-0"}
fpga -file /home/tomster12/files/EMBS/vitis/assessment/_ide/bitstream/zybo_design_wrapper.bit
targets -set -nocase -filter {name =~"APU*"}
loadhw -hw /home/tomster12/files/EMBS/vitis/zybo_design_wrapper/export/zybo_design_wrapper/hw/zybo_design_wrapper.xsa -mem-ranges [list {0x40000000 0xbfffffff}] -regs
configparams force-mem-access 1
targets -set -nocase -filter {name =~"APU*"}
source /home/tomster12/files/EMBS/vitis/assessment/_ide/psinit/ps7_init.tcl
ps7_init
ps7_post_config
targets -set -nocase -filter {name =~ "*A9*#0"}
dow /home/tomster12/files/EMBS/vitis/assessment/Debug/assessment.elf
configparams force-mem-access 0
----------------End of Script----------------

17:03:32 INFO  : Context for processor 'ps7_cortexa9_0' is selected.
17:03:32 INFO  : 'con' command is executed.
17:03:32 INFO  : ----------------XSDB Script (After Launch)----------------
targets -set -nocase -filter {name =~ "*A9*#0"}
con
----------------End of Script----------------

17:03:32 INFO  : Launch script is exported to file '/home/tomster12/files/EMBS/vitis/assessment_system/_ide/scripts/assessment_system_standalone.tcl'
17:13:41 INFO  : Checking for BSP changes to sync application flags for project 'assessment'...
17:13:44 ERROR : (XSDB Server)ERROR: [Hsi 55-1571] The design file /home/tomster12/files/EMBS/vitis/zybo_design_wrapper/export/zybo_design_wrapper/hw/zybo_design_wrapper.xsa is already opened

17:13:55 INFO  : Disconnected from the channel tcfchan#6.
17:13:55 INFO  : Connected through redirection to target on host 'localhost' and port '12345'.
17:13:55 INFO  : Jtag cable 'Digilent Zybo Z7 210351A780DAA' is selected.
17:13:56 INFO  : 'jtag frequency' command is executed.
17:13:56 INFO  : Context for 'APU' is selected.
17:13:56 INFO  : System reset is completed.
17:13:59 INFO  : 'after 3000' command is executed.
17:13:59 INFO  : 'targets -set -filter {jtag_cable_name =~ "Digilent Zybo Z7 210351A780DAA" && level==0 && jtag_device_ctx=="jsn-Zybo Z7-210351A780DAA-13722093-0"}' command is executed.
17:14:00 INFO  : Device configured successfully with "/home/tomster12/files/EMBS/vitis/assessment/_ide/bitstream/zybo_design_wrapper.bit"
17:14:01 INFO  : Context for 'APU' is selected.
17:14:02 INFO  : Hardware design and registers information is loaded from '/home/tomster12/files/EMBS/vitis/zybo_design_wrapper/export/zybo_design_wrapper/hw/zybo_design_wrapper.xsa'.
17:14:02 INFO  : 'configparams force-mem-access 1' command is executed.
17:14:02 INFO  : Context for 'APU' is selected.
17:14:02 INFO  : Sourcing of '/home/tomster12/files/EMBS/vitis/assessment/_ide/psinit/ps7_init.tcl' is done.
17:14:14 INFO  : 'ps7_init' command is executed.
17:14:15 INFO  : 'ps7_post_config' command is executed.
17:14:15 INFO  : Context for processor 'ps7_cortexa9_0' is selected.
17:14:15 INFO  : The application '/home/tomster12/files/EMBS/vitis/assessment/Debug/assessment.elf' is downloaded to processor 'ps7_cortexa9_0'.
17:14:15 INFO  : 'configparams force-mem-access 0' command is executed.
17:14:15 INFO  : ----------------XSDB Script----------------
connect -path [list tcp::1534 tcp:localhost:12345]
targets -set -nocase -filter {name =~"APU*"}
rst -system
after 3000
targets -set -filter {jtag_cable_name =~ "Digilent Zybo Z7 210351A780DAA" && level==0 && jtag_device_ctx=="jsn-Zybo Z7-210351A780DAA-13722093-0"}
fpga -file /home/tomster12/files/EMBS/vitis/assessment/_ide/bitstream/zybo_design_wrapper.bit
targets -set -nocase -filter {name =~"APU*"}
loadhw -hw /home/tomster12/files/EMBS/vitis/zybo_design_wrapper/export/zybo_design_wrapper/hw/zybo_design_wrapper.xsa -mem-ranges [list {0x40000000 0xbfffffff}] -regs
configparams force-mem-access 1
targets -set -nocase -filter {name =~"APU*"}
source /home/tomster12/files/EMBS/vitis/assessment/_ide/psinit/ps7_init.tcl
ps7_init
ps7_post_config
targets -set -nocase -filter {name =~ "*A9*#0"}
dow /home/tomster12/files/EMBS/vitis/assessment/Debug/assessment.elf
configparams force-mem-access 0
----------------End of Script----------------

17:14:16 INFO  : Context for processor 'ps7_cortexa9_0' is selected.
17:14:16 INFO  : 'con' command is executed.
17:14:16 INFO  : ----------------XSDB Script (After Launch)----------------
targets -set -nocase -filter {name =~ "*A9*#0"}
con
----------------End of Script----------------

17:14:16 INFO  : Launch script is exported to file '/home/tomster12/files/EMBS/vitis/assessment_system/_ide/scripts/assessment_system_standalone.tcl'
17:14:43 INFO  : Checking for BSP changes to sync application flags for project 'assessment'...
17:14:46 ERROR : (XSDB Server)ERROR: [Hsi 55-1571] The design file /home/tomster12/files/EMBS/vitis/zybo_design_wrapper/export/zybo_design_wrapper/hw/zybo_design_wrapper.xsa is already opened

17:15:08 INFO  : Disconnected from the channel tcfchan#8.
17:15:08 INFO  : Connected through redirection to target on host 'localhost' and port '12345'.
17:15:08 INFO  : Jtag cable 'Digilent Zybo Z7 210351A780DAA' is selected.
17:15:08 INFO  : 'jtag frequency' command is executed.
17:15:09 INFO  : Context for 'APU' is selected.
17:15:09 INFO  : System reset is completed.
17:15:12 INFO  : 'after 3000' command is executed.
17:15:12 INFO  : 'targets -set -filter {jtag_cable_name =~ "Digilent Zybo Z7 210351A780DAA" && level==0 && jtag_device_ctx=="jsn-Zybo Z7-210351A780DAA-13722093-0"}' command is executed.
17:15:13 INFO  : Device configured successfully with "/home/tomster12/files/EMBS/vitis/assessment/_ide/bitstream/zybo_design_wrapper.bit"
17:15:13 INFO  : Context for 'APU' is selected.
17:15:14 INFO  : Hardware design and registers information is loaded from '/home/tomster12/files/EMBS/vitis/zybo_design_wrapper/export/zybo_design_wrapper/hw/zybo_design_wrapper.xsa'.
17:15:14 INFO  : 'configparams force-mem-access 1' command is executed.
17:15:15 INFO  : Context for 'APU' is selected.
17:15:15 INFO  : Sourcing of '/home/tomster12/files/EMBS/vitis/assessment/_ide/psinit/ps7_init.tcl' is done.
17:15:26 INFO  : 'ps7_init' command is executed.
17:15:27 INFO  : 'ps7_post_config' command is executed.
17:15:27 INFO  : Context for processor 'ps7_cortexa9_0' is selected.
17:15:27 INFO  : The application '/home/tomster12/files/EMBS/vitis/assessment/Debug/assessment.elf' is downloaded to processor 'ps7_cortexa9_0'.
17:15:28 INFO  : 'configparams force-mem-access 0' command is executed.
17:15:28 INFO  : ----------------XSDB Script----------------
connect -path [list tcp::1534 tcp:localhost:12345]
targets -set -nocase -filter {name =~"APU*"}
rst -system
after 3000
targets -set -filter {jtag_cable_name =~ "Digilent Zybo Z7 210351A780DAA" && level==0 && jtag_device_ctx=="jsn-Zybo Z7-210351A780DAA-13722093-0"}
fpga -file /home/tomster12/files/EMBS/vitis/assessment/_ide/bitstream/zybo_design_wrapper.bit
targets -set -nocase -filter {name =~"APU*"}
loadhw -hw /home/tomster12/files/EMBS/vitis/zybo_design_wrapper/export/zybo_design_wrapper/hw/zybo_design_wrapper.xsa -mem-ranges [list {0x40000000 0xbfffffff}] -regs
configparams force-mem-access 1
targets -set -nocase -filter {name =~"APU*"}
source /home/tomster12/files/EMBS/vitis/assessment/_ide/psinit/ps7_init.tcl
ps7_init
ps7_post_config
targets -set -nocase -filter {name =~ "*A9*#0"}
dow /home/tomster12/files/EMBS/vitis/assessment/Debug/assessment.elf
configparams force-mem-access 0
----------------End of Script----------------

17:15:28 INFO  : Context for processor 'ps7_cortexa9_0' is selected.
17:15:28 INFO  : 'con' command is executed.
17:15:28 INFO  : ----------------XSDB Script (After Launch)----------------
targets -set -nocase -filter {name =~ "*A9*#0"}
con
----------------End of Script----------------

17:15:28 INFO  : Launch script is exported to file '/home/tomster12/files/EMBS/vitis/assessment_system/_ide/scripts/assessment_system_standalone.tcl'
17:19:42 INFO  : Checking for BSP changes to sync application flags for project 'assessment'...
17:19:45 ERROR : (XSDB Server)ERROR: [Hsi 55-1571] The design file /home/tomster12/files/EMBS/vitis/zybo_design_wrapper/export/zybo_design_wrapper/hw/zybo_design_wrapper.xsa is already opened

17:19:51 INFO  : Disconnected from the channel tcfchan#10.
17:19:51 INFO  : Connected through redirection to target on host 'localhost' and port '12345'.
17:19:51 INFO  : Jtag cable 'Digilent Zybo Z7 210351A780DAA' is selected.
17:19:51 INFO  : 'jtag frequency' command is executed.
17:19:51 INFO  : Context for 'APU' is selected.
17:19:51 INFO  : System reset is completed.
17:19:54 INFO  : 'after 3000' command is executed.
17:19:55 INFO  : 'targets -set -filter {jtag_cable_name =~ "Digilent Zybo Z7 210351A780DAA" && level==0 && jtag_device_ctx=="jsn-Zybo Z7-210351A780DAA-13722093-0"}' command is executed.
17:19:56 INFO  : Device configured successfully with "/home/tomster12/files/EMBS/vitis/assessment/_ide/bitstream/zybo_design_wrapper.bit"
17:19:56 INFO  : Context for 'APU' is selected.
17:19:58 INFO  : Hardware design and registers information is loaded from '/home/tomster12/files/EMBS/vitis/zybo_design_wrapper/export/zybo_design_wrapper/hw/zybo_design_wrapper.xsa'.
17:19:58 INFO  : 'configparams force-mem-access 1' command is executed.
17:19:58 INFO  : Context for 'APU' is selected.
17:19:58 INFO  : Sourcing of '/home/tomster12/files/EMBS/vitis/assessment/_ide/psinit/ps7_init.tcl' is done.
17:20:10 INFO  : 'ps7_init' command is executed.
17:20:10 INFO  : 'ps7_post_config' command is executed.
17:20:10 INFO  : Context for processor 'ps7_cortexa9_0' is selected.
17:20:11 INFO  : The application '/home/tomster12/files/EMBS/vitis/assessment/Debug/assessment.elf' is downloaded to processor 'ps7_cortexa9_0'.
17:20:12 INFO  : 'configparams force-mem-access 0' command is executed.
17:20:12 INFO  : ----------------XSDB Script----------------
connect -path [list tcp::1534 tcp:localhost:12345]
targets -set -nocase -filter {name =~"APU*"}
rst -system
after 3000
targets -set -filter {jtag_cable_name =~ "Digilent Zybo Z7 210351A780DAA" && level==0 && jtag_device_ctx=="jsn-Zybo Z7-210351A780DAA-13722093-0"}
fpga -file /home/tomster12/files/EMBS/vitis/assessment/_ide/bitstream/zybo_design_wrapper.bit
targets -set -nocase -filter {name =~"APU*"}
loadhw -hw /home/tomster12/files/EMBS/vitis/zybo_design_wrapper/export/zybo_design_wrapper/hw/zybo_design_wrapper.xsa -mem-ranges [list {0x40000000 0xbfffffff}] -regs
configparams force-mem-access 1
targets -set -nocase -filter {name =~"APU*"}
source /home/tomster12/files/EMBS/vitis/assessment/_ide/psinit/ps7_init.tcl
ps7_init
ps7_post_config
targets -set -nocase -filter {name =~ "*A9*#0"}
dow /home/tomster12/files/EMBS/vitis/assessment/Debug/assessment.elf
configparams force-mem-access 0
----------------End of Script----------------

17:20:12 INFO  : Context for processor 'ps7_cortexa9_0' is selected.
17:20:12 INFO  : 'con' command is executed.
17:20:12 INFO  : ----------------XSDB Script (After Launch)----------------
targets -set -nocase -filter {name =~ "*A9*#0"}
con
----------------End of Script----------------

17:20:12 INFO  : Launch script is exported to file '/home/tomster12/files/EMBS/vitis/assessment_system/_ide/scripts/assessment_system_standalone.tcl'
17:33:23 INFO  : Checking for BSP changes to sync application flags for project 'assessment'...
17:33:26 ERROR : (XSDB Server)ERROR: [Hsi 55-1571] The design file /home/tomster12/files/EMBS/vitis/zybo_design_wrapper/export/zybo_design_wrapper/hw/zybo_design_wrapper.xsa is already opened

17:33:37 INFO  : Disconnected from the channel tcfchan#12.
17:33:37 INFO  : Connected through redirection to target on host 'localhost' and port '12345'.
17:33:37 INFO  : Jtag cable 'Digilent Zybo Z7 210351A780DAA' is selected.
17:33:37 INFO  : 'jtag frequency' command is executed.
17:33:38 INFO  : Context for 'APU' is selected.
17:33:38 INFO  : System reset is completed.
17:33:41 INFO  : 'after 3000' command is executed.
17:33:41 INFO  : 'targets -set -filter {jtag_cable_name =~ "Digilent Zybo Z7 210351A780DAA" && level==0 && jtag_device_ctx=="jsn-Zybo Z7-210351A780DAA-13722093-0"}' command is executed.
17:33:42 INFO  : Device configured successfully with "/home/tomster12/files/EMBS/vitis/assessment/_ide/bitstream/zybo_design_wrapper.bit"
17:33:42 INFO  : Context for 'APU' is selected.
17:33:44 INFO  : Hardware design and registers information is loaded from '/home/tomster12/files/EMBS/vitis/zybo_design_wrapper/export/zybo_design_wrapper/hw/zybo_design_wrapper.xsa'.
17:33:44 INFO  : 'configparams force-mem-access 1' command is executed.
17:33:44 INFO  : Context for 'APU' is selected.
17:33:44 INFO  : Sourcing of '/home/tomster12/files/EMBS/vitis/assessment/_ide/psinit/ps7_init.tcl' is done.
17:33:56 INFO  : 'ps7_init' command is executed.
17:33:56 INFO  : 'ps7_post_config' command is executed.
17:33:56 INFO  : Context for processor 'ps7_cortexa9_0' is selected.
17:33:57 INFO  : The application '/home/tomster12/files/EMBS/vitis/assessment/Debug/assessment.elf' is downloaded to processor 'ps7_cortexa9_0'.
17:33:57 INFO  : 'configparams force-mem-access 0' command is executed.
17:33:57 INFO  : ----------------XSDB Script----------------
connect -path [list tcp::1534 tcp:localhost:12345]
targets -set -nocase -filter {name =~"APU*"}
rst -system
after 3000
targets -set -filter {jtag_cable_name =~ "Digilent Zybo Z7 210351A780DAA" && level==0 && jtag_device_ctx=="jsn-Zybo Z7-210351A780DAA-13722093-0"}
fpga -file /home/tomster12/files/EMBS/vitis/assessment/_ide/bitstream/zybo_design_wrapper.bit
targets -set -nocase -filter {name =~"APU*"}
loadhw -hw /home/tomster12/files/EMBS/vitis/zybo_design_wrapper/export/zybo_design_wrapper/hw/zybo_design_wrapper.xsa -mem-ranges [list {0x40000000 0xbfffffff}] -regs
configparams force-mem-access 1
targets -set -nocase -filter {name =~"APU*"}
source /home/tomster12/files/EMBS/vitis/assessment/_ide/psinit/ps7_init.tcl
ps7_init
ps7_post_config
targets -set -nocase -filter {name =~ "*A9*#0"}
dow /home/tomster12/files/EMBS/vitis/assessment/Debug/assessment.elf
configparams force-mem-access 0
----------------End of Script----------------

17:33:58 INFO  : Context for processor 'ps7_cortexa9_0' is selected.
17:33:58 INFO  : 'con' command is executed.
17:33:58 INFO  : ----------------XSDB Script (After Launch)----------------
targets -set -nocase -filter {name =~ "*A9*#0"}
con
----------------End of Script----------------

17:33:58 INFO  : Launch script is exported to file '/home/tomster12/files/EMBS/vitis/assessment_system/_ide/scripts/assessment_system_standalone.tcl'
17:34:27 INFO  : Checking for BSP changes to sync application flags for project 'assessment'...
17:34:30 ERROR : (XSDB Server)ERROR: [Hsi 55-1571] The design file /home/tomster12/files/EMBS/vitis/zybo_design_wrapper/export/zybo_design_wrapper/hw/zybo_design_wrapper.xsa is already opened

17:34:41 INFO  : Disconnected from the channel tcfchan#14.
17:34:41 INFO  : Connected through redirection to target on host 'localhost' and port '12345'.
17:34:42 INFO  : Jtag cable 'Digilent Zybo Z7 210351A780DAA' is selected.
17:34:42 INFO  : 'jtag frequency' command is executed.
17:34:42 INFO  : Context for 'APU' is selected.
17:34:42 INFO  : System reset is completed.
17:34:45 INFO  : 'after 3000' command is executed.
17:34:45 INFO  : 'targets -set -filter {jtag_cable_name =~ "Digilent Zybo Z7 210351A780DAA" && level==0 && jtag_device_ctx=="jsn-Zybo Z7-210351A780DAA-13722093-0"}' command is executed.
17:34:46 ERROR : 'fpga -file /home/tomster12/files/EMBS/vitis/assessment/_ide/bitstream/zybo_design_wrapper.bit' is cancelled.
17:34:46 ERROR : Exception occured while running Program Device.
java.lang.RuntimeException: 'fpga -file /home/tomster12/files/EMBS/vitis/assessment/_ide/bitstream/zybo_design_wrapper.bit' is cancelled.
17:34:46 INFO  : ----------------XSDB Script----------------
connect -path [list tcp::1534 tcp:localhost:12345]
targets -set -nocase -filter {name =~"APU*"}
rst -system
after 3000
----------------End of Script----------------

17:34:46 ERROR : 'fpga -file /home/tomster12/files/EMBS/vitis/assessment/_ide/bitstream/zybo_design_wrapper.bit' is cancelled.
17:34:53 INFO  : Connected through redirection to target on host 'localhost' and port '12345'.
17:34:53 INFO  : Jtag cable 'Digilent Zybo Z7 210351A780DAA' is selected.
17:34:53 INFO  : 'jtag frequency' command is executed.
17:34:53 INFO  : Context for 'APU' is selected.
17:34:54 INFO  : System reset is completed.
17:34:57 INFO  : 'after 3000' command is executed.
17:34:57 INFO  : 'targets -set -filter {jtag_cable_name =~ "Digilent Zybo Z7 210351A780DAA" && level==0 && jtag_device_ctx=="jsn-Zybo Z7-210351A780DAA-13722093-0"}' command is executed.
17:34:58 INFO  : Device configured successfully with "/home/tomster12/files/EMBS/vitis/assessment/_ide/bitstream/zybo_design_wrapper.bit"
17:34:58 INFO  : Context for 'APU' is selected.
17:35:00 INFO  : Hardware design and registers information is loaded from '/home/tomster12/files/EMBS/vitis/zybo_design_wrapper/export/zybo_design_wrapper/hw/zybo_design_wrapper.xsa'.
17:35:00 INFO  : 'configparams force-mem-access 1' command is executed.
17:35:00 INFO  : Context for 'APU' is selected.
17:35:00 INFO  : Sourcing of '/home/tomster12/files/EMBS/vitis/assessment/_ide/psinit/ps7_init.tcl' is done.
17:35:11 INFO  : 'ps7_init' command is executed.
17:35:12 INFO  : 'ps7_post_config' command is executed.
17:35:12 INFO  : Context for processor 'ps7_cortexa9_0' is selected.
17:35:12 INFO  : The application '/home/tomster12/files/EMBS/vitis/assessment/Debug/assessment.elf' is downloaded to processor 'ps7_cortexa9_0'.
17:35:13 INFO  : 'configparams force-mem-access 0' command is executed.
17:35:13 INFO  : ----------------XSDB Script----------------
connect -path [list tcp::1534 tcp:localhost:12345]
targets -set -nocase -filter {name =~"APU*"}
rst -system
after 3000
targets -set -filter {jtag_cable_name =~ "Digilent Zybo Z7 210351A780DAA" && level==0 && jtag_device_ctx=="jsn-Zybo Z7-210351A780DAA-13722093-0"}
fpga -file /home/tomster12/files/EMBS/vitis/assessment/_ide/bitstream/zybo_design_wrapper.bit
targets -set -nocase -filter {name =~"APU*"}
loadhw -hw /home/tomster12/files/EMBS/vitis/zybo_design_wrapper/export/zybo_design_wrapper/hw/zybo_design_wrapper.xsa -mem-ranges [list {0x40000000 0xbfffffff}] -regs
configparams force-mem-access 1
targets -set -nocase -filter {name =~"APU*"}
source /home/tomster12/files/EMBS/vitis/assessment/_ide/psinit/ps7_init.tcl
ps7_init
ps7_post_config
targets -set -nocase -filter {name =~ "*A9*#0"}
dow /home/tomster12/files/EMBS/vitis/assessment/Debug/assessment.elf
configparams force-mem-access 0
----------------End of Script----------------

17:35:13 INFO  : Context for processor 'ps7_cortexa9_0' is selected.
17:35:13 INFO  : 'con' command is executed.
17:35:13 INFO  : ----------------XSDB Script (After Launch)----------------
targets -set -nocase -filter {name =~ "*A9*#0"}
con
----------------End of Script----------------

17:35:13 INFO  : Launch script is exported to file '/home/tomster12/files/EMBS/vitis/assessment_system/_ide/scripts/assessment_system_standalone.tcl'
