

================================================================
== Vitis HLS Report for 'toplevel'
================================================================
* Date:           Fri May  9 12:17:48 2025

* Version:        2020.2.2 (Build 3118627 on Tue Feb  9 05:13:49 MST 2021)
* Project:        assessment
* Solution:       solution1 (Vivado IP Flow Target)
* Product family: zynq
* Target device:  xc7z010-clg400-1


================================================================
== Performance Estimates
================================================================
+ Timing: 
    * Summary: 
    +--------+----------+----------+------------+
    |  Clock |  Target  | Estimated| Uncertainty|
    +--------+----------+----------+------------+
    |ap_clk  |  10.00 ns|  7.300 ns|     2.70 ns|
    +--------+----------+----------+------------+

+ Latency: 
    * Summary: 
    +---------+---------+----------+----------+-----+-----+---------+
    |  Latency (cycles) |  Latency (absolute) |  Interval | Pipeline|
    |   min   |   max   |    min   |    max   | min | max |   Type  |
    +---------+---------+----------+----------+-----+-----+---------+
    |        ?|        ?|         ?|         ?|    ?|    ?|     none|
    +---------+---------+----------+----------+-----+-----+---------+

    + Detail: 
        * Instance: 
        +------------------------+------------+---------+---------+-----------+----------+-----+-----+---------+
        |                        |            |  Latency (cycles) |  Latency (absolute)  |  Interval | Pipeline|
        |        Instance        |   Module   |   min   |   max   |    min    |    max   | min | max |   Type  |
        +------------------------+------------+---------+---------+-----------+----------+-----+-----+---------+
        |grp_os_sift_up_fu_3919  |os_sift_up  |        9|       58|  90.000 ns|  0.580 us|    9|   58|     none|
        +------------------------+------------+---------+---------+-----------+----------+-----+-----+---------+

        * Loop: 
        +--------------------------+---------+---------+------------+-----------+-----------+------------+----------+
        |                          |  Latency (cycles) |  Iteration |  Initiation Interval  |    Trip    |          |
        |         Loop Name        |   min   |   max   |   Latency  |  achieved |   target  |    Count   | Pipelined|
        +--------------------------+---------+---------+------------+-----------+-----------+------------+----------+
        |- COPY_RAM_LOOP           |     7814|     7814|           3|          1|          1|        7813|       yes|
        |- WAYPOINT_EXTRACT_LOOP   |        ?|        ?|           3|          1|          1|           ?|       yes|
        |- WAYPOINT_LOOP           |        ?|        ?|           ?|          -|          -|           ?|        no|
        | + EMPTY_GRID_INFO_LOOP   |        1|   250000|           1|          1|          1|  1 ~ 250000|       yes|
        | + RESET_WORLD_LOOP       |     7814|     7814|           3|          1|          1|        7813|       yes|
        | + AS_SEARCH_LOOP         |        ?|        ?|  14 ~ 60390|          -|          -|           ?|        no|
        |  ++ SIFT_DOWN_COPY_LOOP  |        2|       32|           2|          -|          -|      1 ~ 16|        no|
        |  ++ OS_FIND_LOOP         |        3|    15002|           3|          -|          -|    1 ~ 5000|        no|
        |  ++ OS_FIND_LOOP         |        3|    15002|           3|          -|          -|    1 ~ 5000|        no|
        |  ++ OS_FIND_LOOP         |        3|    15002|           3|          -|          -|    1 ~ 5000|        no|
        |  ++ OS_FIND_LOOP         |        3|    15002|           3|          -|          -|    1 ~ 5000|        no|
        | + MAKE_PATH_LOOP         |        8|    16384|           8|          -|          -|    1 ~ 2048|        no|
        +--------------------------+---------+---------+------------+-----------+-----------+------------+----------+



================================================================
== Utilization Estimates
================================================================
* Summary: 
+-----------------+---------+----+-------+-------+-----+
|       Name      | BRAM_18K| DSP|   FF  |  LUT  | URAM|
+-----------------+---------+----+-------+-------+-----+
|DSP              |        -|   5|      -|      -|    -|
|Expression       |        -|   -|      0|   4894|    -|
|FIFO             |        -|   -|      -|      -|    -|
|Instance         |        2|   -|   1616|   4395|    -|
|Memory           |       64|   -|    186|   3152|    -|
|Multiplexer      |        -|   -|      -|   5183|    -|
|Register         |        -|   -|   4014|      -|    -|
+-----------------+---------+----+-------+-------+-----+
|Total            |       66|   5|   5816|  17624|    0|
+-----------------+---------+----+-------+-------+-----+
|Available        |      120|  80|  35200|  17600|    0|
+-----------------+---------+----+-------+-------+-----+
|Utilization (%)  |       55|   6|     16|    100|    0|
+-----------------+---------+----+-------+-------+-----+

+ Detail: 
    * Instance: 
    +------------------------+----------------+---------+----+-----+------+-----+
    |        Instance        |     Module     | BRAM_18K| DSP|  FF |  LUT | URAM|
    +------------------------+----------------+---------+----+-----+------+-----+
    |AXILiteS_s_axi_U        |AXILiteS_s_axi  |        0|   0|   74|   104|    0|
    |MAXI_m_axi_U            |MAXI_m_axi      |        2|   0|  512|   580|    0|
    |control_s_axi_U         |control_s_axi   |        0|   0|  100|   168|    0|
    |grp_os_sift_up_fu_3919  |os_sift_up      |        0|   0|  930|  3543|    0|
    +------------------------+----------------+---------+----+-----+------+-----+
    |Total                   |                |        2|   0| 1616|  4395|    0|
    +------------------------+----------------+---------+----+-----+------+-----+

    * DSP: 
    +------------------------------------+--------------------------------+--------------+
    |              Instance              |             Module             |  Expression  |
    +------------------------------------+--------------------------------+--------------+
    |mac_muladd_16ns_9ns_9ns_18_4_1_U11  |mac_muladd_16ns_9ns_9ns_18_4_1  |  i0 * i1 + i2|
    |mac_muladd_16ns_9ns_9ns_18_4_1_U12  |mac_muladd_16ns_9ns_9ns_18_4_1  |  i0 * i1 + i2|
    |mac_muladd_16ns_9ns_9ns_18_4_1_U13  |mac_muladd_16ns_9ns_9ns_18_4_1  |  i0 * i1 + i2|
    |mul_mul_16ns_16ns_18_4_1_U9         |mul_mul_16ns_16ns_18_4_1        |       i0 * i0|
    |mul_mul_16ns_9ns_18_4_1_U10         |mul_mul_16ns_9ns_18_4_1         |       i0 * i1|
    +------------------------------------+--------------------------------+--------------+

    * Memory: 
    +---------------------------+---------------------------------+---------+----+-----+-----+--------+-----+------+-------------+
    |           Memory          |              Module             | BRAM_18K| FF | LUT | URAM|  Words | Bits| Banks| W*Bits*Banks|
    +---------------------------+---------------------------------+---------+----+-----+-----+--------+-----+------+-------------+
    |dx_U                       |dx                               |        0|   2|    1|    0|       4|    2|     1|            8|
    |dy_U                       |dy                               |        0|   2|    1|    0|       4|    2|     1|            8|
    |grid_info_V_U              |grid_info_V                      |       48|   0|    0|    0|  250000|    3|     1|       750000|
    |local_world_U              |local_world                      |       16|   0|    0|    0|    7813|   32|     1|       250016|
    |open_set_heap_f_score_V_U  |open_set_heap_f_score_V          |        0|  11|  860|    0|    5000|   11|     1|        55000|
    |open_set_heap_g_score_V_U  |open_set_heap_f_score_V          |        0|  11|  860|    0|    5000|   11|     1|        55000|
    |open_set_heap_x_V_U        |open_set_heap_x_V                |        0|   9|  704|    0|    5000|    9|     1|        45000|
    |open_set_heap_y_V_U        |open_set_heap_x_V                |        0|   9|  704|    0|    5000|    9|     1|        45000|
    |moves_node_f_score_V_U     |os_sift_up_moves_node_f_score_V  |        0|  22|    3|    0|      16|   11|     1|          176|
    |moves_node_g_score_V_U     |os_sift_up_moves_node_f_score_V  |        0|  22|    3|    0|      16|   11|     1|          176|
    |moves_node_x_V_U           |os_sift_up_moves_node_x_V        |        0|  18|    3|    0|      16|    9|     1|          144|
    |moves_node_y_V_U           |os_sift_up_moves_node_x_V        |        0|  18|    3|    0|      16|    9|     1|          144|
    |moves_target_U             |os_sift_up_moves_target          |        0|  26|    4|    0|      16|   13|     1|          208|
    |waypoints_x_V_U            |waypoints_x_V                    |        0|  18|    3|    0|      16|    9|     1|          144|
    |waypoints_y_V_U            |waypoints_x_V                    |        0|  18|    3|    0|      16|    9|     1|          144|
    +---------------------------+---------------------------------+---------+----+-----+-----+--------+-----+------+-------------+
    |Total                      |                                 |       64| 186| 3152|    0|  277933|  150|    15|      1201168|
    +---------------------------+---------------------------------+---------+----+-----+-----+--------+-----+------+-------------+

    * FIFO: 
    N/A

    * Expression: 
    +-----------------------------------+----------+----+---+-----+------------+------------+
    |           Variable Name           | Operation| DSP| FF| LUT | Bitwidth P0| Bitwidth P1|
    +-----------------------------------+----------+----+---+-----+------------+------------+
    |add_ln142_10_fu_5439_p2            |         +|   0|  0|   23|          16|           2|
    |add_ln142_11_fu_5509_p2            |         +|   0|  0|   23|          16|           2|
    |add_ln142_12_fu_5584_p2            |         +|   0|  0|   23|          16|           2|
    |add_ln142_13_fu_5659_p2            |         +|   0|  0|   23|          16|           2|
    |add_ln142_14_fu_5739_p2            |         +|   0|  0|   23|          16|           2|
    |add_ln142_1_fu_4655_p2             |         +|   0|  0|   13|           5|           2|
    |add_ln142_2_fu_4739_p2             |         +|   0|  0|   14|           6|           2|
    |add_ln142_3_fu_4832_p2             |         +|   0|  0|   15|           8|           2|
    |add_ln142_4_fu_4921_p2             |         +|   0|  0|   14|           9|           2|
    |add_ln142_5_fu_5009_p2             |         +|   0|  0|   12|          11|           2|
    |add_ln142_6_fu_5093_p2             |         +|   0|  0|   12|          12|           2|
    |add_ln142_7_fu_5186_p2             |         +|   0|  0|   17|          14|           2|
    |add_ln142_8_fu_5274_p2             |         +|   0|  0|   20|          15|           2|
    |add_ln142_9_fu_5359_p2             |         +|   0|  0|   23|          16|           2|
    |add_ln142_fu_4562_p2               |         +|   0|  0|   11|           3|           2|
    |add_ln208_2_fu_6271_p2             |         +|   0|  0|   11|          11|          11|
    |add_ln208_4_fu_6531_p2             |         +|   0|  0|   11|          11|          11|
    |add_ln208_6_fu_6794_p2             |         +|   0|  0|   11|          11|          11|
    |add_ln208_fu_6027_p2               |         +|   0|  0|   11|          11|          11|
    |add_ln239_1_fu_6351_p2             |         +|   0|  0|   14|          13|           2|
    |add_ln239_2_fu_6611_p2             |         +|   0|  0|   14|          13|           2|
    |add_ln239_3_fu_6872_p2             |         +|   0|  0|   14|          13|           2|
    |add_ln239_fu_6092_p2               |         +|   0|  0|   14|          13|           3|
    |add_ln246_1_fu_6605_p2             |         +|   0|  0|   23|          16|           1|
    |add_ln246_2_fu_6865_p2             |         +|   0|  0|   23|          16|           1|
    |add_ln246_fu_6345_p2               |         +|   0|  0|   23|          16|           1|
    |add_ln252_1_fu_6386_p2             |         +|   0|  0|   23|          16|           2|
    |add_ln252_2_fu_6646_p2             |         +|   0|  0|   23|          16|           2|
    |add_ln252_3_fu_6907_p2             |         +|   0|  0|   23|          16|           2|
    |add_ln252_fu_6126_p2               |         +|   0|  0|   23|          16|           2|
    |add_ln261_fu_4473_p2               |         +|   0|  0|   14|          13|           2|
    |add_ln262_fu_4486_p2               |         +|   0|  0|   23|          16|           2|
    |add_ln433_fu_4092_p2               |         +|   0|  0|   71|          64|           7|
    |add_ln440_fu_4191_p2               |         +|   0|  0|   14|           9|           3|
    |add_ln446_fu_4220_p2               |         +|   0|  0|   71|          64|           4|
    |add_ln456_fu_6970_p2               |         +|   0|  0|   17|          14|          14|
    |add_ln458_fu_4315_p2               |         +|   0|  0|   14|           9|           2|
    |add_ln461_fu_4333_p2               |         +|   0|  0|   25|          18|           1|
    |add_ln479_fu_6923_p2               |         +|   0|  0|   39|          32|          32|
    |add_ln486_1_fu_6998_p2             |         +|   0|  0|   12|          12|           1|
    |add_ln486_fu_6988_p2               |         +|   0|  0|   12|          12|           1|
    |add_ln488_fu_6993_p2               |         +|   0|  0|   17|          14|          13|
    |add_ln490_fu_7038_p2               |         +|   0|  0|   71|          64|          64|
    |add_ln501_fu_7142_p2               |         +|   0|  0|   39|          32|           9|
    |current_x_V_3_fu_7102_p2           |         +|   0|  0|   14|           9|           9|
    |current_y_V_3_fu_7112_p2           |         +|   0|  0|   14|           9|           9|
    |grp_fu_3936_p2                     |         +|   0|  0|   71|          64|           3|
    |h_start_V_fu_4445_p2               |         +|   0|  0|   12|          11|          11|
    |i_11_fu_4327_p2                    |         +|   0|  0|   15|           8|           1|
    |i_13_fu_6052_p2                    |         +|   0|  0|   23|          16|           1|
    |i_15_fu_6298_p2                    |         +|   0|  0|   23|          16|           1|
    |i_17_fu_6558_p2                    |         +|   0|  0|   23|          16|           1|
    |i_19_fu_6825_p2                    |         +|   0|  0|   23|          16|           1|
    |i_1_fu_4118_p2                     |         +|   0|  0|   14|          13|           1|
    |i_3_fu_4255_p2                     |         +|   0|  0|   15|           8|           1|
    |i_7_fu_4349_p2                     |         +|   0|  0|   14|          13|           1|
    |i_9_fu_5803_p2                     |         +|   0|  0|   13|           5|           1|
    |idx_2_fu_6171_p2                   |         +|   0|  0|   25|          18|          18|
    |idx_4_fu_6691_p2                   |         +|   0|  0|   25|          18|          18|
    |idx_fu_5854_p2                     |         +|   0|  0|   25|          18|          18|
    |iteration_1_fu_4457_p2             |         +|   0|  0|   25|          18|           1|
    |n_f_score_V_1_fu_6276_p2           |         +|   0|  0|   11|          11|          11|
    |n_f_score_V_2_fu_6536_p2           |         +|   0|  0|   11|          11|          11|
    |n_f_score_V_3_fu_6799_p2           |         +|   0|  0|   11|          11|          11|
    |n_f_score_V_fu_6032_p2             |         +|   0|  0|   11|          11|          11|
    |n_g_score_V_fu_5902_p2             |         +|   0|  0|   12|          11|           1|
    |n_x_V_2_fu_6659_p2                 |         +|   0|  0|   14|           9|           1|
    |n_x_V_fu_6139_p2                   |         +|   0|  0|   14|           9|           2|
    |n_y_V_1_fu_6399_p2                 |         +|   0|  0|   14|           9|           1|
    |n_y_V_fu_5907_p2                   |         +|   0|  0|   14|           9|           2|
    |total_length_2_fu_6964_p2          |         +|   0|  0|   27|          20|          20|
    |node_index_fu_7017_p2              |         -|   0|  0|   17|          14|          14|
    |sub_ln101_10_fu_6249_p2            |         -|   0|  0|   13|          10|          10|
    |sub_ln101_11_fu_6254_p2            |         -|   0|  0|   13|          10|          10|
    |sub_ln101_12_fu_6480_p2            |         -|   0|  0|   13|          10|          10|
    |sub_ln101_13_fu_6485_p2            |         -|   0|  0|   13|          10|          10|
    |sub_ln101_14_fu_6509_p2            |         -|   0|  0|   13|          10|          10|
    |sub_ln101_15_fu_6514_p2            |         -|   0|  0|   13|          10|          10|
    |sub_ln101_16_fu_6747_p2            |         -|   0|  0|   13|          10|          10|
    |sub_ln101_17_fu_6752_p2            |         -|   0|  0|   13|          10|          10|
    |sub_ln101_18_fu_6772_p2            |         -|   0|  0|   13|          10|          10|
    |sub_ln101_19_fu_6777_p2            |         -|   0|  0|   13|          10|          10|
    |sub_ln101_1_fu_4393_p2             |         -|   0|  0|   13|          10|          10|
    |sub_ln101_2_fu_4421_p2             |         -|   0|  0|   13|          10|          10|
    |sub_ln101_3_fu_4427_p2             |         -|   0|  0|   13|          10|          10|
    |sub_ln101_4_fu_5976_p2             |         -|   0|  0|   13|          10|          10|
    |sub_ln101_5_fu_5981_p2             |         -|   0|  0|   13|          10|          10|
    |sub_ln101_6_fu_6005_p2             |         -|   0|  0|   13|          10|          10|
    |sub_ln101_7_fu_6010_p2             |         -|   0|  0|   13|          10|          10|
    |sub_ln101_8_fu_6224_p2             |         -|   0|  0|   13|          10|          10|
    |sub_ln101_9_fu_6229_p2             |         -|   0|  0|   13|          10|          10|
    |sub_ln101_fu_4387_p2               |         -|   0|  0|   13|          10|          10|
    |and_ln150_10_fu_5406_p2            |       and|   0|  0|    2|           1|           1|
    |and_ln150_11_fu_5481_p2            |       and|   0|  0|    2|           1|           1|
    |and_ln150_12_fu_5556_p2            |       and|   0|  0|    2|           1|           1|
    |and_ln150_13_fu_5631_p2            |       and|   0|  0|    2|           1|           1|
    |and_ln150_14_fu_5706_p2            |       and|   0|  0|    2|           1|           1|
    |and_ln150_15_fu_5781_p2            |       and|   0|  0|    2|           1|           1|
    |and_ln150_1_fu_4621_p2             |       and|   0|  0|    2|           1|           1|
    |and_ln150_2_fu_4713_p2             |       and|   0|  0|    2|           1|           1|
    |and_ln150_3_fu_4798_p2             |       and|   0|  0|    2|           1|           1|
    |and_ln150_4_fu_4890_p2             |       and|   0|  0|    2|           1|           1|
    |and_ln150_5_fu_4975_p2             |       and|   0|  0|    2|           1|           1|
    |and_ln150_6_fu_5067_p2             |       and|   0|  0|    2|           1|           1|
    |and_ln150_7_fu_5152_p2             |       and|   0|  0|    2|           1|           1|
    |and_ln150_8_fu_5244_p2             |       and|   0|  0|    2|           1|           1|
    |and_ln150_9_fu_5329_p2             |       and|   0|  0|    2|           1|           1|
    |and_ln150_fu_4536_p2               |       and|   0|  0|    2|           1|           1|
    |and_ln320_fu_5840_p2               |       and|   0|  0|    2|           1|           1|
    |ap_block_pp0_stage0_11001          |       and|   0|  0|    2|           1|           1|
    |ap_block_pp1_stage0_11001          |       and|   0|  0|    2|           1|           1|
    |ap_block_pp3_stage0_11001          |       and|   0|  0|    2|           1|           1|
    |ap_block_state10_pp0_stage0_iter1  |       and|   0|  0|    2|           1|           1|
    |ap_block_state180_on_subcall_done  |       and|   0|  0|    2|           1|           1|
    |ap_block_state184_on_subcall_done  |       and|   0|  0|    2|           1|           1|
    |ap_block_state237                  |       and|   0|  0|    2|           1|           1|
    |ap_block_state29_pp1_stage0_iter1  |       and|   0|  0|    2|           1|           1|
    |ap_block_state45_pp3_stage0_iter1  |       and|   0|  0|    2|           1|           1|
    |ap_condition_3250                  |       and|   0|  0|    2|           1|           1|
    |ap_condition_3353                  |       and|   0|  0|    2|           1|           1|
    |ap_condition_3443                  |       and|   0|  0|    2|           1|           1|
    |ap_predicate_op1657_call_state142  |       and|   0|  0|    2|           1|           1|
    |ap_predicate_op1776_call_state154  |       and|   0|  0|    2|           1|           1|
    |ap_predicate_op1900_call_state169  |       and|   0|  0|    2|           1|           1|
    |cmp_i_i310_i_fu_5897_p2            |      icmp|   0|  0|   11|           9|           1|
    |cmp_i_i316_i_fu_5892_p2            |      icmp|   0|  0|   11|           9|           1|
    |grp_fu_3951_p2                     |      icmp|   0|  0|   11|           9|           9|
    |grp_fu_3955_p2                     |      icmp|   0|  0|   11|           9|           9|
    |grp_fu_3959_p2                     |      icmp|   0|  0|   11|           9|           9|
    |grp_fu_3964_p2                     |      icmp|   0|  0|   11|           9|           9|
    |grp_fu_3968_p2                     |      icmp|   0|  0|   11|           9|           9|
    |grp_fu_3972_p2                     |      icmp|   0|  0|   11|           9|           9|
    |icmp_ln101_1_fu_4411_p2            |      icmp|   0|  0|   11|           9|           9|
    |icmp_ln101_3_fu_5998_p2            |      icmp|   0|  0|   11|           9|           9|
    |icmp_ln101_4_fu_6217_p2            |      icmp|   0|  0|   11|           9|           9|
    |icmp_ln101_7_fu_6502_p2            |      icmp|   0|  0|   11|           9|           9|
    |icmp_ln101_8_fu_6740_p2            |      icmp|   0|  0|   11|           9|           9|
    |icmp_ln101_fu_4377_p2              |      icmp|   0|  0|   11|           9|           9|
    |icmp_ln146_10_fu_5449_p2           |      icmp|   0|  0|   13|          16|          16|
    |icmp_ln146_11_fu_5524_p2           |      icmp|   0|  0|   13|          16|          16|
    |icmp_ln146_12_fu_5599_p2           |      icmp|   0|  0|   13|          16|          16|
    |icmp_ln146_13_fu_5674_p2           |      icmp|   0|  0|   13|          16|          16|
    |icmp_ln146_14_fu_5749_p2           |      icmp|   0|  0|   13|          16|          16|
    |icmp_ln146_1_fu_4672_p2            |      icmp|   0|  0|   13|          16|          16|
    |icmp_ln146_2_fu_4760_p2            |      icmp|   0|  0|   13|          16|          16|
    |icmp_ln146_3_fu_4849_p2            |      icmp|   0|  0|   13|          16|          16|
    |icmp_ln146_4_fu_4937_p2            |      icmp|   0|  0|   13|          16|          16|
    |icmp_ln146_5_fu_5026_p2            |      icmp|   0|  0|   13|          16|          16|
    |icmp_ln146_6_fu_5114_p2            |      icmp|   0|  0|   13|          16|          16|
    |icmp_ln146_7_fu_5203_p2            |      icmp|   0|  0|   13|          16|          16|
    |icmp_ln146_8_fu_5295_p2            |      icmp|   0|  0|   13|          16|          16|
    |icmp_ln146_9_fu_5374_p2            |      icmp|   0|  0|   13|          16|          16|
    |icmp_ln146_fu_4583_p2              |      icmp|   0|  0|   13|          16|          16|
    |icmp_ln147_10_fu_5378_p2           |      icmp|   0|  0|   13|          16|          16|
    |icmp_ln147_11_fu_5453_p2           |      icmp|   0|  0|   13|          16|          16|
    |icmp_ln147_12_fu_5528_p2           |      icmp|   0|  0|   13|          16|          16|
    |icmp_ln147_13_fu_5603_p2           |      icmp|   0|  0|   13|          16|          16|
    |icmp_ln147_14_fu_5678_p2           |      icmp|   0|  0|   13|          16|          16|
    |icmp_ln147_15_fu_5753_p2           |      icmp|   0|  0|   13|          16|          16|
    |icmp_ln147_1_fu_4588_p2            |      icmp|   0|  0|   13|          16|          16|
    |icmp_ln147_2_fu_4677_p2            |      icmp|   0|  0|   13|          16|          16|
    |icmp_ln147_3_fu_4765_p2            |      icmp|   0|  0|   13|          16|          16|
    |icmp_ln147_4_fu_4854_p2            |      icmp|   0|  0|   13|          16|          16|
    |icmp_ln147_5_fu_4942_p2            |      icmp|   0|  0|   13|          16|          16|
    |icmp_ln147_6_fu_5031_p2            |      icmp|   0|  0|   13|          16|          16|
    |icmp_ln147_7_fu_5119_p2            |      icmp|   0|  0|   13|          16|          16|
    |icmp_ln147_8_fu_5208_p2            |      icmp|   0|  0|   13|          16|          16|
    |icmp_ln147_9_fu_5300_p2            |      icmp|   0|  0|   13|          16|          16|
    |icmp_ln147_fu_4514_p2              |      icmp|   0|  0|   13|          16|           2|
    |icmp_ln172_fu_5797_p2              |      icmp|   0|  0|    9|           5|           1|
    |icmp_ln173_fu_5809_p2              |      icmp|   0|  0|    9|           5|           5|
    |icmp_ln238_1_fu_6331_p2            |      icmp|   0|  0|   13|          16|          13|
    |icmp_ln238_2_fu_6591_p2            |      icmp|   0|  0|   13|          16|          13|
    |icmp_ln238_3_fu_6851_p2            |      icmp|   0|  0|   13|          16|          13|
    |icmp_ln238_fu_6080_p2              |      icmp|   0|  0|   13|          16|          13|
    |icmp_ln251_1_fu_6380_p2            |      icmp|   0|  0|   12|          15|           1|
    |icmp_ln251_2_fu_6640_p2            |      icmp|   0|  0|   12|          15|           1|
    |icmp_ln251_3_fu_6896_p2            |      icmp|   0|  0|   12|          15|           1|
    |icmp_ln251_fu_6120_p2              |      icmp|   0|  0|   12|          15|           1|
    |icmp_ln266_fu_4508_p2              |      icmp|   0|  0|   12|          15|           1|
    |icmp_ln278_1_fu_6047_p2            |      icmp|   0|  0|   13|          16|          16|
    |icmp_ln278_2_fu_6286_p2            |      icmp|   0|  0|   13|          16|           1|
    |icmp_ln278_3_fu_6292_p2            |      icmp|   0|  0|   13|          16|          16|
    |icmp_ln278_4_fu_6546_p2            |      icmp|   0|  0|   13|          16|           1|
    |icmp_ln278_5_fu_6552_p2            |      icmp|   0|  0|   13|          16|          16|
    |icmp_ln278_6_fu_6813_p2            |      icmp|   0|  0|   13|          16|           1|
    |icmp_ln278_7_fu_6819_p2            |      icmp|   0|  0|   13|          16|          16|
    |icmp_ln278_fu_6042_p2              |      icmp|   0|  0|   13|          16|           1|
    |icmp_ln312_fu_4452_p2              |      icmp|   0|  0|   13|          18|          18|
    |icmp_ln315_fu_4467_p2              |      icmp|   0|  0|   13|          16|           1|
    |icmp_ln364_1_fu_6314_p2            |      icmp|   0|  0|   13|          16|          16|
    |icmp_ln364_2_fu_6574_p2            |      icmp|   0|  0|   13|          16|          16|
    |icmp_ln364_3_fu_6841_p2            |      icmp|   0|  0|   13|          16|          16|
    |icmp_ln364_fu_6068_p2              |      icmp|   0|  0|   13|          16|          16|
    |icmp_ln393_1_fu_6393_p2            |      icmp|   0|  0|   18|          32|           1|
    |icmp_ln393_2_fu_6653_p2            |      icmp|   0|  0|   18|          32|           1|
    |icmp_ln393_3_fu_6914_p2            |      icmp|   0|  0|   18|          32|           1|
    |icmp_ln393_fu_6133_p2              |      icmp|   0|  0|   18|          32|           1|
    |icmp_ln409_fu_7118_p2              |      icmp|   0|  0|   13|          16|           1|
    |icmp_ln433_fu_4124_p2              |      icmp|   0|  0|   12|          13|          10|
    |icmp_ln440_1_fu_4180_p2            |      icmp|   0|  0|   13|          16|           9|
    |icmp_ln440_2_fu_4197_p2            |      icmp|   0|  0|   11|           9|           4|
    |icmp_ln440_fu_4175_p2              |      icmp|   0|  0|   13|          16|           1|
    |icmp_ln446_1_fu_4261_p2            |      icmp|   0|  0|   11|           8|           8|
    |icmp_ln446_fu_4215_p2              |      icmp|   0|  0|   11|           8|           1|
    |icmp_ln458_fu_4321_p2              |      icmp|   0|  0|   11|           9|           9|
    |icmp_ln461_1_fu_4339_p2            |      icmp|   0|  0|   13|          18|          18|
    |icmp_ln461_fu_4298_p2              |      icmp|   0|  0|   13|          18|           1|
    |icmp_ln467_fu_4355_p2              |      icmp|   0|  0|   12|          13|          10|
    |icmp_ln478_fu_6976_p2              |      icmp|   0|  0|   18|          32|           1|
    |icmp_ln484_fu_6982_p2              |      icmp|   0|  0|   14|          20|          11|
    |icmp_ln486_fu_7004_p2              |      icmp|   0|  0|   12|          12|          12|
    |icmp_ln500_fu_7136_p2              |      icmp|   0|  0|   14|          20|          11|
    |icmp_ln870_1_fu_5836_p2            |      icmp|   0|  0|   11|           9|           9|
    |icmp_ln870_3_fu_6063_p2            |      icmp|   0|  0|   11|           9|           9|
    |icmp_ln870_4_fu_6309_p2            |      icmp|   0|  0|   11|           9|           9|
    |icmp_ln870_7_fu_6569_p2            |      icmp|   0|  0|   11|           9|           9|
    |icmp_ln870_8_fu_6836_p2            |      icmp|   0|  0|   11|           9|           9|
    |icmp_ln870_fu_5832_p2              |      icmp|   0|  0|   11|           9|           9|
    |icmp_ln878_10_fu_5396_p2           |      icmp|   0|  0|   11|          11|          11|
    |icmp_ln878_11_fu_5471_p2           |      icmp|   0|  0|   11|          11|          11|
    |icmp_ln878_12_fu_5546_p2           |      icmp|   0|  0|   11|          11|          11|
    |icmp_ln878_13_fu_5621_p2           |      icmp|   0|  0|   11|          11|          11|
    |icmp_ln878_14_fu_5696_p2           |      icmp|   0|  0|   11|          11|          11|
    |icmp_ln878_15_fu_5771_p2           |      icmp|   0|  0|   11|          11|          11|
    |icmp_ln878_16_fu_4611_p2           |      icmp|   0|  0|   11|          11|          11|
    |icmp_ln878_17_fu_4616_p2           |      icmp|   0|  0|   11|          11|          11|
    |icmp_ln878_18_fu_4627_p2           |      icmp|   0|  0|   11|          11|          11|
    |icmp_ln878_19_fu_4703_p2           |      icmp|   0|  0|   11|          11|          11|
    |icmp_ln878_1_fu_4531_p2            |      icmp|   0|  0|   11|          11|          11|
    |icmp_ln878_20_fu_4708_p2           |      icmp|   0|  0|   11|          11|          11|
    |icmp_ln878_21_fu_4719_p2           |      icmp|   0|  0|   11|          11|          11|
    |icmp_ln878_22_fu_4788_p2           |      icmp|   0|  0|   11|          11|          11|
    |icmp_ln878_23_fu_4793_p2           |      icmp|   0|  0|   11|          11|          11|
    |icmp_ln878_24_fu_4804_p2           |      icmp|   0|  0|   11|          11|          11|
    |icmp_ln878_25_fu_4880_p2           |      icmp|   0|  0|   11|          11|          11|
    |icmp_ln878_26_fu_4885_p2           |      icmp|   0|  0|   11|          11|          11|
    |icmp_ln878_27_fu_4896_p2           |      icmp|   0|  0|   11|          11|          11|
    |icmp_ln878_28_fu_4965_p2           |      icmp|   0|  0|   11|          11|          11|
    |icmp_ln878_29_fu_4970_p2           |      icmp|   0|  0|   11|          11|          11|
    |icmp_ln878_2_fu_4542_p2            |      icmp|   0|  0|   11|          11|          11|
    |icmp_ln878_30_fu_4981_p2           |      icmp|   0|  0|   11|          11|          11|
    |icmp_ln878_31_fu_5057_p2           |      icmp|   0|  0|   11|          11|          11|
    |icmp_ln878_32_fu_5062_p2           |      icmp|   0|  0|   11|          11|          11|
    |icmp_ln878_33_fu_5073_p2           |      icmp|   0|  0|   11|          11|          11|
    |icmp_ln878_34_fu_5147_p2           |      icmp|   0|  0|   11|          11|          11|
    |icmp_ln878_35_fu_5158_p2           |      icmp|   0|  0|   11|          11|          11|
    |icmp_ln878_36_fu_5239_p2           |      icmp|   0|  0|   11|          11|          11|
    |icmp_ln878_37_fu_5250_p2           |      icmp|   0|  0|   11|          11|          11|
    |icmp_ln878_38_fu_5324_p2           |      icmp|   0|  0|   11|          11|          11|
    |icmp_ln878_39_fu_5335_p2           |      icmp|   0|  0|   11|          11|          11|
    |icmp_ln878_3_fu_6195_p2            |      icmp|   0|  0|   11|          11|          11|
    |icmp_ln878_40_fu_5401_p2           |      icmp|   0|  0|   11|          11|          11|
    |icmp_ln878_41_fu_5412_p2           |      icmp|   0|  0|   11|          11|          11|
    |icmp_ln878_42_fu_5476_p2           |      icmp|   0|  0|   11|          11|          11|
    |icmp_ln878_43_fu_5487_p2           |      icmp|   0|  0|   11|          11|          11|
    |icmp_ln878_44_fu_5551_p2           |      icmp|   0|  0|   11|          11|          11|
    |icmp_ln878_45_fu_5562_p2           |      icmp|   0|  0|   11|          11|          11|
    |icmp_ln878_46_fu_5626_p2           |      icmp|   0|  0|   11|          11|          11|
    |icmp_ln878_47_fu_5637_p2           |      icmp|   0|  0|   11|          11|          11|
    |icmp_ln878_48_fu_5701_p2           |      icmp|   0|  0|   11|          11|          11|
    |icmp_ln878_49_fu_5712_p2           |      icmp|   0|  0|   11|          11|          11|
    |icmp_ln878_4_fu_6431_p2            |      icmp|   0|  0|   11|          11|          11|
    |icmp_ln878_50_fu_5776_p2           |      icmp|   0|  0|   11|          11|          11|
    |icmp_ln878_51_fu_5787_p2           |      icmp|   0|  0|   11|          11|          11|
    |icmp_ln878_5_fu_6715_p2            |      icmp|   0|  0|   11|          11|          11|
    |icmp_ln878_6_fu_6939_p2            |      icmp|   0|  0|   11|          11|          11|
    |icmp_ln878_7_fu_5142_p2            |      icmp|   0|  0|   11|          11|          11|
    |icmp_ln878_8_fu_5234_p2            |      icmp|   0|  0|   11|          11|          11|
    |icmp_ln878_9_fu_5319_p2            |      icmp|   0|  0|   11|          11|          11|
    |icmp_ln878_fu_4526_p2              |      icmp|   0|  0|   11|          11|          11|
    |icmp_ln882_1_fu_5922_p2            |      icmp|   0|  0|   11|           9|           9|
    |icmp_ln882_2_fu_6148_p2            |      icmp|   0|  0|   11|           9|           9|
    |icmp_ln882_5_fu_6414_p2            |      icmp|   0|  0|   11|           9|           9|
    |icmp_ln882_6_fu_6668_p2            |      icmp|   0|  0|   11|           9|           9|
    |lshr_ln68_1_fu_6203_p2             |      lshr|   0|  0|  100|          32|          32|
    |lshr_ln68_2_fu_6463_p2             |      lshr|   0|  0|  100|          32|          32|
    |lshr_ln68_3_fu_6730_p2             |      lshr|   0|  0|  100|          32|          32|
    |lshr_ln68_fu_5959_p2               |      lshr|   0|  0|  100|          32|          32|
    |ap_block_state142_on_subcall_done  |        or|   0|  0|    2|           1|           1|
    |ap_block_state154_on_subcall_done  |        or|   0|  0|    2|           1|           1|
    |ap_block_state169_on_subcall_done  |        or|   0|  0|    2|           1|           1|
    |ap_condition_2487                  |        or|   0|  0|    2|           1|           1|
    |ap_condition_2610                  |        or|   0|  0|    2|           1|           1|
    |ap_condition_3215                  |        or|   0|  0|    2|           1|           1|
    |ap_condition_3220                  |        or|   0|  0|    2|           1|           1|
    |ap_condition_3263                  |        or|   0|  0|    2|           1|           1|
    |ap_condition_3310                  |        or|   0|  0|    2|           1|           1|
    |ap_condition_3366                  |        or|   0|  0|    2|           1|           1|
    |ap_condition_3412                  |        or|   0|  0|    2|           1|           1|
    |ap_condition_3456                  |        or|   0|  0|    2|           1|           1|
    |ap_condition_3500                  |        or|   0|  0|    2|           1|           1|
    |ap_condition_3506                  |        or|   0|  0|    2|           1|           1|
    |ap_predicate_op1653_call_state142  |        or|   0|  0|    2|           1|           1|
    |ap_predicate_op1772_call_state154  |        or|   0|  0|    2|           1|           1|
    |ap_predicate_op1896_call_state169  |        or|   0|  0|    2|           1|           1|
    |or_ln141_10_fu_5428_p2             |        or|   0|  0|   16|          16|           1|
    |or_ln141_11_fu_5503_p2             |        or|   0|  0|   16|          16|           1|
    |or_ln141_12_fu_5578_p2             |        or|   0|  0|   16|          16|           1|
    |or_ln141_13_fu_5653_p2             |        or|   0|  0|   16|          16|           1|
    |or_ln141_14_fu_5728_p2             |        or|   0|  0|   16|          16|           1|
    |or_ln141_1_fu_4641_p2              |        or|   0|  0|    4|           4|           1|
    |or_ln141_2_fu_4733_p2              |        or|   0|  0|    6|           6|           1|
    |or_ln141_3_fu_4818_p2              |        or|   0|  0|    7|           7|           1|
    |or_ln141_4_fu_4910_p2              |        or|   0|  0|    9|           9|           1|
    |or_ln141_5_fu_4995_p2              |        or|   0|  0|   10|          10|           1|
    |or_ln141_6_fu_5087_p2              |        or|   0|  0|   12|          12|           1|
    |or_ln141_7_fu_5172_p2              |        or|   0|  0|   13|          13|           1|
    |or_ln141_8_fu_5268_p2              |        or|   0|  0|   15|          15|           1|
    |or_ln141_9_fu_5353_p2              |        or|   0|  0|   16|          16|           1|
    |or_ln141_fu_4556_p2                |        or|   0|  0|    3|           3|           1|
    |or_ln344_1_fu_6165_p2              |        or|   0|  0|    2|           1|           1|
    |or_ln344_2_fu_6425_p2              |        or|   0|  0|    2|           1|           1|
    |or_ln344_3_fu_6685_p2              |        or|   0|  0|    2|           1|           1|
    |or_ln344_fu_5933_p2                |        or|   0|  0|    2|           1|           1|
    |or_ln440_1_fu_4209_p2              |        or|   0|  0|    2|           1|           1|
    |or_ln440_fu_4203_p2                |        or|   0|  0|    2|           1|           1|
    |or_ln709_1_fu_6320_p2              |        or|   0|  0|    3|           3|           2|
    |or_ln709_2_fu_6436_p2              |        or|   0|  0|    3|           3|           2|
    |or_ln709_3_fu_6580_p2              |        or|   0|  0|    3|           3|           3|
    |or_ln709_4_fu_6720_p2              |        or|   0|  0|    4|           3|           4|
    |or_ln709_5_fu_6944_p2              |        or|   0|  0|    3|           3|           3|
    |or_ln709_fu_6073_p2                |        or|   0|  0|    3|           3|           1|
    |or_ln76_fu_5886_p2                 |        or|   0|  0|   32|          32|          32|
    |select_ln101_1_fu_4433_p3          |    select|   0|  0|   10|           1|          10|
    |select_ln101_2_fu_5986_p3          |    select|   0|  0|   10|           1|          10|
    |select_ln101_3_fu_6015_p3          |    select|   0|  0|   10|           1|          10|
    |select_ln101_4_fu_6234_p3          |    select|   0|  0|   10|           1|          10|
    |select_ln101_5_fu_6259_p3          |    select|   0|  0|   10|           1|          10|
    |select_ln101_6_fu_6490_p3          |    select|   0|  0|   10|           1|          10|
    |select_ln101_7_fu_6519_p3          |    select|   0|  0|   10|           1|          10|
    |select_ln101_8_fu_6757_p3          |    select|   0|  0|   10|           1|          10|
    |select_ln101_9_fu_6782_p3          |    select|   0|  0|   10|           1|          10|
    |select_ln101_fu_4399_p3            |    select|   0|  0|   10|           1|          10|
    |select_ln146_10_fu_5457_p3         |    select|   0|  0|   11|           1|          11|
    |select_ln146_11_fu_5532_p3         |    select|   0|  0|   11|           1|          11|
    |select_ln146_12_fu_5607_p3         |    select|   0|  0|   11|           1|          11|
    |select_ln146_13_fu_5682_p3         |    select|   0|  0|   11|           1|          11|
    |select_ln146_14_fu_5757_p3         |    select|   0|  0|   11|           1|          11|
    |select_ln146_1_fu_4689_p3          |    select|   0|  0|   11|           1|          11|
    |select_ln146_2_fu_4774_p3          |    select|   0|  0|   11|           1|          11|
    |select_ln146_3_fu_4866_p3          |    select|   0|  0|   11|           1|          11|
    |select_ln146_4_fu_4951_p3          |    select|   0|  0|   11|           1|          11|
    |select_ln146_5_fu_5043_p3          |    select|   0|  0|   11|           1|          11|
    |select_ln146_6_fu_5128_p3          |    select|   0|  0|   11|           1|          11|
    |select_ln146_7_fu_5220_p3          |    select|   0|  0|   11|           1|          11|
    |select_ln146_8_fu_5305_p3          |    select|   0|  0|   11|           1|          11|
    |select_ln146_9_fu_5382_p3          |    select|   0|  0|   11|           1|          11|
    |select_ln146_fu_4597_p3            |    select|   0|  0|   11|           1|          11|
    |select_ln147_10_fu_5389_p3         |    select|   0|  0|   11|           1|          11|
    |select_ln147_11_fu_5464_p3         |    select|   0|  0|   11|           1|          11|
    |select_ln147_12_fu_5539_p3         |    select|   0|  0|   11|           1|          11|
    |select_ln147_13_fu_5614_p3         |    select|   0|  0|   11|           1|          11|
    |select_ln147_14_fu_5689_p3         |    select|   0|  0|   11|           1|          11|
    |select_ln147_15_fu_5764_p3         |    select|   0|  0|   11|           1|          11|
    |select_ln147_1_fu_4604_p3          |    select|   0|  0|   11|           1|          11|
    |select_ln147_2_fu_4696_p3          |    select|   0|  0|   11|           1|          11|
    |select_ln147_3_fu_4781_p3          |    select|   0|  0|   11|           1|          11|
    |select_ln147_4_fu_4873_p3          |    select|   0|  0|   11|           1|          11|
    |select_ln147_5_fu_4958_p3          |    select|   0|  0|   11|           1|          11|
    |select_ln147_6_fu_5050_p3          |    select|   0|  0|   11|           1|          11|
    |select_ln147_7_fu_5135_p3          |    select|   0|  0|   11|           1|          11|
    |select_ln147_8_fu_5227_p3          |    select|   0|  0|   11|           1|          11|
    |select_ln147_9_fu_5312_p3          |    select|   0|  0|   11|           1|          11|
    |select_ln147_fu_4519_p3            |    select|   0|  0|   11|           1|          11|
    |select_ln409_fu_7124_p3            |    select|   0|  0|   16|           1|          15|
    |shl_ln76_fu_5880_p2                |       shl|   0|  0|  100|           1|          32|
    |ap_enable_pp0                      |       xor|   0|  0|    2|           1|           2|
    |ap_enable_pp1                      |       xor|   0|  0|    2|           1|           2|
    |ap_enable_pp3                      |       xor|   0|  0|    2|           1|           2|
    |ap_enable_reg_pp0_iter1            |       xor|   0|  0|    2|           2|           1|
    |ap_enable_reg_pp1_iter1            |       xor|   0|  0|    2|           2|           1|
    |ap_enable_reg_pp3_iter1            |       xor|   0|  0|    2|           2|           1|
    |back_dir_fu_7086_p2                |       xor|   0|  0|    3|           2|           3|
    |xor_ln882_1_fu_5927_p2             |       xor|   0|  0|    2|           1|           2|
    |xor_ln882_2_fu_6153_p2             |       xor|   0|  0|    2|           1|           2|
    |xor_ln882_3_fu_6159_p2             |       xor|   0|  0|    2|           1|           2|
    |xor_ln882_4_fu_6404_p2             |       xor|   0|  0|    2|           1|           2|
    |xor_ln882_5_fu_6419_p2             |       xor|   0|  0|    2|           1|           2|
    |xor_ln882_6_fu_6673_p2             |       xor|   0|  0|    2|           1|           2|
    |xor_ln882_7_fu_6679_p2             |       xor|   0|  0|    2|           1|           2|
    |xor_ln882_fu_5912_p2               |       xor|   0|  0|    2|           1|           2|
    +-----------------------------------+----------+----+---+-----+------------+------------+
    |Total                              |          |   0|  0| 4894|        3846|        2970|
    +-----------------------------------+----------+----+---+-----+------------+------------+

    * Multiplexer: 
    +----------------------------------------------+------+-----------+-----+-----------+
    |                     Name                     |  LUT | Input Size| Bits| Total Bits|
    +----------------------------------------------+------+-----------+-----+-----------+
    |MAXI_ARADDR                                   |    20|          4|   64|        256|
    |MAXI_ARLEN                                    |    20|          4|   32|        128|
    |MAXI_AWADDR                                   |    20|          4|   64|        256|
    |MAXI_WDATA                                    |    20|          4|   32|        128|
    |MAXI_blk_n_AR                                 |     9|          2|    1|          2|
    |MAXI_blk_n_AW                                 |     9|          2|    1|          2|
    |MAXI_blk_n_B                                  |     9|          2|    1|          2|
    |MAXI_blk_n_R                                  |     9|          2|    1|          2|
    |MAXI_blk_n_W                                  |     9|          2|    1|          2|
    |add731246_reg_3773                            |     9|          2|   20|         40|
    |ap_NS_fsm                                     |  1272|        239|    1|        239|
    |ap_enable_reg_pp0_iter1                       |     9|          2|    1|          2|
    |ap_enable_reg_pp0_iter2                       |     9|          2|    1|          2|
    |ap_enable_reg_pp1_iter1                       |     9|          2|    1|          2|
    |ap_enable_reg_pp1_iter2                       |     9|          2|    1|          2|
    |ap_enable_reg_pp3_iter1                       |     9|          2|    1|          2|
    |ap_enable_reg_pp3_iter2                       |     9|          2|    1|          2|
    |ap_phi_mux_add731246_phi_fu_3776_p6           |     9|          2|   20|         40|
    |ap_phi_mux_current_3_0_phi_fu_2967_p4         |    14|          3|    2|          6|
    |ap_phi_mux_current_3_10_in_in_phi_fu_3167_p4  |    14|          3|   16|         48|
    |ap_phi_mux_current_3_11_in_in_phi_fu_3186_p4  |    14|          3|   16|         48|
    |ap_phi_mux_current_3_12_in_in_phi_fu_3205_p4  |    14|          3|   16|         48|
    |ap_phi_mux_current_3_13_in_in_phi_fu_3224_p4  |    14|          3|   16|         48|
    |ap_phi_mux_current_3_14_in_in_phi_fu_3243_p4  |    14|          3|   16|         48|
    |ap_phi_mux_current_3_15_in_in_phi_fu_3274_p4  |    14|          3|   16|         48|
    |ap_phi_mux_current_3_1_phi_fu_2989_p4         |    14|          3|    3|          9|
    |ap_phi_mux_current_3_2_phi_fu_3009_p4         |    14|          3|    5|         15|
    |ap_phi_mux_current_3_3_phi_fu_3029_p4         |    14|          3|    6|         18|
    |ap_phi_mux_current_3_4_phi_fu_3049_p4         |    14|          3|    8|         24|
    |ap_phi_mux_current_3_5_phi_fu_3069_p4         |    14|          3|    9|         27|
    |ap_phi_mux_current_3_6_phi_fu_3089_p4         |    14|          3|   11|         33|
    |ap_phi_mux_current_3_7_phi_fu_3109_p4         |    14|          3|   12|         36|
    |ap_phi_mux_current_3_8_phi_fu_3129_p4         |    14|          3|   14|         42|
    |ap_phi_mux_current_3_9_phi_fu_3148_p4         |    14|          3|   15|         45|
    |ap_phi_mux_empty_39_phi_fu_3790_p6            |     9|          2|   32|         64|
    |ap_phi_mux_error_flag_3_phi_fu_3484_p10       |    14|          3|   32|         96|
    |ap_phi_mux_error_flag_5_phi_fu_3585_p10       |    14|          3|   32|         96|
    |ap_phi_mux_error_flag_7_phi_fu_3683_p8        |    14|          3|   32|         96|
    |ap_phi_mux_existing_idx_1_phi_fu_3528_p4      |     9|          2|   16|         32|
    |ap_phi_mux_existing_idx_2_phi_fu_3629_p4      |     9|          2|   16|         32|
    |ap_phi_mux_existing_idx_3_phi_fu_3724_p4      |     9|          2|   16|         32|
    |ap_phi_mux_existing_idx_phi_fu_3432_p4        |     9|          2|   16|         32|
    |ap_phi_mux_i_2_phi_fu_2874_p4                 |     9|          2|    8|         16|
    |ap_phi_mux_i_6_phi_fu_2921_p4                 |     9|          2|   13|         26|
    |ap_phi_mux_i_phi_fu_2862_p4                   |     9|          2|   13|         26|
    |ap_phi_mux_open_set_size_2_phi_fu_3467_p10    |    14|          3|   16|         48|
    |ap_phi_mux_open_set_size_5_phi_fu_3564_p10    |    14|          3|   16|         48|
    |ap_phi_mux_open_set_size_7_phi_fu_3665_p8     |    14|          3|   16|         48|
    |ap_phi_mux_open_set_size_8_phi_fu_3736_p4     |    14|          3|   16|         48|
    |ap_phi_mux_storemerge_phi_fu_3908_p6          |    14|          3|   32|         96|
    |current24_reg_3280                            |    81|         17|   13|        221|
    |current_3_0_reg_2964                          |     9|          2|    2|          4|
    |current_3_1_reg_2986                          |     9|          2|    3|          6|
    |current_3_2_reg_3006                          |     9|          2|    5|         10|
    |current_3_3_reg_3026                          |     9|          2|    6|         12|
    |current_3_4_reg_3046                          |     9|          2|    8|         16|
    |current_3_5_reg_3066                          |     9|          2|    9|         18|
    |current_3_6_reg_3086                          |     9|          2|   11|         22|
    |current_3_7_reg_3106                          |     9|          2|   12|         24|
    |current_x_V_1_reg_3859                        |     9|          2|    9|         18|
    |current_y_V_1_reg_3849                        |     9|          2|    9|         18|
    |empty_39_reg_3787                             |    14|          3|   32|         96|
    |empty_40_reg_3893                             |     9|          2|   32|         64|
    |error_flag_1_reg_2941                         |     9|          2|   32|         64|
    |error_flag_2_reg_3451                         |     9|          2|   32|         64|
    |error_flag_3_reg_3481                         |     9|          2|   32|         64|
    |error_flag_4_reg_3548                         |     9|          2|   32|         64|
    |error_flag_5_reg_3582                         |    14|          3|   32|         96|
    |error_flag_6_reg_3649                         |     9|          2|   32|         64|
    |error_flag_7_reg_3680                         |    14|          3|   32|         96|
    |error_flag_8_reg_3744                         |     9|          2|   32|         64|
    |error_flag_9_reg_3819                         |    14|          3|   32|         96|
    |existing_idx_1_ph_reg_3514                    |     9|          2|   16|         32|
    |existing_idx_1_reg_3525                       |     9|          2|   16|         32|
    |existing_idx_2_ph_reg_3615                    |     9|          2|   16|         32|
    |existing_idx_2_reg_3626                       |     9|          2|   16|         32|
    |existing_idx_3_ph_reg_3710                    |     9|          2|   16|         32|
    |existing_idx_3_reg_3721                       |     9|          2|   16|         32|
    |existing_idx_ph_reg_3419                      |     9|          2|   16|         32|
    |existing_idx_reg_3429                         |     9|          2|   16|         32|
    |grid_info_V_address0                          |    59|         11|   18|        198|
    |grid_info_V_d0                                |    48|          9|    3|         27|
    |grp_os_sift_up_fu_3919_idx                    |    48|          9|   16|        144|
    |i_10_reg_3838                                 |     9|          2|   12|         24|
    |i_12_reg_3407                                 |     9|          2|   16|         32|
    |i_14_reg_3502                                 |     9|          2|   16|         32|
    |i_16_reg_3603                                 |     9|          2|   16|         32|
    |i_18_reg_3698                                 |     9|          2|   16|         32|
    |i_2_reg_2870                                  |     9|          2|    8|         16|
    |i_4_reg_2882                                  |     9|          2|    8|         16|
    |i_5_reg_2906                                  |     9|          2|   18|         36|
    |i_6_reg_2917                                  |     9|          2|   13|         26|
    |i_8_reg_3396                                  |     9|          2|    5|         10|
    |i_reg_2858                                    |     9|          2|   13|         26|
    |iteration_reg_2953                            |     9|          2|   18|         36|
    |local_world_address0                          |    48|          9|   13|        117|
    |local_world_d0                                |    14|          3|   32|         96|
    |move_count_0_i_i_i1155_reg_3322               |    81|         17|    5|         85|
    |moves_node_f_score_V_address0                 |    87|         18|    4|         72|
    |moves_node_f_score_V_address1                 |    81|         17|    4|         68|
    |moves_node_f_score_V_d0                       |    20|          4|   11|         44|
    |moves_node_f_score_V_d1                       |    20|          4|   11|         44|
    |moves_node_g_score_V_address0                 |    87|         18|    4|         72|
    |moves_node_g_score_V_address1                 |    81|         17|    4|         68|
    |moves_node_g_score_V_d0                       |    14|          3|   11|         33|
    |moves_node_g_score_V_d1                       |    14|          3|   11|         33|
    |moves_node_x_V_address0                       |    87|         18|    4|         72|
    |moves_node_x_V_address1                       |    81|         17|    4|         68|
    |moves_node_x_V_d0                             |    14|          3|    9|         27|
    |moves_node_x_V_d1                             |    14|          3|    9|         27|
    |moves_node_y_V_address0                       |    87|         18|    4|         72|
    |moves_node_y_V_address1                       |    81|         17|    4|         68|
    |moves_node_y_V_d0                             |    53|         10|    9|         90|
    |moves_node_y_V_d1                             |    53|         10|    9|         90|
    |moves_target_address0                         |    87|         18|    4|         72|
    |moves_target_address1                         |    81|         17|    4|         68|
    |moves_target_d0                               |    48|          9|   13|        117|
    |moves_target_d1                               |    53|         10|   13|        130|
    |open_set_heap_f_score_V_address0              |   233|         54|   13|        702|
    |open_set_heap_f_score_V_ce0                   |    14|          3|    1|          3|
    |open_set_heap_f_score_V_d0                    |    53|         10|   11|        110|
    |open_set_heap_f_score_V_we0                   |    14|          3|    1|          3|
    |open_set_heap_g_score_V_address0              |   217|         50|   13|        650|
    |open_set_heap_g_score_V_ce0                   |    14|          3|    1|          3|
    |open_set_heap_g_score_V_d0                    |    37|          7|   11|         77|
    |open_set_heap_g_score_V_we0                   |    14|          3|    1|          3|
    |open_set_heap_x_V_address0                    |   217|         50|   13|        650|
    |open_set_heap_x_V_ce0                         |    14|          3|    1|          3|
    |open_set_heap_x_V_d0                          |    48|          9|    9|         81|
    |open_set_heap_x_V_we0                         |    14|          3|    1|          3|
    |open_set_heap_y_V_address0                    |   217|         50|   13|        650|
    |open_set_heap_y_V_ce0                         |    14|          3|    1|          3|
    |open_set_heap_y_V_d0                          |    48|          9|    9|         81|
    |open_set_heap_y_V_we0                         |    14|          3|    1|          3|
    |open_set_size_0_reg_2929                      |     9|          2|   16|         32|
    |open_set_size_1_reg_3440                      |     9|          2|   16|         32|
    |open_set_size_2_reg_3464                      |     9|          2|   16|         32|
    |open_set_size_3_reg_3869                      |     9|          2|   16|         32|
    |open_set_size_4_reg_3537                      |     9|          2|   16|         32|
    |open_set_size_5_reg_3561                      |    14|          3|   16|         48|
    |open_set_size_6_reg_3638                      |     9|          2|   16|         32|
    |open_set_size_7_reg_3662                      |    14|          3|   16|         48|
    |open_set_size_8_reg_3733                      |     9|          2|   16|         32|
    |open_set_size_9_reg_3800                      |    14|          3|   16|         48|
    |p_ph_reg_3756                                 |    20|          4|   32|        128|
    |storemerge_reg_3904                           |    14|          3|   32|         96|
    |total_length_1_reg_3881                       |     9|          2|   20|         40|
    |total_length_reg_2894                         |     9|          2|   20|         40|
    |waypoints_x_V_address0                        |    14|          3|    4|         12|
    |waypoints_x_V_address1                        |    14|          3|    4|         12|
    |waypoints_y_V_address0                        |    14|          3|    4|         12|
    |waypoints_y_V_address1                        |    14|          3|    4|         12|
    +----------------------------------------------+------+-----------+-----+-----------+
    |Total                                         |  5183|       1073| 2086|      10010|
    +----------------------------------------------+------+-----------+-----+-----------+

    * Register: 
    +-------------------------------------------+-----+----+-----+-----------+
    |                    Name                   |  FF | LUT| Bits| Const Bits|
    +-------------------------------------------+-----+----+-----+-----------+
    |MAXI_addr_1_read_reg_7213                  |   32|   0|   32|          0|
    |MAXI_addr_2_reg_7252                       |   64|   0|   64|          0|
    |MAXI_addr_3_reg_7246                       |   64|   0|   64|          0|
    |MAXI_addr_4_reg_10118                      |   64|   0|   64|          0|
    |MAXI_addr_5_reg_10052                      |   64|   0|   64|          0|
    |MAXI_addr_reg_7192                         |   64|   0|   64|          0|
    |add731246_reg_3773                         |   20|   0|   20|          0|
    |add_ln142_10_reg_9068                      |   15|   0|   16|          1|
    |add_ln142_11_reg_9145                      |   15|   0|   16|          1|
    |add_ln142_12_reg_9235                      |   15|   0|   16|          1|
    |add_ln142_13_reg_9325                      |   15|   0|   16|          1|
    |add_ln142_14_reg_9432                      |   15|   0|   16|          1|
    |add_ln142_1_reg_8212                       |    4|   0|    5|          1|
    |add_ln142_2_reg_8294                       |    5|   0|    6|          1|
    |add_ln142_3_reg_8401                       |    7|   0|    8|          1|
    |add_ln142_4_reg_8500                       |    8|   0|    9|          1|
    |add_ln142_5_reg_8594                       |   10|   0|   11|          1|
    |add_ln142_6_reg_8676                       |   11|   0|   12|          1|
    |add_ln142_7_reg_8783                       |   13|   0|   14|          1|
    |add_ln142_8_reg_8871                       |   14|   0|   15|          1|
    |add_ln142_9_reg_8961                       |   15|   0|   16|          1|
    |add_ln142_reg_8105                         |    2|   0|    3|          1|
    |add_ln252_1_reg_9806                       |   16|   0|   16|          0|
    |add_ln252_2_reg_9929                       |   16|   0|   16|          0|
    |add_ln252_3_reg_10039                      |   16|   0|   16|          0|
    |add_ln252_reg_9688                         |   16|   0|   16|          0|
    |add_ln262_reg_8024                         |   16|   0|   16|          0|
    |add_ln456_reg_10073                        |   14|   0|   14|          0|
    |add_ln486_1_reg_10105                      |   12|   0|   12|          0|
    |add_ln486_reg_10095                        |   12|   0|   12|          0|
    |add_ln488_reg_10100                        |   14|   0|   14|          0|
    |and_ln320_reg_9539                         |    1|   0|    1|          0|
    |ap_CS_fsm                                  |  238|   0|  238|          0|
    |ap_enable_reg_pp0_iter0                    |    1|   0|    1|          0|
    |ap_enable_reg_pp0_iter1                    |    1|   0|    1|          0|
    |ap_enable_reg_pp0_iter2                    |    1|   0|    1|          0|
    |ap_enable_reg_pp1_iter0                    |    1|   0|    1|          0|
    |ap_enable_reg_pp1_iter1                    |    1|   0|    1|          0|
    |ap_enable_reg_pp1_iter2                    |    1|   0|    1|          0|
    |ap_enable_reg_pp3_iter0                    |    1|   0|    1|          0|
    |ap_enable_reg_pp3_iter1                    |    1|   0|    1|          0|
    |ap_enable_reg_pp3_iter2                    |    1|   0|    1|          0|
    |bit_1_reg_9604                             |    5|   0|    5|          0|
    |bit_2_reg_9713                             |    5|   0|    5|          0|
    |bit_3_reg_9840                             |    5|   0|    5|          0|
    |bit_4_reg_9953                             |    5|   0|    5|          0|
    |cmp_i_i310_i_reg_9569                      |    1|   0|    1|          0|
    |cmp_i_i316_i_reg_9565                      |    1|   0|    1|          0|
    |current24_reg_3280                         |   13|   0|   13|          0|
    |current_3_0_reg_2964                       |    2|   0|    2|          0|
    |current_3_1_reg_2986                       |    3|   0|    3|          0|
    |current_3_2_reg_3006                       |    5|   0|    5|          0|
    |current_3_3_reg_3026                       |    6|   0|    6|          0|
    |current_3_4_reg_3046                       |    8|   0|    8|          0|
    |current_3_5_reg_3066                       |    9|   0|    9|          0|
    |current_3_6_reg_3086                       |   11|   0|   11|          0|
    |current_3_7_reg_3106                       |   12|   0|   12|          0|
    |current_g_score_V_reg_7914                 |   11|   0|   11|          0|
    |current_x_V_1_reg_3859                     |    9|   0|    9|          0|
    |current_x_V_3_reg_10144                    |    9|   0|    9|          0|
    |current_x_V_4_reg_7922                     |    9|   0|    9|          0|
    |current_y_V_1_reg_3849                     |    9|   0|    9|          0|
    |current_y_V_3_reg_10149                    |    9|   0|    9|          0|
    |current_y_V_4_reg_7937                     |    9|   0|    9|          0|
    |empty_39_reg_3787                          |   32|   0|   32|          0|
    |empty_40_reg_3893                          |   32|   0|   32|          0|
    |error_flag_1_reg_2941                      |   32|   0|   32|          0|
    |error_flag_2_reg_3451                      |   32|   0|   32|          0|
    |error_flag_3_reg_3481                      |   32|   0|   32|          0|
    |error_flag_4_reg_3548                      |   32|   0|   32|          0|
    |error_flag_5_reg_3582                      |   32|   0|   32|          0|
    |error_flag_6_reg_3649                      |   32|   0|   32|          0|
    |error_flag_7_reg_3680                      |   32|   0|   32|          0|
    |error_flag_8_reg_3744                      |   32|   0|   32|          0|
    |error_flag_9_reg_3819                      |   32|   0|   32|          0|
    |existing_idx_1_ph_reg_3514                 |   16|   0|   16|          0|
    |existing_idx_1_reg_3525                    |   16|   0|   16|          0|
    |existing_idx_2_ph_reg_3615                 |   16|   0|   16|          0|
    |existing_idx_2_reg_3626                    |   16|   0|   16|          0|
    |existing_idx_3_ph_reg_3710                 |   16|   0|   16|          0|
    |existing_idx_3_reg_3721                    |   16|   0|   16|          0|
    |existing_idx_ph_reg_3419                   |   16|   0|   16|          0|
    |existing_idx_reg_3429                      |   16|   0|   16|          0|
    |goal_x_V_reg_7851                          |    9|   0|    9|          0|
    |goal_y_V_reg_7861                          |    9|   0|    9|          0|
    |grid_info_V_addr_1_reg_9618                |   18|   0|   18|          0|
    |grid_info_V_addr_3_reg_9731                |   18|   0|   18|          0|
    |grid_info_V_addr_4_reg_9854                |   18|   0|   18|          0|
    |grid_info_V_addr_5_reg_9976                |   18|   0|   18|          0|
    |grp_os_sift_up_fu_3919_ap_start_reg        |    1|   0|    1|          0|
    |i_10_reg_3838                              |   12|   0|   12|          0|
    |i_11_reg_7791                              |    8|   0|    8|          0|
    |i_12_reg_3407                              |   16|   0|   16|          0|
    |i_13_reg_9640                              |   16|   0|   16|          0|
    |i_14_reg_3502                              |   16|   0|   16|          0|
    |i_15_reg_9753                              |   16|   0|   16|          0|
    |i_16_reg_3603                              |   16|   0|   16|          0|
    |i_17_reg_9876                              |   16|   0|   16|          0|
    |i_18_reg_3698                              |   16|   0|   16|          0|
    |i_19_reg_9992                              |   16|   0|   16|          0|
    |i_1_reg_7198                               |   13|   0|   13|          0|
    |i_2_reg_2870                               |    8|   0|    8|          0|
    |i_2_reg_2870_pp1_iter1_reg                 |    8|   0|    8|          0|
    |i_3_reg_7258                               |    8|   0|    8|          0|
    |i_4_reg_2882                               |    8|   0|    8|          0|
    |i_5_reg_2906                               |   18|   0|   18|          0|
    |i_6_reg_2917                               |   13|   0|   13|          0|
    |i_6_reg_2917_pp3_iter1_reg                 |   13|   0|   13|          0|
    |i_7_reg_7806                               |   13|   0|   13|          0|
    |i_8_reg_3396                               |    5|   0|    5|          0|
    |i_9_reg_9506                               |    5|   0|    5|          0|
    |i_reg_2858                                 |   13|   0|   13|          0|
    |i_reg_2858_pp0_iter1_reg                   |   13|   0|   13|          0|
    |icmp_ln146_10_reg_9086                     |    1|   0|    1|          0|
    |icmp_ln146_11_reg_9176                     |    1|   0|    1|          0|
    |icmp_ln146_12_reg_9266                     |    1|   0|    1|          0|
    |icmp_ln146_13_reg_9356                     |    1|   0|    1|          0|
    |icmp_ln146_14_reg_9450                     |    1|   0|    1|          0|
    |icmp_ln146_1_reg_8230                      |    1|   0|    1|          0|
    |icmp_ln146_2_reg_8325                      |    1|   0|    1|          0|
    |icmp_ln146_3_reg_8419                      |    1|   0|    1|          0|
    |icmp_ln146_4_reg_8518                      |    1|   0|    1|          0|
    |icmp_ln146_5_reg_8612                      |    1|   0|    1|          0|
    |icmp_ln146_6_reg_8707                      |    1|   0|    1|          0|
    |icmp_ln146_7_reg_8801                      |    1|   0|    1|          0|
    |icmp_ln146_8_reg_8902                      |    1|   0|    1|          0|
    |icmp_ln146_9_reg_8992                      |    1|   0|    1|          0|
    |icmp_ln146_reg_8136                        |    1|   0|    1|          0|
    |icmp_ln147_10_reg_8997                     |    1|   0|    1|          0|
    |icmp_ln147_11_reg_9091                     |    1|   0|    1|          0|
    |icmp_ln147_12_reg_9181                     |    1|   0|    1|          0|
    |icmp_ln147_13_reg_9271                     |    1|   0|    1|          0|
    |icmp_ln147_14_reg_9361                     |    1|   0|    1|          0|
    |icmp_ln147_15_reg_9455                     |    1|   0|    1|          0|
    |icmp_ln147_1_reg_8141                      |    1|   0|    1|          0|
    |icmp_ln147_2_reg_8235                      |    1|   0|    1|          0|
    |icmp_ln147_3_reg_8330                      |    1|   0|    1|          0|
    |icmp_ln147_4_reg_8424                      |    1|   0|    1|          0|
    |icmp_ln147_5_reg_8523                      |    1|   0|    1|          0|
    |icmp_ln147_6_reg_8617                      |    1|   0|    1|          0|
    |icmp_ln147_7_reg_8712                      |    1|   0|    1|          0|
    |icmp_ln147_8_reg_8806                      |    1|   0|    1|          0|
    |icmp_ln147_9_reg_8907                      |    1|   0|    1|          0|
    |icmp_ln147_reg_8087                        |    1|   0|    1|          0|
    |icmp_ln172_reg_9502                        |    1|   0|    1|          0|
    |icmp_ln251_1_reg_9802                      |    1|   0|    1|          0|
    |icmp_ln251_2_reg_9925                      |    1|   0|    1|          0|
    |icmp_ln251_3_reg_10025                     |    1|   0|    1|          0|
    |icmp_ln251_reg_9684                        |    1|   0|    1|          0|
    |icmp_ln266_reg_8083                        |    1|   0|    1|          0|
    |icmp_ln278_2_reg_9746                      |    1|   0|    1|          0|
    |icmp_ln278_4_reg_9869                      |    1|   0|    1|          0|
    |icmp_ln278_6_reg_9985                      |    1|   0|    1|          0|
    |icmp_ln278_reg_9633                        |    1|   0|    1|          0|
    |icmp_ln312_reg_7895                        |    1|   0|    1|          0|
    |icmp_ln315_reg_7910                        |    1|   0|    1|          0|
    |icmp_ln364_1_reg_9780                      |    1|   0|    1|          0|
    |icmp_ln364_2_reg_9903                      |    1|   0|    1|          0|
    |icmp_ln364_reg_9667                        |    1|   0|    1|          0|
    |icmp_ln409_reg_10154                       |    1|   0|    1|          0|
    |icmp_ln433_reg_7203                        |    1|   0|    1|          0|
    |icmp_ln433_reg_7203_pp0_iter1_reg          |    1|   0|    1|          0|
    |icmp_ln446_1_reg_7263                      |    1|   0|    1|          0|
    |icmp_ln446_1_reg_7263_pp1_iter1_reg        |    1|   0|    1|          0|
    |icmp_ln458_reg_7787                        |    1|   0|    1|          0|
    |icmp_ln461_reg_7303                        |    1|   0|    1|          0|
    |icmp_ln467_reg_7811                        |    1|   0|    1|          0|
    |icmp_ln467_reg_7811_pp3_iter1_reg          |    1|   0|    1|          0|
    |icmp_ln484_reg_10081                       |    1|   0|    1|          0|
    |icmp_ln500_reg_10164                       |    1|   0|    1|          0|
    |icmp_ln870_2_reg_9655                      |    1|   0|    1|          0|
    |icmp_ln870_4_reg_9768                      |    1|   0|    1|          0|
    |icmp_ln870_6_reg_9891                      |    1|   0|    1|          0|
    |icmp_ln870_8_reg_10007                     |    1|   0|    1|          0|
    |icmp_ln878_18_reg_8155                     |    1|   0|    1|          0|
    |icmp_ln878_21_reg_8254                     |    1|   0|    1|          0|
    |icmp_ln878_24_reg_8344                     |    1|   0|    1|          0|
    |icmp_ln878_27_reg_8443                     |    1|   0|    1|          0|
    |icmp_ln878_2_reg_8095                      |    1|   0|    1|          0|
    |icmp_ln878_30_reg_8537                     |    1|   0|    1|          0|
    |icmp_ln878_33_reg_8636                     |    1|   0|    1|          0|
    |icmp_ln878_35_reg_8726                     |    1|   0|    1|          0|
    |icmp_ln878_37_reg_8825                     |    1|   0|    1|          0|
    |icmp_ln878_39_reg_8915                     |    1|   0|    1|          0|
    |icmp_ln878_3_reg_9723                      |    1|   0|    1|          0|
    |icmp_ln878_41_reg_9005                     |    1|   0|    1|          0|
    |icmp_ln878_43_reg_9099                     |    1|   0|    1|          0|
    |icmp_ln878_45_reg_9189                     |    1|   0|    1|          0|
    |icmp_ln878_47_reg_9279                     |    1|   0|    1|          0|
    |icmp_ln878_49_reg_9369                     |    1|   0|    1|          0|
    |icmp_ln878_4_reg_9831                      |    1|   0|    1|          0|
    |icmp_ln878_51_reg_9463                     |    1|   0|    1|          0|
    |icmp_ln878_5_reg_9963                      |    1|   0|    1|          0|
    |icmp_ln878_6_reg_10058                     |    1|   0|    1|          0|
    |idx_1_reg_9599                             |   18|   0|   18|          0|
    |idx_2_reg_9708                             |   18|   0|   18|          0|
    |idx_3_reg_9835                             |   18|   0|   18|          0|
    |idx_4_reg_9948                             |   18|   0|   18|          0|
    |idx_reg_9550                               |   18|   0|   18|          0|
    |iteration_1_reg_7899                       |   18|   0|   18|          0|
    |iteration_limit_reg_7297                   |   18|   0|   18|          0|
    |iteration_reg_2953                         |   18|   0|   18|          0|
    |local_world_addr_2_reg_9555                |   13|   0|   13|          0|
    |move_count_0_i_i_i1155_reg_3322            |    5|   0|    5|          0|
    |mul_ln73_reg_9543                          |   18|   0|   18|          0|
    |n_f_score_V_1_reg_9736                     |   11|   0|   11|          0|
    |n_f_score_V_2_reg_9859                     |   11|   0|   11|          0|
    |n_f_score_V_3_reg_9970                     |   11|   0|   11|          0|
    |n_f_score_V_reg_9623                       |   11|   0|   11|          0|
    |n_g_score_V_reg_9573                       |   11|   0|   11|          0|
    |n_x_V_2_reg_9937                           |    9|   0|    9|          0|
    |n_x_V_reg_9696                             |    9|   0|    9|          0|
    |n_y_V_1_reg_9814                           |    9|   0|    9|          0|
    |n_y_V_reg_9582                             |    9|   0|    9|          0|
    |node_f_score_V_1_reg_7972                  |   11|   0|   11|          0|
    |node_g_score_V_reg_8009                    |   11|   0|   11|          0|
    |node_x_V_1_reg_8014                        |    9|   0|    9|          0|
    |node_y_V_1_reg_8019                        |    9|   0|    9|          0|
    |op2_assign_cast6_reg_7277                  |    9|   0|    9|          0|
    |op2_assign_cast_reg_7287                   |   16|   0|   18|          2|
    |op2_assign_reg_7218                        |   16|   0|   16|          0|
    |open_set_heap_f_score_V_addr_10_reg_9797   |   13|   0|   13|          0|
    |open_set_heap_f_score_V_addr_13_reg_9920   |   13|   0|   13|          0|
    |open_set_heap_f_score_V_addr_16_reg_10034  |   13|   0|   13|          0|
    |open_set_heap_f_score_V_addr_7_reg_9679    |   13|   0|   13|          0|
    |open_set_size_0_reg_2929                   |   16|   0|   16|          0|
    |open_set_size_1_reg_3440                   |   16|   0|   16|          0|
    |open_set_size_2_reg_3464                   |   16|   0|   16|          0|
    |open_set_size_3_reg_3869                   |   16|   0|   16|          0|
    |open_set_size_4_reg_3537                   |   16|   0|   16|          0|
    |open_set_size_5_reg_3561                   |   16|   0|   16|          0|
    |open_set_size_6_reg_3638                   |   16|   0|   16|          0|
    |open_set_size_7_reg_3662                   |   16|   0|   16|          0|
    |open_set_size_8_reg_3733                   |   16|   0|   16|          0|
    |open_set_size_9_reg_3800                   |   16|   0|   16|          0|
    |or_ln141_10_reg_9050                       |   15|   0|   16|          1|
    |or_ln141_11_reg_9139                       |   15|   0|   16|          1|
    |or_ln141_12_reg_9229                       |   15|   0|   16|          1|
    |or_ln141_13_reg_9319                       |   15|   0|   16|          1|
    |or_ln141_14_reg_9414                       |   15|   0|   16|          1|
    |or_ln141_1_reg_8194                        |    3|   0|    4|          1|
    |or_ln141_2_reg_8288                        |    5|   0|    6|          1|
    |or_ln141_3_reg_8383                        |    6|   0|    7|          1|
    |or_ln141_4_reg_8482                        |    8|   0|    9|          1|
    |or_ln141_5_reg_8576                        |    9|   0|   10|          1|
    |or_ln141_6_reg_8670                        |   11|   0|   12|          1|
    |or_ln141_7_reg_8765                        |   12|   0|   13|          1|
    |or_ln141_8_reg_8865                        |   14|   0|   15|          1|
    |or_ln141_9_reg_8955                        |   15|   0|   16|          1|
    |or_ln141_reg_8099                          |    2|   0|    3|          1|
    |or_ln344_1_reg_9704                        |    1|   0|    1|          0|
    |or_ln344_2_reg_9827                        |    1|   0|    1|          0|
    |or_ln344_reg_9595                          |    1|   0|    1|          0|
    |or_ln440_1_reg_7238                        |    1|   0|    1|          0|
    |or_ln76_reg_9560                           |   32|   0|   32|          0|
    |p_ph_reg_3756                              |   32|   0|   32|          0|
    |ram_read_reg_7184                          |   64|   0|   64|          0|
    |reg_3977                                   |   32|   0|   32|          0|
    |reg_3982                                   |   11|   0|   11|          0|
    |reg_3988                                   |   11|   0|   11|          0|
    |reg_4084                                   |   32|   0|   32|          0|
    |reg_4088                                   |    3|   0|    3|          0|
    |shl_ln141_13_reg_9409                      |   15|   0|   16|          1|
    |shl_ln141_1_reg_8189                       |    3|   0|    4|          1|
    |shl_ln141_3_reg_8378                       |    6|   0|    7|          1|
    |shl_ln141_4_reg_8477                       |    8|   0|    9|          1|
    |shl_ln141_5_reg_8571                       |    9|   0|   10|          1|
    |shl_ln141_7_reg_8760                       |   12|   0|   13|          1|
    |shl_ln141_reg_9045                         |   15|   0|   16|          1|
    |start_x_V_reg_7837                         |    9|   0|    9|          0|
    |start_y_V_reg_7844                         |    9|   0|    9|          0|
    |storemerge7_0_reg_2976                     |    9|   0|    9|          0|
    |storemerge7_10_reg_3173                    |    9|   0|    9|          0|
    |storemerge7_11_reg_3192                    |    9|   0|    9|          0|
    |storemerge7_12_reg_3211                    |    9|   0|    9|          0|
    |storemerge7_13_reg_3230                    |    9|   0|    9|          0|
    |storemerge7_14_reg_3249                    |    9|   0|    9|          0|
    |storemerge7_1_reg_2996                     |    9|   0|    9|          0|
    |storemerge7_2_reg_3016                     |    9|   0|    9|          0|
    |storemerge7_3_reg_3036                     |    9|   0|    9|          0|
    |storemerge7_4_reg_3056                     |    9|   0|    9|          0|
    |storemerge7_5_reg_3076                     |    9|   0|    9|          0|
    |storemerge7_6_reg_3096                     |    9|   0|    9|          0|
    |storemerge7_7_reg_3116                     |    9|   0|    9|          0|
    |storemerge7_8_reg_3135                     |    9|   0|    9|          0|
    |storemerge7_9_reg_3154                     |    9|   0|    9|          0|
    |storemerge_reg_3904                        |   32|   0|   32|          0|
    |total_length_1_reg_3881                    |   20|   0|   20|          0|
    |total_length_2_reg_10067                   |   20|   0|   20|          0|
    |total_length_reg_2894                      |   20|   0|   20|          0|
    |trunc_ln117_1_reg_8949                     |   13|   0|   13|          0|
    |trunc_ln117_2_reg_9039                     |   13|   0|   13|          0|
    |trunc_ln117_3_reg_9133                     |   13|   0|   13|          0|
    |trunc_ln117_4_reg_9223                     |   13|   0|   13|          0|
    |trunc_ln117_5_reg_9313                     |   13|   0|   13|          0|
    |trunc_ln117_6_reg_9403                     |   13|   0|   13|          0|
    |trunc_ln117_reg_8859                       |   13|   0|   13|          0|
    |trunc_ln1348_1_reg_9742                    |    1|   0|    1|          0|
    |trunc_ln1348_2_reg_9865                    |    1|   0|    1|          0|
    |trunc_ln1348_3_reg_9981                    |    1|   0|    1|          0|
    |trunc_ln1348_reg_9629                      |    1|   0|    1|          0|
    |trunc_ln302_reg_7272                       |    9|   0|    9|          0|
    |trunc_ln315_reg_7904                       |   13|   0|   13|          0|
    |trunc_ln438_reg_7225                       |    8|   0|    8|          0|
    |trunc_ln5_reg_7267                         |    9|   0|    9|          0|
    |trunc_ln68_1_reg_9727                      |    1|   0|    1|          0|
    |trunc_ln68_2_reg_9850                      |    1|   0|    1|          0|
    |trunc_ln68_reg_9614                        |    1|   0|    1|          0|
    |waypoint_count                             |    8|   0|    8|          0|
    |waypoints_x_V_addr_2_reg_7825              |    4|   0|    4|          0|
    |waypoints_y_V_addr_2_reg_7831              |    4|   0|    4|          0|
    |zext_ln101_1_reg_7871                      |    9|   0|   10|          1|
    |zext_ln101_3_reg_7883                      |    9|   0|   10|          1|
    |zext_ln117_1_reg_8240                      |    3|   0|   13|         10|
    |zext_ln117_2_reg_8335                      |    5|   0|   13|          8|
    |zext_ln117_3_reg_8429                      |    6|   0|   13|          7|
    |zext_ln117_4_reg_8528                      |    8|   0|   13|          5|
    |zext_ln117_5_reg_8622                      |    9|   0|   13|          4|
    |zext_ln117_6_reg_8717                      |   11|   0|   13|          2|
    |zext_ln117_7_reg_8811                      |   12|   0|   13|          1|
    |zext_ln117_reg_8146                        |    2|   0|   13|         11|
    |zext_ln142_11_reg_8817                     |   12|   0|   14|          2|
    |zext_ln142_2_reg_8246                      |    3|   0|    5|          2|
    |zext_ln142_5_reg_8435                      |    6|   0|    8|          2|
    |zext_ln142_8_reg_8628                      |    9|   0|   11|          2|
    |zext_ln146_10_reg_9056                     |   15|   0|   64|         49|
    |zext_ln146_11_reg_9152                     |   15|   0|   64|         49|
    |zext_ln146_12_reg_9242                     |   15|   0|   64|         49|
    |zext_ln146_13_reg_9332                     |   15|   0|   64|         49|
    |zext_ln146_14_reg_9420                     |   15|   0|   64|         49|
    |zext_ln146_1_reg_8200                      |    3|   0|   64|         61|
    |zext_ln146_2_reg_8301                      |    5|   0|   64|         59|
    |zext_ln146_3_reg_8389                      |    6|   0|   64|         58|
    |zext_ln146_4_reg_8488                      |    8|   0|   64|         56|
    |zext_ln146_5_reg_8582                      |    9|   0|   64|         55|
    |zext_ln146_6_reg_8683                      |   11|   0|   64|         53|
    |zext_ln146_7_reg_8771                      |   12|   0|   64|         52|
    |zext_ln146_8_reg_8878                      |   14|   0|   64|         50|
    |zext_ln146_9_reg_8968                      |   15|   0|   64|         49|
    |zext_ln146_reg_8112                        |    2|   0|   64|         62|
    |zext_ln147_10_reg_9074                     |   15|   0|   64|         49|
    |zext_ln147_11_reg_9164                     |   15|   0|   64|         49|
    |zext_ln147_12_reg_9254                     |   15|   0|   64|         49|
    |zext_ln147_13_reg_9344                     |   15|   0|   64|         49|
    |zext_ln147_14_reg_9438                     |   15|   0|   64|         49|
    |zext_ln147_1_reg_8218                      |    4|   0|   64|         60|
    |zext_ln147_2_reg_8313                      |    5|   0|   64|         59|
    |zext_ln147_3_reg_8407                      |    7|   0|   64|         57|
    |zext_ln147_4_reg_8506                      |    8|   0|   64|         56|
    |zext_ln147_5_reg_8600                      |   10|   0|   64|         54|
    |zext_ln147_6_reg_8695                      |   11|   0|   64|         53|
    |zext_ln147_7_reg_8789                      |   13|   0|   64|         51|
    |zext_ln147_8_reg_8890                      |   14|   0|   64|         50|
    |zext_ln147_9_reg_8980                      |   15|   0|   64|         49|
    |zext_ln147_reg_8124                        |    2|   0|   64|         62|
    |zext_ln264_reg_8071                        |    9|   0|   18|          9|
    |zext_ln266_reg_8078                        |    9|   0|   18|          9|
    |zext_ln280_1_reg_9758                      |   16|   0|   64|         48|
    |zext_ln280_2_reg_9881                      |   16|   0|   64|         48|
    |zext_ln280_3_reg_9997                      |   16|   0|   64|         48|
    |zext_ln280_reg_9645                        |   16|   0|   64|         48|
    |zext_ln321_reg_10062                       |   11|   0|   12|          1|
    |zext_ln367_1_reg_9792                      |   16|   0|   64|         48|
    |zext_ln367_2_reg_9915                      |   16|   0|   64|         48|
    |zext_ln367_3_reg_10029                     |   16|   0|   64|         48|
    |zext_ln367_reg_9674                        |   16|   0|   64|         48|
    |zext_ln440_reg_7233                        |    8|   0|   32|         24|
    +-------------------------------------------+-----+----+-----+-----------+
    |Total                                      | 4014|   0| 6134|       2120|
    +-------------------------------------------+-----+----+-----+-----------+



================================================================
== Interface
================================================================
* Summary: 
+------------------------+-----+-----+------------+--------------+--------------+
|        RTL Ports       | Dir | Bits|  Protocol  | Source Object|    C Type    |
+------------------------+-----+-----+------------+--------------+--------------+
|s_axi_AXILiteS_AWVALID  |   in|    1|       s_axi|      AXILiteS|       pointer|
|s_axi_AXILiteS_AWREADY  |  out|    1|       s_axi|      AXILiteS|       pointer|
|s_axi_AXILiteS_AWADDR   |   in|    5|       s_axi|      AXILiteS|       pointer|
|s_axi_AXILiteS_WVALID   |   in|    1|       s_axi|      AXILiteS|       pointer|
|s_axi_AXILiteS_WREADY   |  out|    1|       s_axi|      AXILiteS|       pointer|
|s_axi_AXILiteS_WDATA    |   in|   32|       s_axi|      AXILiteS|       pointer|
|s_axi_AXILiteS_WSTRB    |   in|    4|       s_axi|      AXILiteS|       pointer|
|s_axi_AXILiteS_ARVALID  |   in|    1|       s_axi|      AXILiteS|       pointer|
|s_axi_AXILiteS_ARREADY  |  out|    1|       s_axi|      AXILiteS|       pointer|
|s_axi_AXILiteS_ARADDR   |   in|    5|       s_axi|      AXILiteS|       pointer|
|s_axi_AXILiteS_RVALID   |  out|    1|       s_axi|      AXILiteS|       pointer|
|s_axi_AXILiteS_RREADY   |   in|    1|       s_axi|      AXILiteS|       pointer|
|s_axi_AXILiteS_RDATA    |  out|   32|       s_axi|      AXILiteS|       pointer|
|s_axi_AXILiteS_RRESP    |  out|    2|       s_axi|      AXILiteS|       pointer|
|s_axi_AXILiteS_BVALID   |  out|    1|       s_axi|      AXILiteS|       pointer|
|s_axi_AXILiteS_BREADY   |   in|    1|       s_axi|      AXILiteS|       pointer|
|s_axi_AXILiteS_BRESP    |  out|    2|       s_axi|      AXILiteS|       pointer|
|s_axi_control_AWVALID   |   in|    1|       s_axi|       control|        scalar|
|s_axi_control_AWREADY   |  out|    1|       s_axi|       control|        scalar|
|s_axi_control_AWADDR    |   in|    5|       s_axi|       control|        scalar|
|s_axi_control_WVALID    |   in|    1|       s_axi|       control|        scalar|
|s_axi_control_WREADY    |  out|    1|       s_axi|       control|        scalar|
|s_axi_control_WDATA     |   in|   32|       s_axi|       control|        scalar|
|s_axi_control_WSTRB     |   in|    4|       s_axi|       control|        scalar|
|s_axi_control_ARVALID   |   in|    1|       s_axi|       control|        scalar|
|s_axi_control_ARREADY   |  out|    1|       s_axi|       control|        scalar|
|s_axi_control_ARADDR    |   in|    5|       s_axi|       control|        scalar|
|s_axi_control_RVALID    |  out|    1|       s_axi|       control|        scalar|
|s_axi_control_RREADY    |   in|    1|       s_axi|       control|        scalar|
|s_axi_control_RDATA     |  out|   32|       s_axi|       control|        scalar|
|s_axi_control_RRESP     |  out|    2|       s_axi|       control|        scalar|
|s_axi_control_BVALID    |  out|    1|       s_axi|       control|        scalar|
|s_axi_control_BREADY    |   in|    1|       s_axi|       control|        scalar|
|s_axi_control_BRESP     |  out|    2|       s_axi|       control|        scalar|
|ap_clk                  |   in|    1|  ap_ctrl_hs|      toplevel|  return value|
|ap_rst_n                |   in|    1|  ap_ctrl_hs|      toplevel|  return value|
|interrupt               |  out|    1|  ap_ctrl_hs|      toplevel|  return value|
|m_axi_MAXI_AWVALID      |  out|    1|       m_axi|          MAXI|       pointer|
|m_axi_MAXI_AWREADY      |   in|    1|       m_axi|          MAXI|       pointer|
|m_axi_MAXI_AWADDR       |  out|   64|       m_axi|          MAXI|       pointer|
|m_axi_MAXI_AWID         |  out|    1|       m_axi|          MAXI|       pointer|
|m_axi_MAXI_AWLEN        |  out|    8|       m_axi|          MAXI|       pointer|
|m_axi_MAXI_AWSIZE       |  out|    3|       m_axi|          MAXI|       pointer|
|m_axi_MAXI_AWBURST      |  out|    2|       m_axi|          MAXI|       pointer|
|m_axi_MAXI_AWLOCK       |  out|    2|       m_axi|          MAXI|       pointer|
|m_axi_MAXI_AWCACHE      |  out|    4|       m_axi|          MAXI|       pointer|
|m_axi_MAXI_AWPROT       |  out|    3|       m_axi|          MAXI|       pointer|
|m_axi_MAXI_AWQOS        |  out|    4|       m_axi|          MAXI|       pointer|
|m_axi_MAXI_AWREGION     |  out|    4|       m_axi|          MAXI|       pointer|
|m_axi_MAXI_AWUSER       |  out|    1|       m_axi|          MAXI|       pointer|
|m_axi_MAXI_WVALID       |  out|    1|       m_axi|          MAXI|       pointer|
|m_axi_MAXI_WREADY       |   in|    1|       m_axi|          MAXI|       pointer|
|m_axi_MAXI_WDATA        |  out|   32|       m_axi|          MAXI|       pointer|
|m_axi_MAXI_WSTRB        |  out|    4|       m_axi|          MAXI|       pointer|
|m_axi_MAXI_WLAST        |  out|    1|       m_axi|          MAXI|       pointer|
|m_axi_MAXI_WID          |  out|    1|       m_axi|          MAXI|       pointer|
|m_axi_MAXI_WUSER        |  out|    1|       m_axi|          MAXI|       pointer|
|m_axi_MAXI_ARVALID      |  out|    1|       m_axi|          MAXI|       pointer|
|m_axi_MAXI_ARREADY      |   in|    1|       m_axi|          MAXI|       pointer|
|m_axi_MAXI_ARADDR       |  out|   64|       m_axi|          MAXI|       pointer|
|m_axi_MAXI_ARID         |  out|    1|       m_axi|          MAXI|       pointer|
|m_axi_MAXI_ARLEN        |  out|    8|       m_axi|          MAXI|       pointer|
|m_axi_MAXI_ARSIZE       |  out|    3|       m_axi|          MAXI|       pointer|
|m_axi_MAXI_ARBURST      |  out|    2|       m_axi|          MAXI|       pointer|
|m_axi_MAXI_ARLOCK       |  out|    2|       m_axi|          MAXI|       pointer|
|m_axi_MAXI_ARCACHE      |  out|    4|       m_axi|          MAXI|       pointer|
|m_axi_MAXI_ARPROT       |  out|    3|       m_axi|          MAXI|       pointer|
|m_axi_MAXI_ARQOS        |  out|    4|       m_axi|          MAXI|       pointer|
|m_axi_MAXI_ARREGION     |  out|    4|       m_axi|          MAXI|       pointer|
|m_axi_MAXI_ARUSER       |  out|    1|       m_axi|          MAXI|       pointer|
|m_axi_MAXI_RVALID       |   in|    1|       m_axi|          MAXI|       pointer|
|m_axi_MAXI_RREADY       |  out|    1|       m_axi|          MAXI|       pointer|
|m_axi_MAXI_RDATA        |   in|   32|       m_axi|          MAXI|       pointer|
|m_axi_MAXI_RLAST        |   in|    1|       m_axi|          MAXI|       pointer|
|m_axi_MAXI_RID          |   in|    1|       m_axi|          MAXI|       pointer|
|m_axi_MAXI_RUSER        |   in|    1|       m_axi|          MAXI|       pointer|
|m_axi_MAXI_RRESP        |   in|    2|       m_axi|          MAXI|       pointer|
|m_axi_MAXI_BVALID       |   in|    1|       m_axi|          MAXI|       pointer|
|m_axi_MAXI_BREADY       |  out|    1|       m_axi|          MAXI|       pointer|
|m_axi_MAXI_BRESP        |   in|    2|       m_axi|          MAXI|       pointer|
|m_axi_MAXI_BID          |   in|    1|       m_axi|          MAXI|       pointer|
|m_axi_MAXI_BUSER        |   in|    1|       m_axi|          MAXI|       pointer|
+------------------------+-----+-----+------------+--------------+--------------+

