#
# An unexpected error has occurred (11)
#
Stack:
/opt/Xilinx/Vivado/2020.2/tps/lnx64/jre11.0.2/lib//server/libjvm.so(+0xc04c3b) [0x7ff180804c3b]
/opt/Xilinx/Vivado/2020.2/tps/lnx64/jre11.0.2/lib//server/libjvm.so(JVM_handle_linux_signal+0x14e) [0x7ff1808098de]
/opt/Xilinx/Vivado/2020.2/tps/lnx64/jre11.0.2/lib//server/libjvm.so(+0xbfd538) [0x7ff1807fd538]
/opt/Xilinx/Vivado/2020.2/tps/lnx64/javafx-sdk-11.0.2/lib/libjfxwebkit.so(+0x205ae18) [0x7ff139c2ae18]
/lib/x86_64-linux-gnu/libc.so.6(+0x42520) [0x7ff1de419520]
/opt/Xilinx/Vivado/2020.2/lib/lnx64.o/librdi_coregen.so(__gnu_cxx::__normal_iterator<HACGPAbstractionDefinitionPortsPort* const*, std::vector<HACGPAbstractionDefinitionPortsPort*, std::allocator<HACGPAbstractionDefinitionPortsPort*> > > std::__find_if<__gnu_cxx::__normal_iterator<HACGPAbstractionDefinitionPortsPort* const*, std::vector<HACGPAbstractionDefinitionPortsPort*, std::allocator<HACGPAbstractionDefinitionPortsPort*> > >, __gnu_cxx::__ops::_Iter_pred<boost::_bi::bind_t<bool, boost::_bi::equal, boost::_bi::list2<boost::_bi::bind_t<std::__cxx11::basic_string<char, std::char_traits<char>, std::allocator<char> > const&, boost::_mfi::cmf0<std::__cxx11::basic_string<char, std::char_traits<char>, std::allocator<char> > const&, HACGPAbstractionDefinitionPortsPort>, boost::_bi::list1<boost::arg<1> > >, boost::_bi::value<std::__cxx11::basic_string<char, std::char_traits<char>, std::allocator<char> > > > > > >(__gnu_cxx::__normal_iterator<HACGPAbstractionDefinitionPortsPort* const*, std::vector<HACGPAbstractionDefinitionPortsPort*, std::allocator<HACGPAbstractionDefinitionPortsPort*> > >, __gnu_cxx::__normal_iterator<HACGPAbstractionDefinitionPortsPort* const*, std::vector<HACGPAbstractionDefinitionPortsPort*, std::allocator<HACGPAbstractionDefinitionPortsPort*> > >, __gnu_cxx::__ops::_Iter_pred<boost::_bi::bind_t<bool, boost::_bi::equal, boost::_bi::list2<boost::_bi::bind_t<std::__cxx11::basic_string<char, std::char_traits<char>, std::allocator<char> > const&, boost::_mfi::cmf0<std::__cxx11::basic_string<char, std::char_traits<char>, std::allocator<char> > const&, HACGPAbstractionDefinitionPortsPort>, boost::_bi::list1<boost::arg<1> > >, boost::_bi::value<std::__cxx11::basic_string<char, std::char_traits<char>, std::allocator<char> > > > > >, std::random_access_iterator_tag)+0xc5) [0x7ff1c7ca55c5]
/opt/Xilinx/Vivado/2020.2/lib/lnx64.o/librdi_coregen.so(+0xea5a34) [0x7ff1c7ca5a34]
/opt/Xilinx/Vivado/2020.2/lib/lnx64.o/librdi_coregen.so(HRSBCoAbsDefUtil::isClockAbsDefPort(std::__cxx11::basic_string<char, std::char_traits<char>, std::allocator<char> > const&) const+0x10) [0x7ff1c80e03b0]
/opt/Xilinx/Vivado/2020.2/lib/lnx64.o/librdi_rsb.so(HRSBEnUtil::writeOOCXdcFile(std::__cxx11::basic_string<char, std::char_traits<char>, std::allocator<char> > const&, HRSBMoDiagram*)+0x6af) [0x7ff19d504a2f]
/opt/Xilinx/Vivado/2020.2/lib/lnx64.o/librdi_rsb.so(HRSBEnEngineMgr::generateDesign(std::__cxx11::basic_string<char, std::char_traits<char>, std::allocator<char> > const&, std::__cxx11::basic_string<char, std::char_traits<char>, std::allocator<char> > const&, bool)+0xf12) [0x7ff19d4b2242]
/opt/Xilinx/Vivado/2020.2/lib/lnx64.o/librdi_rsb.so(HRSBEnCompositeFile::generateTopHdlWrapper(std::__cxx11::basic_string<char, std::char_traits<char>, std::allocator<char> > const&, HDGUIStatus&, bool)+0x15e) [0x7ff19d426bae]
/opt/Xilinx/Vivado/2020.2/lib/lnx64.o/librdi_rsb.so(HRSBEnCompositeFile::_generateFor_(HSTVector<std::__cxx11::basic_string<char, std::char_traits<char>, std::allocator<char> >, std::allocator<std::__cxx11::basic_string<char, std::char_traits<char>, std::allocator<char> > > > const&, HDGUIStatus&, bool)+0xfb2) [0x7ff19d436392]
/opt/Xilinx/Vivado/2020.2/lib/lnx64.o/librdi_filemgmt.so(HDDACompositeFile::generateFor(HSTVector<std::__cxx11::basic_string<char, std::char_traits<char>, std::allocator<char> >, std::allocator<std::__cxx11::basic_string<char, std::char_traits<char>, std::allocator<char> > > > const&, HDGUIStatus&, bool)+0x42f) [0x7ff1aa69121f]
/opt/Xilinx/Vivado/2020.2/lib/lnx64.o/librdi_tcltasks.so(+0xdf8324) [0x7ff1cddf8324]
/opt/Xilinx/Vivado/2020.2/lib/lnx64.o/librdi_common.so(+0x9cfb1d) [0x7ff1dfbcfb1d]
/opt/Xilinx/Vivado/2020.2/lib/lnx64.o/libtcl8.5.so(+0x3356f) [0x7ff1d803356f]
/opt/Xilinx/Vivado/2020.2/lib/lnx64.o/libtcl8.5.so(+0x76945) [0x7ff1d8076945]
/opt/Xilinx/Vivado/2020.2/lib/lnx64.o/libtcl8.5.so(+0x7e0f9) [0x7ff1d807e0f9]
/opt/Xilinx/Vivado/2020.2/lib/lnx64.o/libtcl8.5.so(TclEvalObjEx+0x76) [0x7ff1d8035216]
/opt/Xilinx/Vivado/2020.2/lib/lnx64.o/librdi_common.so(+0x9ce041) [0x7ff1dfbce041]
/opt/Xilinx/Vivado/2020.2/lib/lnx64.o/libtcl8.5.so(Tcl_ServiceEvent+0x7f) [0x7ff1d80a7bef]
/opt/Xilinx/Vivado/2020.2/lib/lnx64.o/libtcl8.5.so(Tcl_DoOneEvent+0x154) [0x7ff1d80a7f24]
/opt/Xilinx/Vivado/2020.2/lib/lnx64.o/librdi_commontasks.so(+0x23caa5) [0x7ff1d0e3caa5]
/opt/Xilinx/Vivado/2020.2/lib/lnx64.o/librdi_commontasks.so(+0x23fbb5) [0x7ff1d0e3fbb5]
/opt/Xilinx/Vivado/2020.2/lib/lnx64.o/librdi_commontasks.so(+0x240bde) [0x7ff1d0e40bde]
/opt/Xilinx/Vivado/2020.2/lib/lnx64.o/librdi_common.so(+0x9cfb1d) [0x7ff1dfbcfb1d]
/opt/Xilinx/Vivado/2020.2/lib/lnx64.o/libtcl8.5.so(+0x3356f) [0x7ff1d803356f]
/opt/Xilinx/Vivado/2020.2/lib/lnx64.o/libtcl8.5.so(+0x76945) [0x7ff1d8076945]
/opt/Xilinx/Vivado/2020.2/lib/lnx64.o/libtcl8.5.so(+0x7e0f9) [0x7ff1d807e0f9]
/opt/Xilinx/Vivado/2020.2/lib/lnx64.o/libtcl8.5.so(TclEvalObjEx+0x76) [0x7ff1d8035216]
/opt/Xilinx/Vivado/2020.2/lib/lnx64.o/librdi_commonmain.so(+0xad53) [0x7ff1dee0ad53]
/opt/Xilinx/Vivado/2020.2/lib/lnx64.o/libtcl8.5.so(Tcl_Main+0x1d0) [0x7ff1d80a02f0]
/opt/Xilinx/Vivado/2020.2/lib/lnx64.o/librdi_common.so(+0xa1442b) [0x7ff1dfc1442b]
/lib/x86_64-linux-gnu/libc.so.6(+0x94ac3) [0x7ff1de46bac3]
/lib/x86_64-linux-gnu/libc.so.6(+0x126850) [0x7ff1de4fd850]
