#
# An unexpected error has occurred (11)
#
Stack:
/opt/Xilinx/Vivado/2020.2/tps/lnx64/jre11.0.2/lib//server/libjvm.so(+0xc04c3b) [0x7f4515c04c3b]
/opt/Xilinx/Vivado/2020.2/tps/lnx64/jre11.0.2/lib//server/libjvm.so(JVM_handle_linux_signal+0x14e) [0x7f4515c098de]
/opt/Xilinx/Vivado/2020.2/tps/lnx64/jre11.0.2/lib//server/libjvm.so(+0xbfd538) [0x7f4515bfd538]
/opt/Xilinx/Vivado/2020.2/tps/lnx64/javafx-sdk-11.0.2/lib/libjfxwebkit.so(+0x205ae18) [0x7f44ce82ae18]
/lib/x86_64-linux-gnu/libc.so.6(+0x42520) [0x7f4573819520]
/opt/Xilinx/Vivado/2020.2/lib/lnx64.o/librdi_coregen.so(__gnu_cxx::__normal_iterator<HACGPAbstractionDefinitionPortsPort* const*, std::vector<HACGPAbstractionDefinitionPortsPort*, std::allocator<HACGPAbstractionDefinitionPortsPort*> > > std::__find_if<__gnu_cxx::__normal_iterator<HACGPAbstractionDefinitionPortsPort* const*, std::vector<HACGPAbstractionDefinitionPortsPort*, std::allocator<HACGPAbstractionDefinitionPortsPort*> > >, __gnu_cxx::__ops::_Iter_pred<boost::_bi::bind_t<bool, boost::_bi::equal, boost::_bi::list2<boost::_bi::bind_t<std::__cxx11::basic_string<char, std::char_traits<char>, std::allocator<char> > const&, boost::_mfi::cmf0<std::__cxx11::basic_string<char, std::char_traits<char>, std::allocator<char> > const&, HACGPAbstractionDefinitionPortsPort>, boost::_bi::list1<boost::arg<1> > >, boost::_bi::value<std::__cxx11::basic_string<char, std::char_traits<char>, std::allocator<char> > > > > > >(__gnu_cxx::__normal_iterator<HACGPAbstractionDefinitionPortsPort* const*, std::vector<HACGPAbstractionDefinitionPortsPort*, std::allocator<HACGPAbstractionDefinitionPortsPort*> > >, __gnu_cxx::__normal_iterator<HACGPAbstractionDefinitionPortsPort* const*, std::vector<HACGPAbstractionDefinitionPortsPort*, std::allocator<HACGPAbstractionDefinitionPortsPort*> > >, __gnu_cxx::__ops::_Iter_pred<boost::_bi::bind_t<bool, boost::_bi::equal, boost::_bi::list2<boost::_bi::bind_t<std::__cxx11::basic_string<char, std::char_traits<char>, std::allocator<char> > const&, boost::_mfi::cmf0<std::__cxx11::basic_string<char, std::char_traits<char>, std::allocator<char> > const&, HACGPAbstractionDefinitionPortsPort>, boost::_bi::list1<boost::arg<1> > >, boost::_bi::value<std::__cxx11::basic_string<char, std::char_traits<char>, std::allocator<char> > > > > >, std::random_access_iterator_tag)+0xd4) [0x7f455d0a55d4]
/opt/Xilinx/Vivado/2020.2/lib/lnx64.o/librdi_coregen.so(+0xea5a34) [0x7f455d0a5a34]
/opt/Xilinx/Vivado/2020.2/lib/lnx64.o/librdi_coregen.so(HRSBCoAbsDefUtil::isClockAbsDefPort(std::__cxx11::basic_string<char, std::char_traits<char>, std::allocator<char> > const&) const+0x10) [0x7f455d4e03b0]
/opt/Xilinx/Vivado/2020.2/lib/lnx64.o/librdi_rsb.so(HRSBEnUtil::writeOOCXdcFile(std::__cxx11::basic_string<char, std::char_traits<char>, std::allocator<char> > const&, HRSBMoDiagram*)+0x6af) [0x7f4532904a2f]
/opt/Xilinx/Vivado/2020.2/lib/lnx64.o/librdi_rsb.so(HRSBEnEngineMgr::generateDesign(std::__cxx11::basic_string<char, std::char_traits<char>, std::allocator<char> > const&, std::__cxx11::basic_string<char, std::char_traits<char>, std::allocator<char> > const&, bool)+0xf12) [0x7f45328b2242]
/opt/Xilinx/Vivado/2020.2/lib/lnx64.o/librdi_rsb.so(HRSBEnCompositeFile::generateTopHdlWrapper(std::__cxx11::basic_string<char, std::char_traits<char>, std::allocator<char> > const&, HDGUIStatus&, bool)+0x15e) [0x7f4532826bae]
/opt/Xilinx/Vivado/2020.2/lib/lnx64.o/librdi_rsb.so(HRSBEnCompositeFile::_generateFor_(HSTVector<std::__cxx11::basic_string<char, std::char_traits<char>, std::allocator<char> >, std::allocator<std::__cxx11::basic_string<char, std::char_traits<char>, std::allocator<char> > > > const&, HDGUIStatus&, bool)+0xfb2) [0x7f4532836392]
/opt/Xilinx/Vivado/2020.2/lib/lnx64.o/librdi_filemgmt.so(HDDACompositeFile::generateFor(HSTVector<std::__cxx11::basic_string<char, std::char_traits<char>, std::allocator<char> >, std::allocator<std::__cxx11::basic_string<char, std::char_traits<char>, std::allocator<char> > > > const&, HDGUIStatus&, bool)+0x42f) [0x7f453fa9121f]
/opt/Xilinx/Vivado/2020.2/lib/lnx64.o/librdi_tcltasks.so(+0xdf8324) [0x7f45631f8324]
/opt/Xilinx/Vivado/2020.2/lib/lnx64.o/librdi_common.so(+0x9cfb1d) [0x7f4574fcfb1d]
/opt/Xilinx/Vivado/2020.2/lib/lnx64.o/libtcl8.5.so(+0x3356f) [0x7f456d43356f]
/opt/Xilinx/Vivado/2020.2/lib/lnx64.o/libtcl8.5.so(+0x76945) [0x7f456d476945]
/opt/Xilinx/Vivado/2020.2/lib/lnx64.o/libtcl8.5.so(+0x7e0f9) [0x7f456d47e0f9]
/opt/Xilinx/Vivado/2020.2/lib/lnx64.o/libtcl8.5.so(TclEvalObjEx+0x76) [0x7f456d435216]
/opt/Xilinx/Vivado/2020.2/lib/lnx64.o/librdi_common.so(+0x9ce041) [0x7f4574fce041]
/opt/Xilinx/Vivado/2020.2/lib/lnx64.o/libtcl8.5.so(Tcl_ServiceEvent+0x7f) [0x7f456d4a7bef]
/opt/Xilinx/Vivado/2020.2/lib/lnx64.o/libtcl8.5.so(Tcl_DoOneEvent+0x154) [0x7f456d4a7f24]
/opt/Xilinx/Vivado/2020.2/lib/lnx64.o/librdi_commontasks.so(+0x23caa5) [0x7f456623caa5]
/opt/Xilinx/Vivado/2020.2/lib/lnx64.o/librdi_commontasks.so(+0x23fbb5) [0x7f456623fbb5]
/opt/Xilinx/Vivado/2020.2/lib/lnx64.o/librdi_commontasks.so(+0x240bde) [0x7f4566240bde]
/opt/Xilinx/Vivado/2020.2/lib/lnx64.o/librdi_common.so(+0x9cfb1d) [0x7f4574fcfb1d]
/opt/Xilinx/Vivado/2020.2/lib/lnx64.o/libtcl8.5.so(+0x3356f) [0x7f456d43356f]
/opt/Xilinx/Vivado/2020.2/lib/lnx64.o/libtcl8.5.so(+0x76945) [0x7f456d476945]
/opt/Xilinx/Vivado/2020.2/lib/lnx64.o/libtcl8.5.so(+0x7e0f9) [0x7f456d47e0f9]
/opt/Xilinx/Vivado/2020.2/lib/lnx64.o/libtcl8.5.so(TclEvalObjEx+0x76) [0x7f456d435216]
/opt/Xilinx/Vivado/2020.2/lib/lnx64.o/librdi_commonmain.so(+0xad53) [0x7f457420ad53]
/opt/Xilinx/Vivado/2020.2/lib/lnx64.o/libtcl8.5.so(Tcl_Main+0x1d0) [0x7f456d4a02f0]
/opt/Xilinx/Vivado/2020.2/lib/lnx64.o/librdi_common.so(+0xa1442b) [0x7f457501442b]
/lib/x86_64-linux-gnu/libc.so.6(+0x94ac3) [0x7f457386bac3]
/lib/x86_64-linux-gnu/libc.so.6(+0x126850) [0x7f45738fd850]
