#-----------------------------------------------------------
# Vivado v2020.2 (64-bit)
# SW Build 3064766 on Wed Nov 18 09:12:47 MST 2020
# IP Build 3064653 on Wed Nov 18 14:17:31 MST 2020
# Start of session at: Thu May  8 10:40:05 2025
# Process ID: 2555
# Current directory: /home/tomster12/files/EMBS/logs
# Command line: vivado
# Log file: /home/tomster12/files/EMBS/logs/vivado.log
# Journal file: /home/tomster12/files/EMBS/logs/vivado.jou
#-----------------------------------------------------------
start_gui
open_project /home/tomster12/files/EMBS/vivado/vivado.xpr
Scanning sources...
Finished scanning sources
INFO: [IP_Flow 19-234] Refreshing IP repositories
INFO: [IP_Flow 19-1700] Loaded user IP repository '/home/tomster12/files/EMBS/zybo-z7-hdmi/hardware/zybo_z7_hdmi_repo'.
INFO: [IP_Flow 19-1700] Loaded user IP repository '/home/tomster12/files/EMBS/vitis_hls/assessment'.
INFO: [IP_Flow 19-2313] Loaded Vivado IP repository '/opt/Xilinx/Vivado/2020.2/data/ip'.
WARNING: [BD 41-1661] One or more IPs have been locked in the design 'zybo_design.bd'. Please run report_ip_status for more details and recommendations on how to fix this issue.
List of locked IPs:
zybo_design_toplevel_0_1

update_compile_order -fileset sources_1
INFO: [Vivado 12-8231] Launching Vitis
INFO: [Vivado 12-417] Running vitis
INFO: [Vivado 12-8232] Vitis launch initiated. Please check console for any further messages.
open_bd_design {/home/tomster12/files/EMBS/vivado/vivado.srcs/sources_1/bd/zybo_design/zybo_design.bd}
Reading block design file </home/tomster12/files/EMBS/vivado/vivado.srcs/sources_1/bd/zybo_design/zybo_design.bd>...
Adding component instance block -- xilinx.com:ip:processing_system7:5.5 - processing_system7_0
Adding component instance block -- xilinx.com:ip:axi_interconnect:2.1 - ps7_0_axi_periph
Adding component instance block -- xilinx.com:ip:axi_crossbar:2.1 - xbar
Adding component instance block -- xilinx.com:ip:axi_protocol_converter:2.1 - auto_pc
Adding component instance block -- xilinx.com:ip:proc_sys_reset:5.0 - rst_ps7_0_50M
Adding component instance block -- xilinx.com:ip:axi_interconnect:2.1 - axi_mem_intercon
Adding component instance block -- xilinx.com:ip:axi_crossbar:2.1 - xbar
Adding component instance block -- xilinx.com:ip:axi_dwidth_converter:2.1 - auto_us
Adding component instance block -- xilinx.com:ip:axi_protocol_converter:2.1 - auto_pc
Adding component instance block -- xilinx.com:ip:axi_protocol_converter:2.1 - auto_pc
Adding component instance block -- xilinx.com:ip:axi_mmu:2.1 - s00_mmu
Adding component instance block -- xilinx.com:ip:axi_mmu:2.1 - s01_mmu
Adding component instance block -- digilentinc.com:ip:axi_dynclk:1.0 - axi_dynclk_0
Adding component instance block -- xilinx.com:ip:axi_vdma:6.3 - axi_vdma_0
Adding component instance block -- xilinx.com:ip:v_tc:6.2 - v_tc_0
Adding component instance block -- xilinx.com:ip:v_axi4s_vid_out:4.0 - v_axi4s_vid_out_0
Adding component instance block -- digilentinc.com:ip:rgb2dvi:1.4 - rgb2dvi_0
Adding component instance block -- xilinx.com:ip:axis_subset_converter:1.1 - axis_subset_converter_0
Adding component instance block -- xilinx.com:ip:xlconstant:1.1 - xlconstant_0
Adding component instance block -- xilinx.com:hls:toplevel:1.0 - toplevel_0
Successfully read diagram <zybo_design> from block design file </home/tomster12/files/EMBS/vivado/vivado.srcs/sources_1/bd/zybo_design/zybo_design.bd>
report_ip_status -name ip_status 
update_ip_catalog -rebuild
INFO: [IP_Flow 19-234] Refreshing IP repositories
INFO: [IP_Flow 19-1700] Loaded user IP repository '/home/tomster12/files/EMBS/zybo-z7-hdmi/hardware/zybo_z7_hdmi_repo'.
INFO: [IP_Flow 19-1700] Loaded user IP repository '/home/tomster12/files/EMBS/vitis_hls/assessment'.
report_ip_status -name ip_status 
upgrade_ip -vlnv xilinx.com:hls:toplevel:1.0 [get_ips  zybo_design_toplevel_0_1] -log ip_upgrade.log
Upgrading '/home/tomster12/files/EMBS/vivado/vivado.srcs/sources_1/bd/zybo_design/zybo_design.bd'
INFO: [IP_Flow 19-3422] Upgraded zybo_design_toplevel_0_1 (Toplevel 1.0) from revision 2114073433 to revision 2114074131
Wrote  : </home/tomster12/files/EMBS/vivado/vivado.srcs/sources_1/bd/zybo_design/zybo_design.bd> 
Wrote  : </home/tomster12/files/EMBS/vivado/vivado.srcs/sources_1/bd/zybo_design/ui/bd_1ee47611.ui> 
INFO: [Coretcl 2-1525] Wrote upgrade log to '/home/tomster12/files/EMBS/vivado/ip_upgrade.log'.
export_ip_user_files -of_objects [get_ips zybo_design_toplevel_0_1] -no_script -sync -force -quiet
generate_target all [get_files  /home/tomster12/files/EMBS/vivado/vivado.srcs/sources_1/bd/zybo_design/zybo_design.bd]
CRITICAL WARNING: [BD 41-1356] Slave segment </processing_system7_0/S_AXI_HP1/HP1_DDR_LOWOCM> is not assigned into address space </hdmi/axi_vdma_0/Data_MM2S>. Please use Address Editor to either assign or exclude it.
CRITICAL WARNING: [BD 41-1356] Slave segment </processing_system7_0/S_AXI_HP1/HP1_DDR_LOWOCM> is not assigned into address space </toplevel_0/Data_m_axi_MAXI>. Please use Address Editor to either assign or exclude it.
CRITICAL WARNING: [BD 41-1356] Slave segment </processing_system7_0/S_AXI_HP1/HP1_DDR_LOWOCM> is not assigned into address space </hdmi/axi_vdma_0/Data_MM2S>. Please use Address Editor to either assign or exclude it.
CRITICAL WARNING: [BD 41-1356] Slave segment </processing_system7_0/S_AXI_HP1/HP1_DDR_LOWOCM> is not assigned into address space </toplevel_0/Data_m_axi_MAXI>. Please use Address Editor to either assign or exclude it.
Wrote  : </home/tomster12/files/EMBS/vivado/vivado.srcs/sources_1/bd/zybo_design/zybo_design.bd> 
