#-----------------------------------------------------------
# Vivado v2020.2.2 (64-bit)
# SW Build 3118627 on Tue Feb  9 05:13:49 MST 2021
# IP Build 3115676 on Tue Feb  9 10:48:11 MST 2021
# Start of session at: Fri May  9 09:44:39 2025
# Process ID: 17232
# Current directory: /home/userfs/t/tb1262/Files/EMBS/embs-assessment/logs
# Command line: vivado
# Log file: /home/userfs/t/tb1262/Files/EMBS/embs-assessment/logs/vivado.log
# Journal file: /home/userfs/t/tb1262/Files/EMBS/embs-assessment/logs/vivado.jou
#-----------------------------------------------------------
start_gui
open_project /home/userfs/t/tb1262/Files/EMBS/embs-assessment/vivado/vivado.xpr
INFO: [Project 1-313] Project file moved from '/home/tomster12/files/EMBS/vivado' since last save.
WARNING: [filemgmt 56-2] Board Part Repository Path: Could not find the directory '/home/userfs/t/tb1262/Files/.Xilinx/Vivado/2020.2/xhub/board_store/xilinx_board_store', nor could it be found using path '/home/tomster12/.Xilinx/Vivado/2020.2/xhub/board_store/xilinx_board_store'.
Scanning sources...
Finished scanning sources
INFO: [IP_Flow 19-234] Refreshing IP repositories
INFO: [IP_Flow 19-1700] Loaded user IP repository '/home/userfs/t/tb1262/Files/EMBS/embs-assessment/zybo-z7-hdmi/hardware/zybo_z7_hdmi_repo'.
INFO: [IP_Flow 19-1700] Loaded user IP repository '/home/userfs/t/tb1262/Files/EMBS/embs-assessment/vitis_hls/assessment'.
INFO: [IP_Flow 19-2313] Loaded Vivado IP repository '/opt/york/cs/net/xilinx_vivado-2020.2_ise-14.7_x86-64-1/Vivado/2020.2/data/ip'.
INFO: [IP_Flow 19-3899] Cannot get the environment domain name variable for the component vendor name. Setting the vendor name to 'user.org'.
open_project: Time (s): cpu = 00:00:18 ; elapsed = 00:00:11 . Memory (MB): peak = 7325.047 ; gain = 70.027 ; free physical = 4128 ; free virtual = 14561
update_compile_order -fileset sources_1
open_bd_design {/home/userfs/t/tb1262/Files/EMBS/embs-assessment/vivado/vivado.srcs/sources_1/bd/zybo_design/zybo_design.bd}
Reading block design file </home/userfs/t/tb1262/Files/EMBS/embs-assessment/vivado/vivado.srcs/sources_1/bd/zybo_design/zybo_design.bd>...
Adding component instance block -- xilinx.com:ip:processing_system7:5.5 - processing_system7_0
Adding component instance block -- xilinx.com:ip:axi_interconnect:2.1 - axi_mem_intercon
Adding component instance block -- xilinx.com:ip:axi_crossbar:2.1 - xbar
Adding component instance block -- xilinx.com:ip:axi_dwidth_converter:2.1 - auto_us
Adding component instance block -- xilinx.com:ip:axi_protocol_converter:2.1 - auto_pc
Adding component instance block -- xilinx.com:ip:axi_protocol_converter:2.1 - auto_pc
Adding component instance block -- xilinx.com:ip:proc_sys_reset:5.0 - rst_ps7_0_50M
Adding component instance block -- xilinx.com:ip:axi_interconnect:2.1 - ps7_0_axi_periph
Adding component instance block -- xilinx.com:ip:axi_crossbar:2.1 - xbar
Adding component instance block -- xilinx.com:ip:axi_protocol_converter:2.1 - auto_pc
Adding component instance block -- digilentinc.com:ip:axi_dynclk:1.0 - axi_dynclk_0
Adding component instance block -- xilinx.com:ip:axi_vdma:6.3 - axi_vdma_0
Adding component instance block -- xilinx.com:ip:v_tc:6.2 - v_tc_0
Adding component instance block -- xilinx.com:ip:v_axi4s_vid_out:4.0 - v_axi4s_vid_out_0
Adding component instance block -- digilentinc.com:ip:rgb2dvi:1.4 - rgb2dvi_0
Adding component instance block -- xilinx.com:ip:axis_subset_converter:1.1 - axis_subset_converter_0
Adding component instance block -- xilinx.com:ip:xlconstant:1.1 - xlconstant_0
Adding component instance block -- xilinx.com:hls:toplevel:1.0 - toplevel_0
Successfully read diagram <zybo_design> from block design file </home/userfs/t/tb1262/Files/EMBS/embs-assessment/vivado/vivado.srcs/sources_1/bd/zybo_design/zybo_design.bd>
open_bd_design: Time (s): cpu = 00:00:09 ; elapsed = 00:00:07 . Memory (MB): peak = 7623.191 ; gain = 0.000 ; free physical = 3675 ; free virtual = 14327
INFO: [Vivado 12-8231] Launching Vitis
INFO: [Vivado 12-417] Running vitis
INFO: [Vivado 12-8232] Vitis launch initiated. Please check console for any further messages.
open_hw_manager
connect_hw_server -allow_non_jtag
