#-----------------------------------------------------------
# Vivado v2020.2 (64-bit)
# SW Build 3064766 on Wed Nov 18 09:12:47 MST 2020
# IP Build 3064653 on Wed Nov 18 14:17:31 MST 2020
# Start of session at: Mon May 12 23:01:12 2025
# Process ID: 1084648
# Current directory: /home/tomster12/files/EMBS/logs
# Command line: vivado
# Log file: /home/tomster12/files/EMBS/logs/vivado.log
# Journal file: /home/tomster12/files/EMBS/logs/vivado.jou
#-----------------------------------------------------------
start_gui
open_project /home/tomster12/files/EMBS/vivado/vivado.xpr
Scanning sources...
Finished scanning sources
INFO: [IP_Flow 19-234] Refreshing IP repositories
INFO: [IP_Flow 19-1700] Loaded user IP repository '/home/tomster12/files/EMBS/zybo-z7-hdmi/hardware/zybo_z7_hdmi_repo'.
INFO: [IP_Flow 19-1700] Loaded user IP repository '/home/tomster12/files/EMBS/vitis_hls/assessment'.
INFO: [IP_Flow 19-2313] Loaded Vivado IP repository '/opt/Xilinx/Vivado/2020.2/data/ip'.
update_compile_order -fileset sources_1
update_ip_catalog -rebuild
INFO: [IP_Flow 19-234] Refreshing IP repositories
INFO: [IP_Flow 19-1700] Loaded user IP repository '/home/tomster12/files/EMBS/zybo-z7-hdmi/hardware/zybo_z7_hdmi_repo'.
INFO: [IP_Flow 19-1700] Loaded user IP repository '/home/tomster12/files/EMBS/vitis_hls/assessment'.
report_ip_status -name ip_status 
reset_run synth_1
launch_runs impl_1 -to_step write_bitstream -jobs 8
INFO: [BD 41-1662] The design 'zybo_design.bd' is already validated. Therefore parameter propagation will not be re-run.
WARNING: [BD 41-2384] Width mismatch when connecting pin: '/axi_mem_intercon/s00_couplers/auto_us/s_axi_arlock'(1) to pin: '/axi_mem_intercon/s00_couplers/S_AXI_arlock'(2) - Only lower order bits will be connected.
WARNING: [BD 41-2384] Width mismatch when connecting pin: '/axi_mem_intercon/s00_couplers/auto_us/s_axi_awlock'(1) to pin: '/axi_mem_intercon/s00_couplers/S_AXI_awlock'(2) - Only lower order bits will be connected.
WARNING: [BD 41-2384] Width mismatch when connecting pin: '/axi_mem_intercon/m00_couplers/auto_pc/m_axi_bid'(1) to pin: '/axi_mem_intercon/m00_couplers/M_AXI_bid'(6) - Only lower order bits will be connected.
WARNING: [BD 41-2384] Width mismatch when connecting pin: '/axi_mem_intercon/m00_couplers/auto_pc/m_axi_rid'(1) to pin: '/axi_mem_intercon/m00_couplers/M_AXI_rid'(6) - Only lower order bits will be connected.
WARNING: [BD 41-2384] Width mismatch when connecting pin: '/axi_mem_intercon/m01_couplers/auto_pc/m_axi_bid'(1) to pin: '/axi_mem_intercon/m01_couplers/M_AXI_bid'(6) - Only lower order bits will be connected.
WARNING: [BD 41-2384] Width mismatch when connecting pin: '/axi_mem_intercon/m01_couplers/auto_pc/m_axi_rid'(1) to pin: '/axi_mem_intercon/m01_couplers/M_AXI_rid'(6) - Only lower order bits will be connected.
WARNING: [BD 41-2384] Width mismatch when connecting pin: '/processing_system7_0/S_AXI_HP1_AWID'(6) to pin: '/axi_mem_intercon/M01_AXI_awid'(1) - Only lower order bits will be connected.
WARNING: [BD 41-2384] Width mismatch when connecting pin: '/processing_system7_0/S_AXI_HP1_WID'(6) to pin: '/axi_mem_intercon/M01_AXI_wid'(1) - Only lower order bits will be connected.
WARNING: [BD 41-2384] Width mismatch when connecting pin: '/processing_system7_0/S_AXI_HP1_ARID'(6) to pin: '/axi_mem_intercon/M01_AXI_arid'(1) - Only lower order bits will be connected.
WARNING: [BD 41-2384] Width mismatch when connecting pin: '/processing_system7_0/S_AXI_HP0_AWID'(6) to pin: '/axi_mem_intercon/M00_AXI_awid'(1) - Only lower order bits will be connected.
WARNING: [BD 41-2384] Width mismatch when connecting pin: '/processing_system7_0/S_AXI_HP0_WID'(6) to pin: '/axi_mem_intercon/M00_AXI_wid'(1) - Only lower order bits will be connected.
WARNING: [BD 41-2384] Width mismatch when connecting pin: '/processing_system7_0/S_AXI_HP0_ARID'(6) to pin: '/axi_mem_intercon/M00_AXI_arid'(1) - Only lower order bits will be connected.
VHDL Output written to : /home/tomster12/files/EMBS/vivado/vivado.gen/sources_1/bd/zybo_design/synth/zybo_design.v
WARNING: [BD 41-2384] Width mismatch when connecting pin: '/axi_mem_intercon/s00_couplers/auto_us/s_axi_arlock'(1) to pin: '/axi_mem_intercon/s00_couplers/S_AXI_arlock'(2) - Only lower order bits will be connected.
WARNING: [BD 41-2384] Width mismatch when connecting pin: '/axi_mem_intercon/s00_couplers/auto_us/s_axi_awlock'(1) to pin: '/axi_mem_intercon/s00_couplers/S_AXI_awlock'(2) - Only lower order bits will be connected.
WARNING: [BD 41-2384] Width mismatch when connecting pin: '/axi_mem_intercon/m00_couplers/auto_pc/m_axi_bid'(1) to pin: '/axi_mem_intercon/m00_couplers/M_AXI_bid'(6) - Only lower order bits will be connected.
WARNING: [BD 41-2384] Width mismatch when connecting pin: '/axi_mem_intercon/m00_couplers/auto_pc/m_axi_rid'(1) to pin: '/axi_mem_intercon/m00_couplers/M_AXI_rid'(6) - Only lower order bits will be connected.
WARNING: [BD 41-2384] Width mismatch when connecting pin: '/axi_mem_intercon/m01_couplers/auto_pc/m_axi_bid'(1) to pin: '/axi_mem_intercon/m01_couplers/M_AXI_bid'(6) - Only lower order bits will be connected.
WARNING: [BD 41-2384] Width mismatch when connecting pin: '/axi_mem_intercon/m01_couplers/auto_pc/m_axi_rid'(1) to pin: '/axi_mem_intercon/m01_couplers/M_AXI_rid'(6) - Only lower order bits will be connected.
WARNING: [BD 41-2384] Width mismatch when connecting pin: '/processing_system7_0/S_AXI_HP1_AWID'(6) to pin: '/axi_mem_intercon/M01_AXI_awid'(1) - Only lower order bits will be connected.
WARNING: [BD 41-2384] Width mismatch when connecting pin: '/processing_system7_0/S_AXI_HP1_WID'(6) to pin: '/axi_mem_intercon/M01_AXI_wid'(1) - Only lower order bits will be connected.
WARNING: [BD 41-2384] Width mismatch when connecting pin: '/processing_system7_0/S_AXI_HP1_ARID'(6) to pin: '/axi_mem_intercon/M01_AXI_arid'(1) - Only lower order bits will be connected.
WARNING: [BD 41-2384] Width mismatch when connecting pin: '/processing_system7_0/S_AXI_HP0_AWID'(6) to pin: '/axi_mem_intercon/M00_AXI_awid'(1) - Only lower order bits will be connected.
WARNING: [BD 41-2384] Width mismatch when connecting pin: '/processing_system7_0/S_AXI_HP0_WID'(6) to pin: '/axi_mem_intercon/M00_AXI_wid'(1) - Only lower order bits will be connected.
WARNING: [BD 41-2384] Width mismatch when connecting pin: '/processing_system7_0/S_AXI_HP0_ARID'(6) to pin: '/axi_mem_intercon/M00_AXI_arid'(1) - Only lower order bits will be connected.
VHDL Output written to : /home/tomster12/files/EMBS/vivado/vivado.gen/sources_1/bd/zybo_design/sim/zybo_design.v
VHDL Output written to : /home/tomster12/files/EMBS/vivado/vivado.gen/sources_1/bd/zybo_design/hdl/zybo_design_wrapper.v
WARNING: [IP_Flow 19-4994] Overwriting existing constraint file '/home/tomster12/files/EMBS/vivado/vivado.gen/sources_1/bd/zybo_design/ip/zybo_design_auto_us_0/zybo_design_auto_us_0_ooc.xdc'
WARNING: [IP_Flow 19-5611] Unable to find an associated reset port for the interface 'S_AXI'. A default connection has been created.
WARNING: [IP_Flow 19-5611] Unable to find an associated reset port for the interface 'M_AXI'. A default connection has been created.
INFO: [BD 41-1029] Generation completed for the IP Integrator block axi_mem_intercon/s00_couplers/auto_us .
WARNING: [IP_Flow 19-4994] Overwriting existing constraint file '/home/tomster12/files/EMBS/vivado/vivado.gen/sources_1/bd/zybo_design/ip/zybo_design_auto_pc_0/zybo_design_auto_pc_0_ooc.xdc'
INFO: [BD 41-1029] Generation completed for the IP Integrator block axi_mem_intercon/m00_couplers/auto_pc .
WARNING: [IP_Flow 19-4994] Overwriting existing constraint file '/home/tomster12/files/EMBS/vivado/vivado.gen/sources_1/bd/zybo_design/ip/zybo_design_auto_pc_1/zybo_design_auto_pc_1_ooc.xdc'
INFO: [BD 41-1029] Generation completed for the IP Integrator block axi_mem_intercon/m01_couplers/auto_pc .
WARNING: [IP_Flow 19-4994] Overwriting existing constraint file '/home/tomster12/files/EMBS/vivado/vivado.gen/sources_1/bd/zybo_design/ip/zybo_design_auto_pc_2/zybo_design_auto_pc_2_ooc.xdc'
INFO: [BD 41-1029] Generation completed for the IP Integrator block ps7_0_axi_periph/s00_couplers/auto_pc .
INFO: [BD 41-1029] Generation completed for the IP Integrator block toplevel_0 .
Exporting to file /home/tomster12/files/EMBS/vivado/vivado.gen/sources_1/bd/zybo_design/hw_handoff/zybo_design.hwh
Generated Block Design Tcl file /home/tomster12/files/EMBS/vivado/vivado.gen/sources_1/bd/zybo_design/hw_handoff/zybo_design_bd.tcl
Generated Hardware Definition File /home/tomster12/files/EMBS/vivado/vivado.gen/sources_1/bd/zybo_design/synth/zybo_design.hwdef
INFO: [IP_Flow 19-7066] Running IP cache check for IP zybo_design_auto_pc_0
INFO: [IP_Flow 19-7066] Running IP cache check for IP zybo_design_auto_pc_1
INFO: [IP_Flow 19-7066] Running IP cache check for IP zybo_design_auto_pc_2
INFO: [IP_Flow 19-7066] Running IP cache check for IP zybo_design_auto_us_0
INFO: [IP_Flow 19-7066] Running IP cache check for IP zybo_design_toplevel_0_4
INFO: [IP_Flow 19-4993] Using cached IP synthesis design for IP zybo_design_auto_pc_0, cache-ID = b3c5e821bd002132; cache size = 918.522 MB.
INFO: [IP_Flow 19-4993] Using cached IP synthesis design for IP zybo_design_auto_pc_1, cache-ID = b3c5e821bd002132; cache size = 918.522 MB.
INFO: [IP_Flow 19-4993] Using cached IP synthesis design for IP zybo_design_auto_pc_2, cache-ID = 49a6968113a25fe4; cache size = 918.522 MB.
INFO: [IP_Flow 19-4993] Using cached IP synthesis design for IP zybo_design_auto_us_0, cache-ID = bc941287a83e2174; cache size = 918.522 MB.
[Mon May 12 23:02:42 2025] Launched zybo_design_toplevel_0_4_synth_1, synth_1...
Run output will be captured here:
zybo_design_toplevel_0_4_synth_1: /home/tomster12/files/EMBS/vivado/vivado.runs/zybo_design_toplevel_0_4_synth_1/runme.log
synth_1: /home/tomster12/files/EMBS/vivado/vivado.runs/synth_1/runme.log
[Mon May 12 23:02:42 2025] Launched impl_1...
Run output will be captured here: /home/tomster12/files/EMBS/vivado/vivado.runs/impl_1/runme.log
launch_runs: Time (s): cpu = 00:00:09 ; elapsed = 00:00:08 . Memory (MB): peak = 7653.363 ; gain = 159.195 ; free physical = 2530 ; free virtual = 6592
write_hw_platform -fixed -include_bit -force -file /home/tomster12/files/EMBS/vivado/zybo_design_wrapper.xsa
INFO: [Vivado 12-4895] Creating Hardware Platform: /home/tomster12/files/EMBS/vivado/zybo_design_wrapper.xsa ...
INFO: [Hsi 55-2053] elapsed time for repository (/opt/Xilinx/Vivado/2020.2/data/embeddedsw) loading 1 seconds
WARNING: [Project 1-645] Board images not set in Hardware Platform.
INFO: [Vivado 12-12467] The Hardware Platform can be used for Hardware
INFO: [Vivado 12-4896] Successfully created Hardware Platform: /home/tomster12/files/EMBS/vivado/zybo_design_wrapper.xsa
exit
INFO: [Common 17-206] Exiting Vivado at Mon May 12 23:22:07 2025...
