#-----------------------------------------------------------
# Vivado v2020.2 (64-bit)
# SW Build 3064766 on Wed Nov 18 09:12:47 MST 2020
# IP Build 3064653 on Wed Nov 18 14:17:31 MST 2020
# Start of session at: Fri May  2 16:21:48 2025
# Process ID: 93367
# Current directory: /home/tomster12/files/EMBS/logs
# Command line: vivado
# Log file: /home/tomster12/files/EMBS/logs/vivado.log
# Journal file: /home/tomster12/files/EMBS/logs/vivado.jou
#-----------------------------------------------------------
start_gui
open_project /home/tomster12/files/EMBS/vivado/vivado.xpr
Scanning sources...
Finished scanning sources
INFO: [IP_Flow 19-234] Refreshing IP repositories
INFO: [IP_Flow 19-1700] Loaded user IP repository '/home/tomster12/files/EMBS/zybo-z7-hdmi/hardware/zybo_z7_hdmi_repo'.
INFO: [IP_Flow 19-1700] Loaded user IP repository '/home/tomster12/files/EMBS/vitis_hls/assessment'.
INFO: [IP_Flow 19-2313] Loaded Vivado IP repository '/opt/Xilinx/Vivado/2020.2/data/ip'.
WARNING: [IP_Flow 19-3664] IP 'zybo_design_auto_us_0' generated file not found '/home/tomster12/files/EMBS/vivado/vivado.gen/sources_1/bd/zybo_design/ip/zybo_design_auto_us_0/zybo_design_auto_us_0.dcp'. Please regenerate to continue.
WARNING: [IP_Flow 19-3664] IP 'zybo_design_auto_us_0' generated file not found '/home/tomster12/files/EMBS/vivado/vivado.gen/sources_1/bd/zybo_design/ip/zybo_design_auto_us_0/zybo_design_auto_us_0_stub.v'. Please regenerate to continue.
WARNING: [IP_Flow 19-3664] IP 'zybo_design_auto_us_0' generated file not found '/home/tomster12/files/EMBS/vivado/vivado.gen/sources_1/bd/zybo_design/ip/zybo_design_auto_us_0/zybo_design_auto_us_0_stub.vhdl'. Please regenerate to continue.
WARNING: [IP_Flow 19-3664] IP 'zybo_design_auto_us_0' generated file not found '/home/tomster12/files/EMBS/vivado/vivado.gen/sources_1/bd/zybo_design/ip/zybo_design_auto_us_0/zybo_design_auto_us_0_sim_netlist.v'. Please regenerate to continue.
WARNING: [IP_Flow 19-3664] IP 'zybo_design_auto_us_0' generated file not found '/home/tomster12/files/EMBS/vivado/vivado.gen/sources_1/bd/zybo_design/ip/zybo_design_auto_us_0/zybo_design_auto_us_0_sim_netlist.vhdl'. Please regenerate to continue.
WARNING: [IP_Flow 19-3664] IP 'zybo_design_auto_pc_1' generated file not found '/home/tomster12/files/EMBS/vivado/vivado.gen/sources_1/bd/zybo_design/ip/zybo_design_auto_pc_1/zybo_design_auto_pc_1.dcp'. Please regenerate to continue.
WARNING: [IP_Flow 19-3664] IP 'zybo_design_auto_pc_1' generated file not found '/home/tomster12/files/EMBS/vivado/vivado.gen/sources_1/bd/zybo_design/ip/zybo_design_auto_pc_1/zybo_design_auto_pc_1_stub.v'. Please regenerate to continue.
WARNING: [IP_Flow 19-3664] IP 'zybo_design_auto_pc_1' generated file not found '/home/tomster12/files/EMBS/vivado/vivado.gen/sources_1/bd/zybo_design/ip/zybo_design_auto_pc_1/zybo_design_auto_pc_1_stub.vhdl'. Please regenerate to continue.
WARNING: [IP_Flow 19-3664] IP 'zybo_design_auto_pc_1' generated file not found '/home/tomster12/files/EMBS/vivado/vivado.gen/sources_1/bd/zybo_design/ip/zybo_design_auto_pc_1/zybo_design_auto_pc_1_sim_netlist.v'. Please regenerate to continue.
WARNING: [IP_Flow 19-3664] IP 'zybo_design_auto_pc_1' generated file not found '/home/tomster12/files/EMBS/vivado/vivado.gen/sources_1/bd/zybo_design/ip/zybo_design_auto_pc_1/zybo_design_auto_pc_1_sim_netlist.vhdl'. Please regenerate to continue.
update_compile_order -fileset sources_1
open_bd_design {/home/tomster12/files/EMBS/vivado/vivado.srcs/sources_1/bd/zybo_design/zybo_design.bd}
Reading block design file </home/tomster12/files/EMBS/vivado/vivado.srcs/sources_1/bd/zybo_design/zybo_design.bd>...
Adding component instance block -- xilinx.com:ip:processing_system7:5.5 - processing_system7_0
Adding component instance block -- xilinx.com:hls:toplevel:1.0 - toplevel_0
Adding component instance block -- xilinx.com:ip:axi_interconnect:2.1 - ps7_0_axi_periph
Adding component instance block -- xilinx.com:ip:axi_crossbar:2.1 - xbar
Adding component instance block -- xilinx.com:ip:axi_protocol_converter:2.1 - auto_pc
Adding component instance block -- xilinx.com:ip:proc_sys_reset:5.0 - rst_ps7_0_50M
Adding component instance block -- xilinx.com:ip:axi_interconnect:2.1 - axi_mem_intercon
Adding component instance block -- xilinx.com:ip:axi_crossbar:2.1 - xbar
Adding component instance block -- xilinx.com:ip:axi_dwidth_converter:2.1 - auto_us
Adding component instance block -- xilinx.com:ip:axi_protocol_converter:2.1 - auto_pc
Adding component instance block -- xilinx.com:ip:axi_protocol_converter:2.1 - auto_pc
Adding component instance block -- xilinx.com:ip:axi_mmu:2.1 - s00_mmu
Adding component instance block -- xilinx.com:ip:axi_mmu:2.1 - s01_mmu
Adding component instance block -- digilentinc.com:ip:axi_dynclk:1.0 - axi_dynclk_0
Adding component instance block -- xilinx.com:ip:axi_vdma:6.3 - axi_vdma_0
Adding component instance block -- xilinx.com:ip:v_tc:6.2 - v_tc_0
Adding component instance block -- xilinx.com:ip:v_axi4s_vid_out:4.0 - v_axi4s_vid_out_0
Adding component instance block -- digilentinc.com:ip:rgb2dvi:1.4 - rgb2dvi_0
Adding component instance block -- xilinx.com:ip:axis_subset_converter:1.1 - axis_subset_converter_0
Adding component instance block -- xilinx.com:ip:xlconstant:1.1 - xlconstant_0
Successfully read diagram <zybo_design> from block design file </home/tomster12/files/EMBS/vivado/vivado.srcs/sources_1/bd/zybo_design/zybo_design.bd>
open_run impl_1
INFO: [Device 21-403] Loading part xc7z010clg400-1
Netlist sorting complete. Time (s): cpu = 00:00:00.12 ; elapsed = 00:00:00.11 . Memory (MB): peak = 8724.500 ; gain = 0.000 ; free physical = 7524 ; free virtual = 11791
INFO: [Netlist 29-17] Analyzing 447 Unisim elements for replacement
INFO: [Netlist 29-28] Unisim Transformation completed in 0 CPU seconds
INFO: [Project 1-479] Netlist was created with Vivado 2020.2
INFO: [Project 1-570] Preparing netlist for logic optimization
INFO: [Timing 38-478] Restoring timing data from binary archive.
INFO: [Timing 38-479] Binary timing data restore complete.
INFO: [Project 1-856] Restoring constraints from binary archive.
INFO: [Project 1-853] Binary constraint restore complete.
Reading XDEF placement.
Reading placer database...
Reading XDEF routing.
Read XDEF File: Time (s): cpu = 00:00:00.51 ; elapsed = 00:00:00.48 . Memory (MB): peak = 9130.062 ; gain = 0.000 ; free physical = 6905 ; free virtual = 11173
Restored from archive | CPU: 0.510000 secs | Memory: 13.904968 MB |
Finished XDEF File Restore: Time (s): cpu = 00:00:00.51 ; elapsed = 00:00:00.48 . Memory (MB): peak = 9130.062 ; gain = 0.000 ; free physical = 6905 ; free virtual = 11173
Netlist sorting complete. Time (s): cpu = 00:00:00.01 ; elapsed = 00:00:00 . Memory (MB): peak = 9146.062 ; gain = 0.000 ; free physical = 6901 ; free virtual = 11169
INFO: [Project 1-111] Unisim Transformation Summary:
  A total of 6 instances were transformed.
  RAM32M => RAM32M (RAMD32(x6), RAMS32(x2)): 4 instances
  RAM32X1D => RAM32X1D (RAMD32(x2)): 2 instances

open_run: Time (s): cpu = 00:00:19 ; elapsed = 00:00:12 . Memory (MB): peak = 9421.684 ; gain = 697.184 ; free physical = 6744 ; free virtual = 11015
open_bd_design {/home/tomster12/files/EMBS/vivado/vivado.srcs/sources_1/bd/zybo_design/zybo_design.bd}
write_hw_platform -fixed -include_bit -force -file /home/tomster12/files/EMBS/vivado/zybo_design_wrapper.xsa
INFO: [Vivado 12-4895] Creating Hardware Platform: /home/tomster12/files/EMBS/vivado/zybo_design_wrapper.xsa ...
INFO: [Hsi 55-2053] elapsed time for repository (/opt/Xilinx/Vivado/2020.2/data/embeddedsw) loading 0 seconds
WARNING: [Project 1-645] Board images not set in Hardware Platform.
INFO: [Vivado 12-12467] The Hardware Platform can be used for Hardware
INFO: [Vivado 12-4896] Successfully created Hardware Platform: /home/tomster12/files/EMBS/vivado/zybo_design_wrapper.xsa
regenerate_bd_layout
INFO: [Vivado 12-8231] Launching Vitis
INFO: [Vivado 12-417] Running vitis
INFO: [Vivado 12-8232] Vitis launch initiated. Please check console for any further messages.
WARNING: [IP_Flow 19-4318] IP-XACT file does not exist: /home/tomster12/files/EMBS/vitis_hls/assessment/solution1/impl/ip/component.xml. It will be created.
update_ip_catalog -rebuild -scan_changes
INFO: [IP_Flow 19-234] Refreshing IP repositories
INFO: [IP_Flow 19-1700] Loaded user IP repository '/home/tomster12/files/EMBS/zybo-z7-hdmi/hardware/zybo_z7_hdmi_repo'.
INFO: [IP_Flow 19-1700] Loaded user IP repository '/home/tomster12/files/EMBS/vitis_hls/assessment'.
report_ip_status -name ip_status
upgrade_ip -vlnv xilinx.com:hls:toplevel:1.0 [get_ips  zybo_design_toplevel_0_1] -log ip_upgrade.log
Upgrading '/home/tomster12/files/EMBS/vivado/vivado.srcs/sources_1/bd/zybo_design/zybo_design.bd'
INFO: [IP_Flow 19-3422] Upgraded zybo_design_toplevel_0_1 (Toplevel 1.0) from revision 2114065708 to revision 2114065792
WARNING: [IP_Flow 19-4706] Upgraded port 's_axi_AXILiteS_ARADDR' width 4 differs from original width 7
WARNING: [IP_Flow 19-4706] Upgraded port 's_axi_AXILiteS_AWADDR' width 4 differs from original width 7
WARNING: [IP_Flow 19-3298] Detected external port differences while upgrading 'zybo_design_toplevel_0_1'. These changes may impact your design.
CRITICAL WARNING: [Coretcl 2-1279] The upgrade of 'zybo_design_toplevel_0_1' has identified issues that may require user intervention. Please review the upgrade log '/home/tomster12/files/EMBS/vivado/ip_upgrade.log', and verify that the upgraded IP is correctly configured.
Wrote  : </home/tomster12/files/EMBS/vivado/vivado.srcs/sources_1/bd/zybo_design/zybo_design.bd> 
Wrote  : </home/tomster12/files/EMBS/vivado/vivado.srcs/sources_1/bd/zybo_design/ui/bd_1ee47611.ui> 
INFO: [Coretcl 2-1525] Wrote upgrade log to '/home/tomster12/files/EMBS/vivado/ip_upgrade.log'.
export_ip_user_files -of_objects [get_ips zybo_design_toplevel_0_1] -no_script -sync -force -quiet
regenerate_bd_layout
reset_run synth_1
launch_runs impl_1 -to_step write_bitstream -jobs 8
CRITICAL WARNING: [BD 41-1356] Slave segment </processing_system7_0/S_AXI_HP1/HP1_DDR_LOWOCM> is not assigned into address space </hdmi/axi_vdma_0/Data_MM2S>. Please use Address Editor to either assign or exclude it.
CRITICAL WARNING: [BD 41-1356] Slave segment </processing_system7_0/S_AXI_HP1/HP1_DDR_LOWOCM> is not assigned into address space </toplevel_0/Data_m_axi_MAXI>. Please use Address Editor to either assign or exclude it.
CRITICAL WARNING: [BD 41-1356] Slave segment </processing_system7_0/S_AXI_HP1/HP1_DDR_LOWOCM> is not assigned into address space </hdmi/axi_vdma_0/Data_MM2S>. Please use Address Editor to either assign or exclude it.
CRITICAL WARNING: [BD 41-1356] Slave segment </processing_system7_0/S_AXI_HP1/HP1_DDR_LOWOCM> is not assigned into address space </toplevel_0/Data_m_axi_MAXI>. Please use Address Editor to either assign or exclude it.
Wrote  : </home/tomster12/files/EMBS/vivado/vivado.srcs/sources_1/bd/zybo_design/zybo_design.bd> 
Wrote  : </home/tomster12/files/EMBS/vivado/vivado.srcs/sources_1/bd/zybo_design/ui/bd_1ee47611.ui> 
WARNING: [BD 41-2384] Width mismatch when connecting pin: '/axi_mem_intercon/m00_couplers/auto_pc/m_axi_bid'(1) to pin: '/axi_mem_intercon/m00_couplers/M_AXI_bid'(6) - Only lower order bits will be connected.
WARNING: [BD 41-2384] Width mismatch when connecting pin: '/axi_mem_intercon/m00_couplers/auto_pc/m_axi_rid'(1) to pin: '/axi_mem_intercon/m00_couplers/M_AXI_rid'(6) - Only lower order bits will be connected.
WARNING: [BD 41-2384] Width mismatch when connecting pin: '/axi_mem_intercon/m01_couplers/auto_pc/m_axi_bid'(1) to pin: '/axi_mem_intercon/m01_couplers/M_AXI_bid'(6) - Only lower order bits will be connected.
WARNING: [BD 41-2384] Width mismatch when connecting pin: '/axi_mem_intercon/m01_couplers/auto_pc/m_axi_rid'(1) to pin: '/axi_mem_intercon/m01_couplers/M_AXI_rid'(6) - Only lower order bits will be connected.
WARNING: [BD 41-2384] Width mismatch when connecting pin: '/axi_mem_intercon/s00_mmu/s_axi_arlock'(1) to pin: '/axi_mem_intercon/S00_AXI_arlock'(2) - Only lower order bits will be connected.
WARNING: [BD 41-2384] Width mismatch when connecting pin: '/axi_mem_intercon/s00_mmu/s_axi_awlock'(1) to pin: '/axi_mem_intercon/S00_AXI_awlock'(2) - Only lower order bits will be connected.
WARNING: [BD 41-2384] Width mismatch when connecting pin: '/processing_system7_0/S_AXI_HP1_AWID'(6) to pin: '/axi_mem_intercon/M01_AXI_awid'(1) - Only lower order bits will be connected.
WARNING: [BD 41-2384] Width mismatch when connecting pin: '/processing_system7_0/S_AXI_HP1_WID'(6) to pin: '/axi_mem_intercon/M01_AXI_wid'(1) - Only lower order bits will be connected.
WARNING: [BD 41-2384] Width mismatch when connecting pin: '/processing_system7_0/S_AXI_HP1_ARID'(6) to pin: '/axi_mem_intercon/M01_AXI_arid'(1) - Only lower order bits will be connected.
WARNING: [BD 41-2384] Width mismatch when connecting pin: '/processing_system7_0/S_AXI_HP0_AWID'(6) to pin: '/axi_mem_intercon/M00_AXI_awid'(1) - Only lower order bits will be connected.
WARNING: [BD 41-2384] Width mismatch when connecting pin: '/processing_system7_0/S_AXI_HP0_WID'(6) to pin: '/axi_mem_intercon/M00_AXI_wid'(1) - Only lower order bits will be connected.
WARNING: [BD 41-2384] Width mismatch when connecting pin: '/processing_system7_0/S_AXI_HP0_ARID'(6) to pin: '/axi_mem_intercon/M00_AXI_arid'(1) - Only lower order bits will be connected.
VHDL Output written to : /home/tomster12/files/EMBS/vivado/vivado.gen/sources_1/bd/zybo_design/synth/zybo_design.v
WARNING: [BD 41-2384] Width mismatch when connecting pin: '/axi_mem_intercon/m00_couplers/auto_pc/m_axi_bid'(1) to pin: '/axi_mem_intercon/m00_couplers/M_AXI_bid'(6) - Only lower order bits will be connected.
WARNING: [BD 41-2384] Width mismatch when connecting pin: '/axi_mem_intercon/m00_couplers/auto_pc/m_axi_rid'(1) to pin: '/axi_mem_intercon/m00_couplers/M_AXI_rid'(6) - Only lower order bits will be connected.
WARNING: [BD 41-2384] Width mismatch when connecting pin: '/axi_mem_intercon/m01_couplers/auto_pc/m_axi_bid'(1) to pin: '/axi_mem_intercon/m01_couplers/M_AXI_bid'(6) - Only lower order bits will be connected.
WARNING: [BD 41-2384] Width mismatch when connecting pin: '/axi_mem_intercon/m01_couplers/auto_pc/m_axi_rid'(1) to pin: '/axi_mem_intercon/m01_couplers/M_AXI_rid'(6) - Only lower order bits will be connected.
WARNING: [BD 41-2384] Width mismatch when connecting pin: '/axi_mem_intercon/s00_mmu/s_axi_arlock'(1) to pin: '/axi_mem_intercon/S00_AXI_arlock'(2) - Only lower order bits will be connected.
WARNING: [BD 41-2384] Width mismatch when connecting pin: '/axi_mem_intercon/s00_mmu/s_axi_awlock'(1) to pin: '/axi_mem_intercon/S00_AXI_awlock'(2) - Only lower order bits will be connected.
WARNING: [BD 41-2384] Width mismatch when connecting pin: '/processing_system7_0/S_AXI_HP1_AWID'(6) to pin: '/axi_mem_intercon/M01_AXI_awid'(1) - Only lower order bits will be connected.
WARNING: [BD 41-2384] Width mismatch when connecting pin: '/processing_system7_0/S_AXI_HP1_WID'(6) to pin: '/axi_mem_intercon/M01_AXI_wid'(1) - Only lower order bits will be connected.
WARNING: [BD 41-2384] Width mismatch when connecting pin: '/processing_system7_0/S_AXI_HP1_ARID'(6) to pin: '/axi_mem_intercon/M01_AXI_arid'(1) - Only lower order bits will be connected.
WARNING: [BD 41-2384] Width mismatch when connecting pin: '/processing_system7_0/S_AXI_HP0_AWID'(6) to pin: '/axi_mem_intercon/M00_AXI_awid'(1) - Only lower order bits will be connected.
WARNING: [BD 41-2384] Width mismatch when connecting pin: '/processing_system7_0/S_AXI_HP0_WID'(6) to pin: '/axi_mem_intercon/M00_AXI_wid'(1) - Only lower order bits will be connected.
WARNING: [BD 41-2384] Width mismatch when connecting pin: '/processing_system7_0/S_AXI_HP0_ARID'(6) to pin: '/axi_mem_intercon/M00_AXI_arid'(1) - Only lower order bits will be connected.
VHDL Output written to : /home/tomster12/files/EMBS/vivado/vivado.gen/sources_1/bd/zybo_design/sim/zybo_design.v
VHDL Output written to : /home/tomster12/files/EMBS/vivado/vivado.gen/sources_1/bd/zybo_design/hdl/zybo_design_wrapper.v
INFO: [BD 41-1029] Generation completed for the IP Integrator block toplevel_0 .
WARNING: [IP_Flow 19-4994] Overwriting existing constraint file '/home/tomster12/files/EMBS/vivado/vivado.gen/sources_1/bd/zybo_design/ip/zybo_design_auto_pc_0/zybo_design_auto_pc_0_ooc.xdc'
INFO: [BD 41-1029] Generation completed for the IP Integrator block ps7_0_axi_periph/s00_couplers/auto_pc .
WARNING: [IP_Flow 19-4994] Overwriting existing constraint file '/home/tomster12/files/EMBS/vivado/vivado.gen/sources_1/bd/zybo_design/ip/zybo_design_auto_us_0/zybo_design_auto_us_0_ooc.xdc'
WARNING: [IP_Flow 19-5611] Unable to find an associated reset port for the interface 'S_AXI'. A default connection has been created.
WARNING: [IP_Flow 19-5611] Unable to find an associated reset port for the interface 'M_AXI'. A default connection has been created.
INFO: [BD 41-1029] Generation completed for the IP Integrator block axi_mem_intercon/s00_couplers/auto_us .
WARNING: [IP_Flow 19-4994] Overwriting existing constraint file '/home/tomster12/files/EMBS/vivado/vivado.gen/sources_1/bd/zybo_design/ip/zybo_design_auto_pc_1/zybo_design_auto_pc_1_ooc.xdc'
INFO: [BD 41-1029] Generation completed for the IP Integrator block axi_mem_intercon/m00_couplers/auto_pc .
WARNING: [IP_Flow 19-4994] Overwriting existing constraint file '/home/tomster12/files/EMBS/vivado/vivado.gen/sources_1/bd/zybo_design/ip/zybo_design_auto_pc_2/zybo_design_auto_pc_2_ooc.xdc'
INFO: [BD 41-1029] Generation completed for the IP Integrator block axi_mem_intercon/m01_couplers/auto_pc .
INFO: [BD 41-1029] Generation completed for the IP Integrator block axi_mem_intercon/s00_mmu .
INFO: [BD 41-1029] Generation completed for the IP Integrator block axi_mem_intercon/s01_mmu .
Exporting to file /home/tomster12/files/EMBS/vivado/vivado.gen/sources_1/bd/zybo_design/hw_handoff/zybo_design.hwh
Generated Block Design Tcl file /home/tomster12/files/EMBS/vivado/vivado.gen/sources_1/bd/zybo_design/hw_handoff/zybo_design_bd.tcl
Generated Hardware Definition File /home/tomster12/files/EMBS/vivado/vivado.gen/sources_1/bd/zybo_design/synth/zybo_design.hwdef
INFO: [IP_Flow 19-7066] Running IP cache check for IP zybo_design_auto_pc_0
INFO: [IP_Flow 19-7066] Running IP cache check for IP zybo_design_auto_pc_1
INFO: [IP_Flow 19-7066] Running IP cache check for IP zybo_design_auto_pc_2
INFO: [IP_Flow 19-7066] Running IP cache check for IP zybo_design_auto_us_0
INFO: [IP_Flow 19-7066] Running IP cache check for IP zybo_design_s00_mmu_0
INFO: [IP_Flow 19-7066] Running IP cache check for IP zybo_design_s01_mmu_0
INFO: [IP_Flow 19-7066] Running IP cache check for IP zybo_design_toplevel_0_1
INFO: [IP_Flow 19-4993] Using cached IP synthesis design for IP zybo_design_auto_pc_0, cache-ID = 49a6968113a25fe4; cache size = 26.521 MB.
INFO: [IP_Flow 19-4993] Using cached IP synthesis design for IP zybo_design_auto_pc_1, cache-ID = b3c5e821bd002132; cache size = 26.520 MB.
INFO: [IP_Flow 19-4993] Using cached IP synthesis design for IP zybo_design_auto_pc_2, cache-ID = b3c5e821bd002132; cache size = 26.521 MB.
INFO: [IP_Flow 19-4993] Using cached IP synthesis design for IP zybo_design_auto_us_0, cache-ID = bc941287a83e2174; cache size = 26.520 MB.
INFO: [IP_Flow 19-4993] Using cached IP synthesis design for IP zybo_design_s00_mmu_0, cache-ID = bcc8bcd3190ac373; cache size = 26.521 MB.
INFO: [IP_Flow 19-4993] Using cached IP synthesis design for IP zybo_design_s01_mmu_0, cache-ID = 8d8dab6d14aa1d62; cache size = 26.520 MB.
[Fri May  2 16:54:37 2025] Launched zybo_design_toplevel_0_1_synth_1, synth_1...
Run output will be captured here:
zybo_design_toplevel_0_1_synth_1: /home/tomster12/files/EMBS/vivado/vivado.runs/zybo_design_toplevel_0_1_synth_1/runme.log
synth_1: /home/tomster12/files/EMBS/vivado/vivado.runs/synth_1/runme.log
[Fri May  2 16:54:37 2025] Launched impl_1...
Run output will be captured here: /home/tomster12/files/EMBS/vivado/vivado.runs/impl_1/runme.log
launch_runs: Time (s): cpu = 00:00:21 ; elapsed = 00:00:17 . Memory (MB): peak = 9860.641 ; gain = 0.000 ; free physical = 2245 ; free virtual = 7376
write_hw_platform -fixed -include_bit -force -file /home/tomster12/files/EMBS/vivado/zybo_design_wrapper.xsa
INFO: [Vivado 12-4895] Creating Hardware Platform: /home/tomster12/files/EMBS/vivado/zybo_design_wrapper.xsa ...
WARNING: [Project 1-645] Board images not set in Hardware Platform.
INFO: [Vivado 12-12467] The Hardware Platform can be used for Hardware
INFO: [Vivado 12-4896] Successfully created Hardware Platform: /home/tomster12/files/EMBS/vivado/zybo_design_wrapper.xsa
open_hw_manager
connect_hw_server -url localhost:12345 -allow_non_jtag
INFO: [Labtools 27-2285] Connecting to hw_server url TCP:localhost:12345
INFO: [Labtools 27-3415] Connecting to cs_server url TCP:localhost:3042
INFO: [Labtools 27-3417] Launching cs_server...
INFO: [Labtools 27-2221] Launch Output:


******** Xilinx cs_server v2020.2
  ****** Build date   : Nov 03 2020-21:02:56
    **** Build number : 2020.2.1604437376
      ** Copyright 2017-2020 Xilinx, Inc. All Rights Reserved.



current_hw_target [get_hw_targets */xilinx_tcf/Digilent/210351A7809BA]
ERROR: [Labtoolstcl 44-199] No matching targets found on connected servers: localhost
Resolution: If needed connect the desired target to a server and use command refresh_hw_server. Then rerun the get_hw_targets command.
ERROR: [Common 17-39] 'get_hw_targets' failed due to earlier errors.
open_hw_target {localhost:12345/xilinx_tcf/Digilent/210351A7800AA}
INFO: [Labtoolstcl 44-466] Opening hw_target localhost:12345/xilinx_tcf/Digilent/210351A7800AA
open_hw_target: Time (s): cpu = 00:00:02 ; elapsed = 00:00:05 . Memory (MB): peak = 10832.984 ; gain = 972.344 ; free physical = 407 ; free virtual = 5628
set_property PROGRAM.FILE {/home/tomster12/files/EMBS/vivado/vivado.runs/impl_1/zybo_design_wrapper.bit} [get_hw_devices xc7z010_1]
current_hw_device [get_hw_devices xc7z010_1]
refresh_hw_device -update_hw_probes false [lindex [get_hw_devices xc7z010_1] 0]
INFO: [Labtools 27-1434] Device xc7z010 (JTAG device index = 1) is programmed with a design that has no supported debug core(s) in it.
set_property PROBES.FILE {} [get_hw_devices xc7z010_1]
set_property FULL_PROBES.FILE {} [get_hw_devices xc7z010_1]
set_property PROGRAM.FILE {/home/tomster12/files/EMBS/vivado/vivado.runs/impl_1/zybo_design_wrapper.bit} [get_hw_devices xc7z010_1]
program_hw_devices [get_hw_devices xc7z010_1]
INFO: [Labtools 27-3164] End of startup status: HIGH
refresh_hw_device [lindex [get_hw_devices xc7z010_1] 0]
INFO: [Labtools 27-1434] Device xc7z010 (JTAG device index = 1) is programmed with a design that has no supported debug core(s) in it.
ERROR: [Labtoolstcl 44-695] HW Server shut down, disconnecting from server: localhost:12345
